<?xml version="1.0" encoding="UTF-8"?>
<!-- Generated by org.testng.reporters.JUnitXMLReporter -->
<testsuite ignored="3" hostname="SSSLT025" failures="35" tests="618" name="Test" time="30061.353" errors="0" timestamp="2024-05-25T08:18:27 IST">
  <testcase classname="allPages.InstallerSetup" name="InstallerBtnClick" time="10.253"/>
  <testcase classname="allPages.InstallerSetup" name="TC01" time="17.389"/>
  <testcase classname="allPages.InstallerSetup" name="EnterAllDetails" time="17.45"/>
  <testcase classname="allPages.InstallerSetup" name="TC02" time="24.788"/>
  <testcase classname="allPages.InstallerSetup" name="TC03" time="21.161"/>
  <testcase classname="allPages.InstallerSetup" name="TC04" time="18.638"/>
  <testcase classname="allPages.InstallerSetup" name="TC06" time="9.824"/>
  <testcase classname="allPages.InstallerSetup" name="TC07" time="16.142"/>
  <testcase classname="allPages.InstallerSetup" name="TC08" time="20.934"/>
  <testcase classname="allPages.InstallerSetup" name="TC10" time="73.593">
    <skipped/>
  </testcase> <!-- TC10 -->
  <testcase classname="allPages.InstallerSetup" name="TC10" time="28.368"/>
  <testcase classname="allPages.InstallerSetup" name="TC09" time="36.92"/>
  <testcase classname="allPages.InstallerSetup" name="TC11" time="16.018">
    <skipped/>
  </testcase> <!-- TC11 -->
  <testcase classname="allPages.InstallerSetup" name="TC11" time="16.734">
    <skipped/>
  </testcase> <!-- TC11 -->
  <testcase classname="allPages.InstallerSetup" name="TC11" time="16.272"/>
  <testcase classname="allPages.InstallerSetup" name="TC14" time="72.777">
    <skipped/>
  </testcase> <!-- TC14 -->
  <testcase classname="allPages.InstallerSetup" name="TC14" time="18.542">
    <skipped/>
  </testcase> <!-- TC14 -->
  <testcase classname="allPages.InstallerSetup" name="TC14" time="75.18">
    <skipped/>
  </testcase> <!-- TC14 -->
  <testcase classname="allPages.InstallerSetup" name="TC14" time="19.071"/>
  <testcase classname="allPages.InstallerSetup" name="TC15" time="22.9"/>
  <testcase classname="allPages.InstallerSetup" name="TC16" time="24.838"/>
  <testcase classname="allPages.InstallerSetup" name="TC17" time="19.598"/>
  <testcase classname="allPages.InstallerSetup" name="TC18" time="16.246"/>
  <testcase classname="allPages.InstallerSetup" name="TC19" time="12.482"/>
  <testcase classname="allPages.InstallerSetup" name="TC20" time="13.37"/>
  <testcase classname="allPages.InstallerSetup" name="TC21" time="18.922"/>
  <testcase classname="allPages.InstallerSetup" name="TC22" time="17.149"/>
  <testcase classname="allPages.InstallerSetup" name="TC23" time="21.011"/>
  <testcase classname="allPages.InstallerSetup" name="TC25" time="15.265"/>
  <testcase classname="allPages.InstallerSetup" name="TC26" time="73.378">
    <skipped/>
  </testcase> <!-- TC26 -->
  <testcase classname="allPages.InstallerSetup" name="TC26" time="21.577"/>
  <testcase classname="allPages.InstallerSetup" name="TC27" time="71.758">
    <skipped/>
  </testcase> <!-- TC27 -->
  <testcase classname="allPages.InstallerSetup" name="TC27" time="20.451"/>
  <testcase classname="allPages.InstallerSetup" name="TC28" time="21.626"/>
  <testcase classname="allPages.InstallerSetup" name="TC29" time="25.413"/>
  <testcase classname="allPages.InstallerSetup" name="TC30" time="27.119"/>
  <testcase classname="allPages.InstallerSetup" name="TC31" time="17.368"/>
  <testcase classname="allPages.BankSetup" name="AuthorizedNetClick" time="9.197"/>
  <testcase classname="allPages.BankSetup" name="BankSetupClick" time="12.742"/>
  <testcase classname="allPages.BankSetup" name="EventLog" time="12.99"/>
  <testcase classname="allPages.BankSetup" name="ExceptionLog" time="9.995"/>
  <testcase classname="allPages.BankSetup" name="IPWhitelist" time="9.442"/>
  <testcase classname="allPages.BankSetup" name="UserLog" time="9.813"/>
  <testcase classname="allPages.BankSetup" name="TC01" time="20.883"/>
  <testcase classname="allPages.BankSetup" name="TC02" time="19.384"/>
  <testcase classname="allPages.BankSetup" name="TC03" time="16.391"/>
  <testcase classname="allPages.BankSetup" name="TC04" time="17.488"/>
  <testcase classname="allPages.BankSetup" name="TC05" time="36.399"/>
  <testcase classname="allPages.BankSetup" name="TC06" time="20.975"/>
  <testcase classname="allPages.BankSetup" name="TC07" time="20.291"/>
  <testcase classname="allPages.BankSetup" name="TC08" time="22.674"/>
  <testcase classname="allPages.BankSetup" name="TC09" time="15.303"/>
  <testcase classname="allPages.BankSetup" name="TC10" time="17.724"/>
  <testcase classname="allPages.BankSetup" name="TC11" time="23.001"/>
  <testcase classname="allPages.BankSetup" name="TC12" time="21.257"/>
  <testcase classname="allPages.BankSetup" name="TC13" time="20.906"/>
  <testcase classname="allPages.BankSetup" name="TC14" time="25.214"/>
  <testcase classname="allPages.BankSetup" name="TC15" time="12.086"/>
  <testcase classname="allPages.BankSetup" name="TC16" time="17.506"/>
  <testcase classname="allPages.BankSetup" name="TC17" time="14.589"/>
  <testcase classname="allPages.BankSetup" name="TC18" time="17.9"/>
  <testcase classname="allPages.BankSetup" name="TC19" time="14.867"/>
  <testcase classname="allPages.BankSetup" name="TC20" time="14.294"/>
  <testcase classname="allPages.BankSetup" name="TC21" time="12.554"/>
  <testcase classname="allPages.BankSetup" name="TC22" time="15.024"/>
  <testcase classname="allPages.BankSetup" name="TC23" time="18.642"/>
  <testcase classname="allPages.BankSetup" name="TC24" time="18.281"/>
  <testcase classname="allPages.BankSetup" name="TC25" time="16.044">
    <skipped/>
  </testcase> <!-- TC25 -->
  <testcase classname="allPages.BankSetup" name="TC25" time="12.256"/>
  <testcase classname="allPages.BankSetup" name="TC26" time="17.642"/>
  <testcase classname="allPages.BankSetup" name="TC27" time="12.65"/>
  <testcase classname="allPages.BankSetup" name="TC28" time="13.695"/>
  <testcase classname="allPages.BankSetup" name="TC29" time="60.501">
    <skipped/>
  </testcase> <!-- TC29 -->
  <testcase classname="allPages.BankSetup" name="TC29" time="17.364"/>
  <testcase classname="allPages.BankSetup" name="TC30" time="12.099"/>
  <testcase classname="allPages.BankSetup" name="TC31" time="16.251"/>
  <testcase classname="allPages.BankSetup" name="TC32" time="27.047"/>
  <testcase classname="allPages.BankSetup" name="TC33" time="11.052"/>
  <testcase classname="allPages.ViewUser" name="ViewUsersClick" time="7.611"/>
  <testcase classname="allPages.ViewUser" name="TC01" time="21.301"/>
  <testcase classname="allPages.ViewUser" name="TC02" time="16.875"/>
  <testcase classname="allPages.ViewUser" name="TC03" time="23.535"/>
  <testcase classname="allPages.ViewUser" name="TC04" time="12.17"/>
  <testcase classname="allPages.ViewUser" name="TC05" time="27.248"/>
  <testcase classname="allPages.ViewUser" name="TC06" time="20.027"/>
  <testcase classname="allPages.ViewUser" name="TC07" time="72.179">
    <skipped/>
  </testcase> <!-- TC07 -->
  <testcase classname="allPages.ViewUser" name="TC07" time="73.279">
    <skipped/>
  </testcase> <!-- TC07 -->
  <testcase classname="allPages.ViewUser" name="TC07" time="74.081">
    <skipped/>
  </testcase> <!-- TC07 -->
  <testcase classname="allPages.ViewUser" name="TC07" time="71.95">
    <skipped/>
  </testcase> <!-- TC07 -->
  <testcase classname="allPages.ViewUser" name="TC07" time="72.442">
    <skipped/>
  </testcase> <!-- TC07 -->
  <testcase classname="allPages.ViewUser" name="TC07" time="74.4">
    <failure type="org.openqa.selenium.NoSuchElementException" message="no such element: Unable to locate element: {&amp;quot;method&amp;quot;:&amp;quot;xpath&amp;quot;,&amp;quot;selector&amp;quot;:&amp;quot;//*[@id=&amp;quot;kt_table_users&amp;quot;]/tbody/tr[1]/td[8]/div/div/a/span&amp;quot;}
  (Session info: chrome=125.0.6422.76)
For documentation on this error, please visit: https://www.selenium.dev/documentation/webdriver/troubleshooting/errors#no-such-element-exception
Build info: version: &amp;apos;4.18.1&amp;apos;, revision: &amp;apos;b1d3319b48&amp;apos;
System info: os.name: &amp;apos;Windows 11&amp;apos;, os.arch: &amp;apos;amd64&amp;apos;, os.version: &amp;apos;10.0&amp;apos;, java.version: &amp;apos;21.0.2&amp;apos;
Driver info: org.openqa.selenium.chrome.ChromeDriver
Command: [f3a26b08de5dc54b2a21bd29692f3461, findElement {using=xpath, value=//*[@id=&amp;quot;kt_table_users&amp;quot;]/tbody/tr[1]/td[8]/div/div/a/span}]
Capabilities {acceptInsecureCerts: false, browserName: chrome, browserVersion: 125.0.6422.76, chrome: {chromedriverVersion: 125.0.6422.78 (14db42ec38ad..., userDataDir: C:\Users\THIRUM~1\AppData\L...}, fedcm:accounts: true, goog:chromeOptions: {debuggerAddress: localhost:56341}, networkConnectionEnabled: false, pageLoadStrategy: normal, platformName: windows, proxy: Proxy(), se:cdp: ws://localhost:56341/devtoo..., se:cdpVersion: 125.0.6422.76, setWindowRect: true, strictFileInteractability: false, timeouts: {implicit: 0, pageLoad: 300000, script: 30000}, unhandledPromptBehavior: dismiss and notify, webauthn:extension:credBlob: true, webauthn:extension:largeBlob: true, webauthn:extension:minPinLength: true, webauthn:extension:prf: true, webauthn:virtualAuthenticators: true}
Session ID: f3a26b08de5dc54b2a21bd29692f3461">
      <![CDATA[org.openqa.selenium.NoSuchElementException: no such element: Unable to locate element: {"method":"xpath","selector":"//*[@id="kt_table_users"]/tbody/tr[1]/td[8]/div/div/a/span"}
  (Session info: chrome=125.0.6422.76)
For documentation on this error, please visit: https://www.selenium.dev/documentation/webdriver/troubleshooting/errors#no-such-element-exception
Build info: version: '4.18.1', revision: 'b1d3319b48'
System info: os.name: 'Windows 11', os.arch: 'amd64', os.version: '10.0', java.version: '21.0.2'
Driver info: org.openqa.selenium.chrome.ChromeDriver
Command: [f3a26b08de5dc54b2a21bd29692f3461, findElement {using=xpath, value=//*[@id="kt_table_users"]/tbody/tr[1]/td[8]/div/div/a/span}]
Capabilities {acceptInsecureCerts: false, browserName: chrome, browserVersion: 125.0.6422.76, chrome: {chromedriverVersion: 125.0.6422.78 (14db42ec38ad..., userDataDir: C:\Users\THIRUM~1\AppData\L...}, fedcm:accounts: true, goog:chromeOptions: {debuggerAddress: localhost:56341}, networkConnectionEnabled: false, pageLoadStrategy: normal, platformName: windows, proxy: Proxy(), se:cdp: ws://localhost:56341/devtoo..., se:cdpVersion: 125.0.6422.76, setWindowRect: true, strictFileInteractability: false, timeouts: {implicit: 0, pageLoad: 300000, script: 30000}, unhandledPromptBehavior: dismiss and notify, webauthn:extension:credBlob: true, webauthn:extension:largeBlob: true, webauthn:extension:minPinLength: true, webauthn:extension:prf: true, webauthn:virtualAuthenticators: true}
Session ID: f3a26b08de5dc54b2a21bd29692f3461
at org.openqa.selenium.remote.ErrorCodec.decode(ErrorCodec.java:167)
at org.openqa.selenium.remote.codec.w3c.W3CHttpResponseCodec.decode(W3CHttpResponseCodec.java:138)
at org.openqa.selenium.remote.codec.w3c.W3CHttpResponseCodec.decode(W3CHttpResponseCodec.java:50)
at org.openqa.selenium.remote.HttpCommandExecutor.execute(HttpCommandExecutor.java:190)
at org.openqa.selenium.remote.service.DriverCommandExecutor.invokeExecute(DriverCommandExecutor.java:216)
at org.openqa.selenium.remote.service.DriverCommandExecutor.execute(DriverCommandExecutor.java:174)
at org.openqa.selenium.remote.RemoteWebDriver.execute(RemoteWebDriver.java:519)
at org.openqa.selenium.remote.ElementLocation$ElementFinder$2.findElement(ElementLocation.java:165)
at org.openqa.selenium.remote.ElementLocation.findElement(ElementLocation.java:59)
at org.openqa.selenium.remote.RemoteWebDriver.findElement(RemoteWebDriver.java:356)
at org.openqa.selenium.remote.RemoteWebDriver.findElement(RemoteWebDriver.java:350)
at allPages.ViewUser.TC07(ViewUser.java:270)
at java.base/java.util.ArrayList.forEach(ArrayList.java:1596)
... Removed 28 stack frames]]>
    </failure>
  </testcase> <!-- TC07 -->
  <testcase classname="allPages.ViewUser" name="TC36" time="71.113">
    <skipped/>
  </testcase> <!-- TC36 -->
  <testcase classname="allPages.ViewUser" name="TC36" time="74.044">
    <skipped/>
  </testcase> <!-- TC36 -->
  <testcase classname="allPages.ViewUser" name="TC36" time="75.705">
    <skipped/>
  </testcase> <!-- TC36 -->
  <testcase classname="allPages.ViewUser" name="TC36" time="72.865">
    <skipped/>
  </testcase> <!-- TC36 -->
  <testcase classname="allPages.ViewUser" name="TC36" time="72.332">
    <skipped/>
  </testcase> <!-- TC36 -->
  <testcase classname="allPages.ViewUser" name="TC36" time="74.984">
    <failure type="org.openqa.selenium.NoSuchElementException" message="no such element: Unable to locate element: {&amp;quot;method&amp;quot;:&amp;quot;xpath&amp;quot;,&amp;quot;selector&amp;quot;:&amp;quot;//*[@id=&amp;quot;kt_table_users&amp;quot;]/tbody/tr[1]/td[8]/div/div/a/span&amp;quot;}
  (Session info: chrome=125.0.6422.76)
For documentation on this error, please visit: https://www.selenium.dev/documentation/webdriver/troubleshooting/errors#no-such-element-exception
Build info: version: &amp;apos;4.18.1&amp;apos;, revision: &amp;apos;b1d3319b48&amp;apos;
System info: os.name: &amp;apos;Windows 11&amp;apos;, os.arch: &amp;apos;amd64&amp;apos;, os.version: &amp;apos;10.0&amp;apos;, java.version: &amp;apos;21.0.2&amp;apos;
Driver info: org.openqa.selenium.chrome.ChromeDriver
Command: [3739a68ab1e1c4287355d6e96319d055, findElement {using=xpath, value=//*[@id=&amp;quot;kt_table_users&amp;quot;]/tbody/tr[1]/td[8]/div/div/a/span}]
Capabilities {acceptInsecureCerts: false, browserName: chrome, browserVersion: 125.0.6422.76, chrome: {chromedriverVersion: 125.0.6422.78 (14db42ec38ad..., userDataDir: C:\Users\THIRUM~1\AppData\L...}, fedcm:accounts: true, goog:chromeOptions: {debuggerAddress: localhost:56899}, networkConnectionEnabled: false, pageLoadStrategy: normal, platformName: windows, proxy: Proxy(), se:cdp: ws://localhost:56899/devtoo..., se:cdpVersion: 125.0.6422.76, setWindowRect: true, strictFileInteractability: false, timeouts: {implicit: 0, pageLoad: 300000, script: 30000}, unhandledPromptBehavior: dismiss and notify, webauthn:extension:credBlob: true, webauthn:extension:largeBlob: true, webauthn:extension:minPinLength: true, webauthn:extension:prf: true, webauthn:virtualAuthenticators: true}
Session ID: 3739a68ab1e1c4287355d6e96319d055">
      <![CDATA[org.openqa.selenium.NoSuchElementException: no such element: Unable to locate element: {"method":"xpath","selector":"//*[@id="kt_table_users"]/tbody/tr[1]/td[8]/div/div/a/span"}
  (Session info: chrome=125.0.6422.76)
For documentation on this error, please visit: https://www.selenium.dev/documentation/webdriver/troubleshooting/errors#no-such-element-exception
Build info: version: '4.18.1', revision: 'b1d3319b48'
System info: os.name: 'Windows 11', os.arch: 'amd64', os.version: '10.0', java.version: '21.0.2'
Driver info: org.openqa.selenium.chrome.ChromeDriver
Command: [3739a68ab1e1c4287355d6e96319d055, findElement {using=xpath, value=//*[@id="kt_table_users"]/tbody/tr[1]/td[8]/div/div/a/span}]
Capabilities {acceptInsecureCerts: false, browserName: chrome, browserVersion: 125.0.6422.76, chrome: {chromedriverVersion: 125.0.6422.78 (14db42ec38ad..., userDataDir: C:\Users\THIRUM~1\AppData\L...}, fedcm:accounts: true, goog:chromeOptions: {debuggerAddress: localhost:56899}, networkConnectionEnabled: false, pageLoadStrategy: normal, platformName: windows, proxy: Proxy(), se:cdp: ws://localhost:56899/devtoo..., se:cdpVersion: 125.0.6422.76, setWindowRect: true, strictFileInteractability: false, timeouts: {implicit: 0, pageLoad: 300000, script: 30000}, unhandledPromptBehavior: dismiss and notify, webauthn:extension:credBlob: true, webauthn:extension:largeBlob: true, webauthn:extension:minPinLength: true, webauthn:extension:prf: true, webauthn:virtualAuthenticators: true}
Session ID: 3739a68ab1e1c4287355d6e96319d055
at org.openqa.selenium.remote.ErrorCodec.decode(ErrorCodec.java:167)
at org.openqa.selenium.remote.codec.w3c.W3CHttpResponseCodec.decode(W3CHttpResponseCodec.java:138)
at org.openqa.selenium.remote.codec.w3c.W3CHttpResponseCodec.decode(W3CHttpResponseCodec.java:50)
at org.openqa.selenium.remote.HttpCommandExecutor.execute(HttpCommandExecutor.java:190)
at org.openqa.selenium.remote.service.DriverCommandExecutor.invokeExecute(DriverCommandExecutor.java:216)
at org.openqa.selenium.remote.service.DriverCommandExecutor.execute(DriverCommandExecutor.java:174)
at org.openqa.selenium.remote.RemoteWebDriver.execute(RemoteWebDriver.java:519)
at org.openqa.selenium.remote.ElementLocation$ElementFinder$2.findElement(ElementLocation.java:165)
at org.openqa.selenium.remote.ElementLocation.findElement(ElementLocation.java:59)
at org.openqa.selenium.remote.RemoteWebDriver.findElement(RemoteWebDriver.java:356)
at org.openqa.selenium.remote.RemoteWebDriver.findElement(RemoteWebDriver.java:350)
at allPages.ViewUser.TC36(ViewUser.java:298)
at java.base/java.util.ArrayList.forEach(ArrayList.java:1596)
... Removed 28 stack frames]]>
    </failure>
  </testcase> <!-- TC36 -->
  <testcase classname="allPages.ViewUser" name="TC08" time="0.401"/>
  <testcase classname="allPages.ViewUser" name="TC09" time="73.603">
    <skipped/>
  </testcase> <!-- TC09 -->
  <testcase classname="allPages.ViewUser" name="TC09" time="73.302">
    <skipped/>
  </testcase> <!-- TC09 -->
  <testcase classname="allPages.ViewUser" name="TC09" time="22.187"/>
  <testcase classname="allPages.ViewUser" name="TC10" time="0.421"/>
  <testcase classname="allPages.ViewUser" name="TC11" time="12.399"/>
  <testcase classname="allPages.ViewUser" name="TC12" time="13.397"/>
  <testcase classname="allPages.ViewUser" name="TC13" time="0.359"/>
  <testcase classname="allPages.ViewUser" name="TC14" time="15.659"/>
  <testcase classname="allPages.ViewUser" name="TC15" time="23.812"/>
  <testcase classname="allPages.ViewUser" name="TC16" time="2.574"/>
  <testcase classname="allPages.ViewUser" name="TC17" time="15.153"/>
  <testcase classname="allPages.ViewUser" name="TC18" time="15.722"/>
  <testcase classname="allPages.ViewUser" name="TC19" time="25.185"/>
  <testcase classname="allPages.ViewUser" name="TC20" time="25.219">
    <skipped/>
  </testcase> <!-- TC20 -->
  <testcase classname="allPages.ViewUser" name="TC20" time="35.671"/>
  <testcase classname="allPages.ViewUser" name="TC21" time="12.194"/>
  <testcase classname="allPages.ViewUser" name="TC22" time="39.248"/>
  <testcase classname="allPages.ViewUser" name="TC24" time="72.543">
    <skipped/>
  </testcase> <!-- TC24 -->
  <testcase classname="allPages.ViewUser" name="TC24" time="71.915">
    <skipped/>
  </testcase> <!-- TC24 -->
  <testcase classname="allPages.ViewUser" name="TC24" time="72.739">
    <skipped/>
  </testcase> <!-- TC24 -->
  <testcase classname="allPages.ViewUser" name="TC24" time="72.83">
    <skipped/>
  </testcase> <!-- TC24 -->
  <testcase classname="allPages.ViewUser" name="TC24" time="71.28">
    <skipped/>
  </testcase> <!-- TC24 -->
  <testcase classname="allPages.ViewUser" name="TC24" time="71.941">
    <failure type="org.openqa.selenium.NoSuchElementException" message="no such element: Unable to locate element: {&amp;quot;method&amp;quot;:&amp;quot;xpath&amp;quot;,&amp;quot;selector&amp;quot;:&amp;quot;//*[@id=&amp;quot;kt_table_users&amp;quot;]/tbody/tr[1]/td[8]/div/div/a/span&amp;quot;}
  (Session info: chrome=125.0.6422.76)
For documentation on this error, please visit: https://www.selenium.dev/documentation/webdriver/troubleshooting/errors#no-such-element-exception
Build info: version: &amp;apos;4.18.1&amp;apos;, revision: &amp;apos;b1d3319b48&amp;apos;
System info: os.name: &amp;apos;Windows 11&amp;apos;, os.arch: &amp;apos;amd64&amp;apos;, os.version: &amp;apos;10.0&amp;apos;, java.version: &amp;apos;21.0.2&amp;apos;
Driver info: org.openqa.selenium.chrome.ChromeDriver
Command: [46b3361ca172680c5d020bcdde5a9383, findElement {using=xpath, value=//*[@id=&amp;quot;kt_table_users&amp;quot;]/tbody/tr[1]/td[8]/div/div/a/span}]
Capabilities {acceptInsecureCerts: false, browserName: chrome, browserVersion: 125.0.6422.76, chrome: {chromedriverVersion: 125.0.6422.78 (14db42ec38ad..., userDataDir: C:\Users\THIRUM~1\AppData\L...}, fedcm:accounts: true, goog:chromeOptions: {debuggerAddress: localhost:58714}, networkConnectionEnabled: false, pageLoadStrategy: normal, platformName: windows, proxy: Proxy(), se:cdp: ws://localhost:58714/devtoo..., se:cdpVersion: 125.0.6422.76, setWindowRect: true, strictFileInteractability: false, timeouts: {implicit: 0, pageLoad: 300000, script: 30000}, unhandledPromptBehavior: dismiss and notify, webauthn:extension:credBlob: true, webauthn:extension:largeBlob: true, webauthn:extension:minPinLength: true, webauthn:extension:prf: true, webauthn:virtualAuthenticators: true}
Session ID: 46b3361ca172680c5d020bcdde5a9383">
      <![CDATA[org.openqa.selenium.NoSuchElementException: no such element: Unable to locate element: {"method":"xpath","selector":"//*[@id="kt_table_users"]/tbody/tr[1]/td[8]/div/div/a/span"}
  (Session info: chrome=125.0.6422.76)
For documentation on this error, please visit: https://www.selenium.dev/documentation/webdriver/troubleshooting/errors#no-such-element-exception
Build info: version: '4.18.1', revision: 'b1d3319b48'
System info: os.name: 'Windows 11', os.arch: 'amd64', os.version: '10.0', java.version: '21.0.2'
Driver info: org.openqa.selenium.chrome.ChromeDriver
Command: [46b3361ca172680c5d020bcdde5a9383, findElement {using=xpath, value=//*[@id="kt_table_users"]/tbody/tr[1]/td[8]/div/div/a/span}]
Capabilities {acceptInsecureCerts: false, browserName: chrome, browserVersion: 125.0.6422.76, chrome: {chromedriverVersion: 125.0.6422.78 (14db42ec38ad..., userDataDir: C:\Users\THIRUM~1\AppData\L...}, fedcm:accounts: true, goog:chromeOptions: {debuggerAddress: localhost:58714}, networkConnectionEnabled: false, pageLoadStrategy: normal, platformName: windows, proxy: Proxy(), se:cdp: ws://localhost:58714/devtoo..., se:cdpVersion: 125.0.6422.76, setWindowRect: true, strictFileInteractability: false, timeouts: {implicit: 0, pageLoad: 300000, script: 30000}, unhandledPromptBehavior: dismiss and notify, webauthn:extension:credBlob: true, webauthn:extension:largeBlob: true, webauthn:extension:minPinLength: true, webauthn:extension:prf: true, webauthn:virtualAuthenticators: true}
Session ID: 46b3361ca172680c5d020bcdde5a9383
at org.openqa.selenium.remote.ErrorCodec.decode(ErrorCodec.java:167)
at org.openqa.selenium.remote.codec.w3c.W3CHttpResponseCodec.decode(W3CHttpResponseCodec.java:138)
at org.openqa.selenium.remote.codec.w3c.W3CHttpResponseCodec.decode(W3CHttpResponseCodec.java:50)
at org.openqa.selenium.remote.HttpCommandExecutor.execute(HttpCommandExecutor.java:190)
at org.openqa.selenium.remote.service.DriverCommandExecutor.invokeExecute(DriverCommandExecutor.java:216)
at org.openqa.selenium.remote.service.DriverCommandExecutor.execute(DriverCommandExecutor.java:174)
at org.openqa.selenium.remote.RemoteWebDriver.execute(RemoteWebDriver.java:519)
at org.openqa.selenium.remote.ElementLocation$ElementFinder$2.findElement(ElementLocation.java:165)
at org.openqa.selenium.remote.ElementLocation.findElement(ElementLocation.java:59)
at org.openqa.selenium.remote.RemoteWebDriver.findElement(RemoteWebDriver.java:356)
at org.openqa.selenium.remote.RemoteWebDriver.findElement(RemoteWebDriver.java:350)
at allPages.ViewUser.TC24(ViewUser.java:669)
at java.base/java.util.ArrayList.forEach(ArrayList.java:1596)
... Removed 28 stack frames]]>
    </failure>
  </testcase> <!-- TC24 -->
  <testcase classname="allPages.ViewUser" name="TC25" time="0.676"/>
  <testcase classname="allPages.ViewUser" name="TC26" time="13.425">
    <skipped/>
  </testcase> <!-- TC26 -->
  <testcase classname="allPages.ViewUser" name="TC26" time="10.695"/>
  <testcase classname="allPages.ViewUser" name="TC27" time="70.163">
    <skipped/>
  </testcase> <!-- TC27 -->
  <testcase classname="allPages.ViewUser" name="TC27" time="70.757">
    <skipped/>
  </testcase> <!-- TC27 -->
  <testcase classname="allPages.ViewUser" name="TC27" time="72.699">
    <skipped/>
  </testcase> <!-- TC27 -->
  <testcase classname="allPages.ViewUser" name="TC27" time="24.033"/>
  <testcase classname="allPages.ViewUser" name="TC29" time="22.696"/>
  <testcase classname="allPages.ViewUser" name="TC30" time="72.605">
    <skipped/>
  </testcase> <!-- TC30 -->
  <testcase classname="allPages.ViewUser" name="TC30" time="78.201">
    <skipped/>
  </testcase> <!-- TC30 -->
  <testcase classname="allPages.ViewUser" name="TC30" time="71.751">
    <skipped/>
  </testcase> <!-- TC30 -->
  <testcase classname="allPages.ViewUser" name="TC30" time="72.859">
    <skipped/>
  </testcase> <!-- TC30 -->
  <testcase classname="allPages.ViewUser" name="TC30" time="71.687">
    <skipped/>
  </testcase> <!-- TC30 -->
  <testcase classname="allPages.ViewUser" name="TC30" time="71.642">
    <failure type="org.openqa.selenium.NoSuchElementException" message="no such element: Unable to locate element: {&amp;quot;method&amp;quot;:&amp;quot;xpath&amp;quot;,&amp;quot;selector&amp;quot;:&amp;quot;//*[@id=&amp;quot;kt_table_users&amp;quot;]/tbody/tr[1]/td[8]/div/div/a/span&amp;quot;}
  (Session info: chrome=125.0.6422.76)
For documentation on this error, please visit: https://www.selenium.dev/documentation/webdriver/troubleshooting/errors#no-such-element-exception
Build info: version: &amp;apos;4.18.1&amp;apos;, revision: &amp;apos;b1d3319b48&amp;apos;
System info: os.name: &amp;apos;Windows 11&amp;apos;, os.arch: &amp;apos;amd64&amp;apos;, os.version: &amp;apos;10.0&amp;apos;, java.version: &amp;apos;21.0.2&amp;apos;
Driver info: org.openqa.selenium.chrome.ChromeDriver
Command: [ebd59fb4630ab362d7dabaaee6c7083c, findElement {using=xpath, value=//*[@id=&amp;quot;kt_table_users&amp;quot;]/tbody/tr[1]/td[8]/div/div/a/span}]
Capabilities {acceptInsecureCerts: false, browserName: chrome, browserVersion: 125.0.6422.76, chrome: {chromedriverVersion: 125.0.6422.78 (14db42ec38ad..., userDataDir: C:\Users\THIRUM~1\AppData\L...}, fedcm:accounts: true, goog:chromeOptions: {debuggerAddress: localhost:60421}, networkConnectionEnabled: false, pageLoadStrategy: normal, platformName: windows, proxy: Proxy(), se:cdp: ws://localhost:60421/devtoo..., se:cdpVersion: 125.0.6422.76, setWindowRect: true, strictFileInteractability: false, timeouts: {implicit: 0, pageLoad: 300000, script: 30000}, unhandledPromptBehavior: dismiss and notify, webauthn:extension:credBlob: true, webauthn:extension:largeBlob: true, webauthn:extension:minPinLength: true, webauthn:extension:prf: true, webauthn:virtualAuthenticators: true}
Session ID: ebd59fb4630ab362d7dabaaee6c7083c">
      <![CDATA[org.openqa.selenium.NoSuchElementException: no such element: Unable to locate element: {"method":"xpath","selector":"//*[@id="kt_table_users"]/tbody/tr[1]/td[8]/div/div/a/span"}
  (Session info: chrome=125.0.6422.76)
For documentation on this error, please visit: https://www.selenium.dev/documentation/webdriver/troubleshooting/errors#no-such-element-exception
Build info: version: '4.18.1', revision: 'b1d3319b48'
System info: os.name: 'Windows 11', os.arch: 'amd64', os.version: '10.0', java.version: '21.0.2'
Driver info: org.openqa.selenium.chrome.ChromeDriver
Command: [ebd59fb4630ab362d7dabaaee6c7083c, findElement {using=xpath, value=//*[@id="kt_table_users"]/tbody/tr[1]/td[8]/div/div/a/span}]
Capabilities {acceptInsecureCerts: false, browserName: chrome, browserVersion: 125.0.6422.76, chrome: {chromedriverVersion: 125.0.6422.78 (14db42ec38ad..., userDataDir: C:\Users\THIRUM~1\AppData\L...}, fedcm:accounts: true, goog:chromeOptions: {debuggerAddress: localhost:60421}, networkConnectionEnabled: false, pageLoadStrategy: normal, platformName: windows, proxy: Proxy(), se:cdp: ws://localhost:60421/devtoo..., se:cdpVersion: 125.0.6422.76, setWindowRect: true, strictFileInteractability: false, timeouts: {implicit: 0, pageLoad: 300000, script: 30000}, unhandledPromptBehavior: dismiss and notify, webauthn:extension:credBlob: true, webauthn:extension:largeBlob: true, webauthn:extension:minPinLength: true, webauthn:extension:prf: true, webauthn:virtualAuthenticators: true}
Session ID: ebd59fb4630ab362d7dabaaee6c7083c
at org.openqa.selenium.remote.ErrorCodec.decode(ErrorCodec.java:167)
at org.openqa.selenium.remote.codec.w3c.W3CHttpResponseCodec.decode(W3CHttpResponseCodec.java:138)
at org.openqa.selenium.remote.codec.w3c.W3CHttpResponseCodec.decode(W3CHttpResponseCodec.java:50)
at org.openqa.selenium.remote.HttpCommandExecutor.execute(HttpCommandExecutor.java:190)
at org.openqa.selenium.remote.service.DriverCommandExecutor.invokeExecute(DriverCommandExecutor.java:216)
at org.openqa.selenium.remote.service.DriverCommandExecutor.execute(DriverCommandExecutor.java:174)
at org.openqa.selenium.remote.RemoteWebDriver.execute(RemoteWebDriver.java:519)
at org.openqa.selenium.remote.ElementLocation$ElementFinder$2.findElement(ElementLocation.java:165)
at org.openqa.selenium.remote.ElementLocation.findElement(ElementLocation.java:59)
at org.openqa.selenium.remote.RemoteWebDriver.findElement(RemoteWebDriver.java:356)
at org.openqa.selenium.remote.RemoteWebDriver.findElement(RemoteWebDriver.java:350)
at allPages.ViewUser.TC30(ViewUser.java:782)
at java.base/java.util.ArrayList.forEach(ArrayList.java:1596)
... Removed 28 stack frames]]>
    </failure>
  </testcase> <!-- TC30 -->
  <testcase classname="allPages.ViewUser" name="TC31" time="17.528"/>
  <testcase classname="allPages.ViewUser" name="TC32" time="20.086"/>
  <testcase classname="allPages.ViewUser" name="TC33" time="14.431"/>
  <testcase classname="allPages.ViewUser" name="TC34" time="72.793">
    <skipped/>
  </testcase> <!-- TC34 -->
  <testcase classname="allPages.ViewUser" name="TC34" time="73.02">
    <skipped/>
  </testcase> <!-- TC34 -->
  <testcase classname="allPages.ViewUser" name="TC34" time="72.083">
    <skipped/>
  </testcase> <!-- TC34 -->
  <testcase classname="allPages.ViewUser" name="TC34" time="71.519">
    <skipped/>
  </testcase> <!-- TC34 -->
  <testcase classname="allPages.ViewUser" name="TC34" time="72.147">
    <skipped/>
  </testcase> <!-- TC34 -->
  <testcase classname="allPages.ViewUser" name="TC34" time="71.498">
    <failure type="org.openqa.selenium.NoSuchElementException" message="no such element: Unable to locate element: {&amp;quot;method&amp;quot;:&amp;quot;xpath&amp;quot;,&amp;quot;selector&amp;quot;:&amp;quot;//*[@id=&amp;quot;kt_table_users&amp;quot;]/tbody/tr[1]/td[8]/div/div/a/span&amp;quot;}
  (Session info: chrome=125.0.6422.76)
For documentation on this error, please visit: https://www.selenium.dev/documentation/webdriver/troubleshooting/errors#no-such-element-exception
Build info: version: &amp;apos;4.18.1&amp;apos;, revision: &amp;apos;b1d3319b48&amp;apos;
System info: os.name: &amp;apos;Windows 11&amp;apos;, os.arch: &amp;apos;amd64&amp;apos;, os.version: &amp;apos;10.0&amp;apos;, java.version: &amp;apos;21.0.2&amp;apos;
Driver info: org.openqa.selenium.chrome.ChromeDriver
Command: [66a4ed7744e4290e1cfec97477fcad7c, findElement {using=xpath, value=//*[@id=&amp;quot;kt_table_users&amp;quot;]/tbody/tr[1]/td[8]/div/div/a/span}]
Capabilities {acceptInsecureCerts: false, browserName: chrome, browserVersion: 125.0.6422.76, chrome: {chromedriverVersion: 125.0.6422.78 (14db42ec38ad..., userDataDir: C:\Users\THIRUM~1\AppData\L...}, fedcm:accounts: true, goog:chromeOptions: {debuggerAddress: localhost:61251}, networkConnectionEnabled: false, pageLoadStrategy: normal, platformName: windows, proxy: Proxy(), se:cdp: ws://localhost:61251/devtoo..., se:cdpVersion: 125.0.6422.76, setWindowRect: true, strictFileInteractability: false, timeouts: {implicit: 0, pageLoad: 300000, script: 30000}, unhandledPromptBehavior: dismiss and notify, webauthn:extension:credBlob: true, webauthn:extension:largeBlob: true, webauthn:extension:minPinLength: true, webauthn:extension:prf: true, webauthn:virtualAuthenticators: true}
Session ID: 66a4ed7744e4290e1cfec97477fcad7c">
      <![CDATA[org.openqa.selenium.NoSuchElementException: no such element: Unable to locate element: {"method":"xpath","selector":"//*[@id="kt_table_users"]/tbody/tr[1]/td[8]/div/div/a/span"}
  (Session info: chrome=125.0.6422.76)
For documentation on this error, please visit: https://www.selenium.dev/documentation/webdriver/troubleshooting/errors#no-such-element-exception
Build info: version: '4.18.1', revision: 'b1d3319b48'
System info: os.name: 'Windows 11', os.arch: 'amd64', os.version: '10.0', java.version: '21.0.2'
Driver info: org.openqa.selenium.chrome.ChromeDriver
Command: [66a4ed7744e4290e1cfec97477fcad7c, findElement {using=xpath, value=//*[@id="kt_table_users"]/tbody/tr[1]/td[8]/div/div/a/span}]
Capabilities {acceptInsecureCerts: false, browserName: chrome, browserVersion: 125.0.6422.76, chrome: {chromedriverVersion: 125.0.6422.78 (14db42ec38ad..., userDataDir: C:\Users\THIRUM~1\AppData\L...}, fedcm:accounts: true, goog:chromeOptions: {debuggerAddress: localhost:61251}, networkConnectionEnabled: false, pageLoadStrategy: normal, platformName: windows, proxy: Proxy(), se:cdp: ws://localhost:61251/devtoo..., se:cdpVersion: 125.0.6422.76, setWindowRect: true, strictFileInteractability: false, timeouts: {implicit: 0, pageLoad: 300000, script: 30000}, unhandledPromptBehavior: dismiss and notify, webauthn:extension:credBlob: true, webauthn:extension:largeBlob: true, webauthn:extension:minPinLength: true, webauthn:extension:prf: true, webauthn:virtualAuthenticators: true}
Session ID: 66a4ed7744e4290e1cfec97477fcad7c
at org.openqa.selenium.remote.ErrorCodec.decode(ErrorCodec.java:167)
at org.openqa.selenium.remote.codec.w3c.W3CHttpResponseCodec.decode(W3CHttpResponseCodec.java:138)
at org.openqa.selenium.remote.codec.w3c.W3CHttpResponseCodec.decode(W3CHttpResponseCodec.java:50)
at org.openqa.selenium.remote.HttpCommandExecutor.execute(HttpCommandExecutor.java:190)
at org.openqa.selenium.remote.service.DriverCommandExecutor.invokeExecute(DriverCommandExecutor.java:216)
at org.openqa.selenium.remote.service.DriverCommandExecutor.execute(DriverCommandExecutor.java:174)
at org.openqa.selenium.remote.RemoteWebDriver.execute(RemoteWebDriver.java:519)
at org.openqa.selenium.remote.ElementLocation$ElementFinder$2.findElement(ElementLocation.java:165)
at org.openqa.selenium.remote.ElementLocation.findElement(ElementLocation.java:59)
at org.openqa.selenium.remote.RemoteWebDriver.findElement(RemoteWebDriver.java:356)
at org.openqa.selenium.remote.RemoteWebDriver.findElement(RemoteWebDriver.java:350)
at allPages.ViewUser.TC34(ViewUser.java:886)
at java.base/java.util.ArrayList.forEach(ArrayList.java:1596)
... Removed 28 stack frames]]>
    </failure>
  </testcase> <!-- TC34 -->
  <testcase classname="allPages.ViewUser" name="TC35" time="73.253">
    <skipped/>
  </testcase> <!-- TC35 -->
  <testcase classname="allPages.ViewUser" name="TC35" time="72.564">
    <skipped/>
  </testcase> <!-- TC35 -->
  <testcase classname="allPages.ViewUser" name="TC35" time="71.315">
    <skipped/>
  </testcase> <!-- TC35 -->
  <testcase classname="allPages.ViewUser" name="TC35" time="71.733">
    <skipped/>
  </testcase> <!-- TC35 -->
  <testcase classname="allPages.ViewUser" name="TC35" time="70.965">
    <skipped/>
  </testcase> <!-- TC35 -->
  <testcase classname="allPages.ViewUser" name="TC35" time="72.103">
    <failure type="org.openqa.selenium.NoSuchElementException" message="no such element: Unable to locate element: {&amp;quot;method&amp;quot;:&amp;quot;xpath&amp;quot;,&amp;quot;selector&amp;quot;:&amp;quot;//*[@id=&amp;quot;kt_table_users&amp;quot;]/tbody/tr[1]/td[8]/div/div/a/span&amp;quot;}
  (Session info: chrome=125.0.6422.76)
For documentation on this error, please visit: https://www.selenium.dev/documentation/webdriver/troubleshooting/errors#no-such-element-exception
Build info: version: &amp;apos;4.18.1&amp;apos;, revision: &amp;apos;b1d3319b48&amp;apos;
System info: os.name: &amp;apos;Windows 11&amp;apos;, os.arch: &amp;apos;amd64&amp;apos;, os.version: &amp;apos;10.0&amp;apos;, java.version: &amp;apos;21.0.2&amp;apos;
Driver info: org.openqa.selenium.chrome.ChromeDriver
Command: [5a8467539ff1107ba55ffcd799d4f05e, findElement {using=xpath, value=//*[@id=&amp;quot;kt_table_users&amp;quot;]/tbody/tr[1]/td[8]/div/div/a/span}]
Capabilities {acceptInsecureCerts: false, browserName: chrome, browserVersion: 125.0.6422.76, chrome: {chromedriverVersion: 125.0.6422.78 (14db42ec38ad..., userDataDir: C:\Users\THIRUM~1\AppData\L...}, fedcm:accounts: true, goog:chromeOptions: {debuggerAddress: localhost:62048}, networkConnectionEnabled: false, pageLoadStrategy: normal, platformName: windows, proxy: Proxy(), se:cdp: ws://localhost:62048/devtoo..., se:cdpVersion: 125.0.6422.76, setWindowRect: true, strictFileInteractability: false, timeouts: {implicit: 0, pageLoad: 300000, script: 30000}, unhandledPromptBehavior: dismiss and notify, webauthn:extension:credBlob: true, webauthn:extension:largeBlob: true, webauthn:extension:minPinLength: true, webauthn:extension:prf: true, webauthn:virtualAuthenticators: true}
Session ID: 5a8467539ff1107ba55ffcd799d4f05e">
      <![CDATA[org.openqa.selenium.NoSuchElementException: no such element: Unable to locate element: {"method":"xpath","selector":"//*[@id="kt_table_users"]/tbody/tr[1]/td[8]/div/div/a/span"}
  (Session info: chrome=125.0.6422.76)
For documentation on this error, please visit: https://www.selenium.dev/documentation/webdriver/troubleshooting/errors#no-such-element-exception
Build info: version: '4.18.1', revision: 'b1d3319b48'
System info: os.name: 'Windows 11', os.arch: 'amd64', os.version: '10.0', java.version: '21.0.2'
Driver info: org.openqa.selenium.chrome.ChromeDriver
Command: [5a8467539ff1107ba55ffcd799d4f05e, findElement {using=xpath, value=//*[@id="kt_table_users"]/tbody/tr[1]/td[8]/div/div/a/span}]
Capabilities {acceptInsecureCerts: false, browserName: chrome, browserVersion: 125.0.6422.76, chrome: {chromedriverVersion: 125.0.6422.78 (14db42ec38ad..., userDataDir: C:\Users\THIRUM~1\AppData\L...}, fedcm:accounts: true, goog:chromeOptions: {debuggerAddress: localhost:62048}, networkConnectionEnabled: false, pageLoadStrategy: normal, platformName: windows, proxy: Proxy(), se:cdp: ws://localhost:62048/devtoo..., se:cdpVersion: 125.0.6422.76, setWindowRect: true, strictFileInteractability: false, timeouts: {implicit: 0, pageLoad: 300000, script: 30000}, unhandledPromptBehavior: dismiss and notify, webauthn:extension:credBlob: true, webauthn:extension:largeBlob: true, webauthn:extension:minPinLength: true, webauthn:extension:prf: true, webauthn:virtualAuthenticators: true}
Session ID: 5a8467539ff1107ba55ffcd799d4f05e
at org.openqa.selenium.remote.ErrorCodec.decode(ErrorCodec.java:167)
at org.openqa.selenium.remote.codec.w3c.W3CHttpResponseCodec.decode(W3CHttpResponseCodec.java:138)
at org.openqa.selenium.remote.codec.w3c.W3CHttpResponseCodec.decode(W3CHttpResponseCodec.java:50)
at org.openqa.selenium.remote.HttpCommandExecutor.execute(HttpCommandExecutor.java:190)
at org.openqa.selenium.remote.service.DriverCommandExecutor.invokeExecute(DriverCommandExecutor.java:216)
at org.openqa.selenium.remote.service.DriverCommandExecutor.execute(DriverCommandExecutor.java:174)
at org.openqa.selenium.remote.RemoteWebDriver.execute(RemoteWebDriver.java:519)
at org.openqa.selenium.remote.ElementLocation$ElementFinder$2.findElement(ElementLocation.java:165)
at org.openqa.selenium.remote.ElementLocation.findElement(ElementLocation.java:59)
at org.openqa.selenium.remote.RemoteWebDriver.findElement(RemoteWebDriver.java:356)
at org.openqa.selenium.remote.RemoteWebDriver.findElement(RemoteWebDriver.java:350)
at allPages.ViewUser.TC35(ViewUser.java:923)
at java.base/java.util.ArrayList.forEach(ArrayList.java:1596)
... Removed 28 stack frames]]>
    </failure>
  </testcase> <!-- TC35 -->
  <testcase classname="allPages.ViewUser" name="TC37" time="71.598">
    <skipped/>
  </testcase> <!-- TC37 -->
  <testcase classname="allPages.ViewUser" name="TC37" time="71.53">
    <skipped/>
  </testcase> <!-- TC37 -->
  <testcase classname="allPages.ViewUser" name="TC37" time="73.343">
    <skipped/>
  </testcase> <!-- TC37 -->
  <testcase classname="allPages.ViewUser" name="TC37" time="72.313">
    <skipped/>
  </testcase> <!-- TC37 -->
  <testcase classname="allPages.ViewUser" name="TC37" time="72.89">
    <skipped/>
  </testcase> <!-- TC37 -->
  <testcase classname="allPages.ViewUser" name="TC37" time="74.186">
    <failure type="org.openqa.selenium.NoSuchElementException" message="no such element: Unable to locate element: {&amp;quot;method&amp;quot;:&amp;quot;xpath&amp;quot;,&amp;quot;selector&amp;quot;:&amp;quot;//*[@id=&amp;quot;kt_table_users&amp;quot;]/tbody/tr[1]/td[8]/div/div/a/span&amp;quot;}
  (Session info: chrome=125.0.6422.76)
For documentation on this error, please visit: https://www.selenium.dev/documentation/webdriver/troubleshooting/errors#no-such-element-exception
Build info: version: &amp;apos;4.18.1&amp;apos;, revision: &amp;apos;b1d3319b48&amp;apos;
System info: os.name: &amp;apos;Windows 11&amp;apos;, os.arch: &amp;apos;amd64&amp;apos;, os.version: &amp;apos;10.0&amp;apos;, java.version: &amp;apos;21.0.2&amp;apos;
Driver info: org.openqa.selenium.chrome.ChromeDriver
Command: [0ea4622b2203a1a635c898dd727fc4c1, findElement {using=xpath, value=//*[@id=&amp;quot;kt_table_users&amp;quot;]/tbody/tr[1]/td[8]/div/div/a/span}]
Capabilities {acceptInsecureCerts: false, browserName: chrome, browserVersion: 125.0.6422.76, chrome: {chromedriverVersion: 125.0.6422.78 (14db42ec38ad..., userDataDir: C:\Users\THIRUM~1\AppData\L...}, fedcm:accounts: true, goog:chromeOptions: {debuggerAddress: localhost:62950}, networkConnectionEnabled: false, pageLoadStrategy: normal, platformName: windows, proxy: Proxy(), se:cdp: ws://localhost:62950/devtoo..., se:cdpVersion: 125.0.6422.76, setWindowRect: true, strictFileInteractability: false, timeouts: {implicit: 0, pageLoad: 300000, script: 30000}, unhandledPromptBehavior: dismiss and notify, webauthn:extension:credBlob: true, webauthn:extension:largeBlob: true, webauthn:extension:minPinLength: true, webauthn:extension:prf: true, webauthn:virtualAuthenticators: true}
Session ID: 0ea4622b2203a1a635c898dd727fc4c1">
      <![CDATA[org.openqa.selenium.NoSuchElementException: no such element: Unable to locate element: {"method":"xpath","selector":"//*[@id="kt_table_users"]/tbody/tr[1]/td[8]/div/div/a/span"}
  (Session info: chrome=125.0.6422.76)
For documentation on this error, please visit: https://www.selenium.dev/documentation/webdriver/troubleshooting/errors#no-such-element-exception
Build info: version: '4.18.1', revision: 'b1d3319b48'
System info: os.name: 'Windows 11', os.arch: 'amd64', os.version: '10.0', java.version: '21.0.2'
Driver info: org.openqa.selenium.chrome.ChromeDriver
Command: [0ea4622b2203a1a635c898dd727fc4c1, findElement {using=xpath, value=//*[@id="kt_table_users"]/tbody/tr[1]/td[8]/div/div/a/span}]
Capabilities {acceptInsecureCerts: false, browserName: chrome, browserVersion: 125.0.6422.76, chrome: {chromedriverVersion: 125.0.6422.78 (14db42ec38ad..., userDataDir: C:\Users\THIRUM~1\AppData\L...}, fedcm:accounts: true, goog:chromeOptions: {debuggerAddress: localhost:62950}, networkConnectionEnabled: false, pageLoadStrategy: normal, platformName: windows, proxy: Proxy(), se:cdp: ws://localhost:62950/devtoo..., se:cdpVersion: 125.0.6422.76, setWindowRect: true, strictFileInteractability: false, timeouts: {implicit: 0, pageLoad: 300000, script: 30000}, unhandledPromptBehavior: dismiss and notify, webauthn:extension:credBlob: true, webauthn:extension:largeBlob: true, webauthn:extension:minPinLength: true, webauthn:extension:prf: true, webauthn:virtualAuthenticators: true}
Session ID: 0ea4622b2203a1a635c898dd727fc4c1
at org.openqa.selenium.remote.ErrorCodec.decode(ErrorCodec.java:167)
at org.openqa.selenium.remote.codec.w3c.W3CHttpResponseCodec.decode(W3CHttpResponseCodec.java:138)
at org.openqa.selenium.remote.codec.w3c.W3CHttpResponseCodec.decode(W3CHttpResponseCodec.java:50)
at org.openqa.selenium.remote.HttpCommandExecutor.execute(HttpCommandExecutor.java:190)
at org.openqa.selenium.remote.service.DriverCommandExecutor.invokeExecute(DriverCommandExecutor.java:216)
at org.openqa.selenium.remote.service.DriverCommandExecutor.execute(DriverCommandExecutor.java:174)
at org.openqa.selenium.remote.RemoteWebDriver.execute(RemoteWebDriver.java:519)
at org.openqa.selenium.remote.ElementLocation$ElementFinder$2.findElement(ElementLocation.java:165)
at org.openqa.selenium.remote.ElementLocation.findElement(ElementLocation.java:59)
at org.openqa.selenium.remote.RemoteWebDriver.findElement(RemoteWebDriver.java:356)
at org.openqa.selenium.remote.RemoteWebDriver.findElement(RemoteWebDriver.java:350)
at allPages.ViewUser.TC37(ViewUser.java:959)
at java.base/java.util.ArrayList.forEach(ArrayList.java:1596)
... Removed 28 stack frames]]>
    </failure>
  </testcase> <!-- TC37 -->
  <testcase classname="allPages.AllReportModules" name="ACHTransactionBtn" time="7.729"/>
  <testcase classname="allPages.AllReportModules" name="ActivityReport" time="7.245"/>
  <testcase classname="allPages.AllReportModules" name="InvoiceLog" time="6.914"/>
  <testcase classname="allPages.AllReportModules" name="OSReportBtn" time="6.406"/>
  <testcase classname="allPages.AllReportModules" name="TapeReportBtn" time="6.444"/>
  <testcase classname="allPages.AllReportModules" name="TC01" time="10.554"/>
  <testcase classname="allPages.AllReportModules" name="TC02" time="11.049"/>
  <testcase classname="allPages.AllReportModules" name="TC03" time="16.844"/>
  <testcase classname="allPages.AllReportModules" name="TC04" time="73.66">
    <skipped/>
  </testcase> <!-- TC04 -->
  <testcase classname="allPages.AllReportModules" name="TC04" time="76.232">
    <skipped/>
  </testcase> <!-- TC04 -->
  <testcase classname="allPages.AllReportModules" name="TC04" time="74.27">
    <skipped/>
  </testcase> <!-- TC04 -->
  <testcase classname="allPages.AllReportModules" name="TC04" time="72.618">
    <skipped/>
  </testcase> <!-- TC04 -->
  <testcase classname="allPages.AllReportModules" name="TC04" time="72.973">
    <skipped/>
  </testcase> <!-- TC04 -->
  <testcase classname="allPages.AllReportModules" name="TC04" time="73.346">
    <failure type="org.openqa.selenium.NoSuchElementException" message="no such element: Unable to locate element: {&amp;quot;method&amp;quot;:&amp;quot;xpath&amp;quot;,&amp;quot;selector&amp;quot;:&amp;quot;//*[@id=&amp;quot;kt_body&amp;quot;]/div[2]/div/div[2]/div/div[2]/div[2]/div/div/textarea&amp;quot;}
  (Session info: chrome=125.0.6422.76)
For documentation on this error, please visit: https://www.selenium.dev/documentation/webdriver/troubleshooting/errors#no-such-element-exception
Build info: version: &amp;apos;4.18.1&amp;apos;, revision: &amp;apos;b1d3319b48&amp;apos;
System info: os.name: &amp;apos;Windows 11&amp;apos;, os.arch: &amp;apos;amd64&amp;apos;, os.version: &amp;apos;10.0&amp;apos;, java.version: &amp;apos;21.0.2&amp;apos;
Driver info: org.openqa.selenium.chrome.ChromeDriver
Command: [17442bbe9adfffbdcee48a3f1120bd89, findElement {using=xpath, value=//*[@id=&amp;quot;kt_body&amp;quot;]/div[2]/div/div[2]/div/div[2]/div[2]/div/div/textarea}]
Capabilities {acceptInsecureCerts: false, browserName: chrome, browserVersion: 125.0.6422.76, chrome: {chromedriverVersion: 125.0.6422.78 (14db42ec38ad..., userDataDir: C:\Users\THIRUM~1\AppData\L...}, fedcm:accounts: true, goog:chromeOptions: {debuggerAddress: localhost:63844}, networkConnectionEnabled: false, pageLoadStrategy: normal, platformName: windows, proxy: Proxy(), se:cdp: ws://localhost:63844/devtoo..., se:cdpVersion: 125.0.6422.76, setWindowRect: true, strictFileInteractability: false, timeouts: {implicit: 0, pageLoad: 300000, script: 30000}, unhandledPromptBehavior: dismiss and notify, webauthn:extension:credBlob: true, webauthn:extension:largeBlob: true, webauthn:extension:minPinLength: true, webauthn:extension:prf: true, webauthn:virtualAuthenticators: true}
Session ID: 17442bbe9adfffbdcee48a3f1120bd89">
      <![CDATA[org.openqa.selenium.NoSuchElementException: no such element: Unable to locate element: {"method":"xpath","selector":"//*[@id="kt_body"]/div[2]/div/div[2]/div/div[2]/div[2]/div/div/textarea"}
  (Session info: chrome=125.0.6422.76)
For documentation on this error, please visit: https://www.selenium.dev/documentation/webdriver/troubleshooting/errors#no-such-element-exception
Build info: version: '4.18.1', revision: 'b1d3319b48'
System info: os.name: 'Windows 11', os.arch: 'amd64', os.version: '10.0', java.version: '21.0.2'
Driver info: org.openqa.selenium.chrome.ChromeDriver
Command: [17442bbe9adfffbdcee48a3f1120bd89, findElement {using=xpath, value=//*[@id="kt_body"]/div[2]/div/div[2]/div/div[2]/div[2]/div/div/textarea}]
Capabilities {acceptInsecureCerts: false, browserName: chrome, browserVersion: 125.0.6422.76, chrome: {chromedriverVersion: 125.0.6422.78 (14db42ec38ad..., userDataDir: C:\Users\THIRUM~1\AppData\L...}, fedcm:accounts: true, goog:chromeOptions: {debuggerAddress: localhost:63844}, networkConnectionEnabled: false, pageLoadStrategy: normal, platformName: windows, proxy: Proxy(), se:cdp: ws://localhost:63844/devtoo..., se:cdpVersion: 125.0.6422.76, setWindowRect: true, strictFileInteractability: false, timeouts: {implicit: 0, pageLoad: 300000, script: 30000}, unhandledPromptBehavior: dismiss and notify, webauthn:extension:credBlob: true, webauthn:extension:largeBlob: true, webauthn:extension:minPinLength: true, webauthn:extension:prf: true, webauthn:virtualAuthenticators: true}
Session ID: 17442bbe9adfffbdcee48a3f1120bd89
at org.openqa.selenium.remote.ErrorCodec.decode(ErrorCodec.java:167)
at org.openqa.selenium.remote.codec.w3c.W3CHttpResponseCodec.decode(W3CHttpResponseCodec.java:138)
at org.openqa.selenium.remote.codec.w3c.W3CHttpResponseCodec.decode(W3CHttpResponseCodec.java:50)
at org.openqa.selenium.remote.HttpCommandExecutor.execute(HttpCommandExecutor.java:190)
at org.openqa.selenium.remote.service.DriverCommandExecutor.invokeExecute(DriverCommandExecutor.java:216)
at org.openqa.selenium.remote.service.DriverCommandExecutor.execute(DriverCommandExecutor.java:174)
at org.openqa.selenium.remote.RemoteWebDriver.execute(RemoteWebDriver.java:519)
at org.openqa.selenium.remote.ElementLocation$ElementFinder$2.findElement(ElementLocation.java:165)
at org.openqa.selenium.remote.ElementLocation.findElement(ElementLocation.java:59)
at org.openqa.selenium.remote.RemoteWebDriver.findElement(RemoteWebDriver.java:356)
at org.openqa.selenium.remote.RemoteWebDriver.findElement(RemoteWebDriver.java:350)
at allPages.AllReportModules.TC04(AllReportModules.java:196)
at java.base/java.util.ArrayList.forEach(ArrayList.java:1596)
... Removed 28 stack frames]]>
    </failure>
  </testcase> <!-- TC04 -->
  <testcase classname="allPages.AllReportModules" name="TC05" time="75.802">
    <skipped/>
  </testcase> <!-- TC05 -->
  <testcase classname="allPages.AllReportModules" name="TC05" time="76.044">
    <skipped/>
  </testcase> <!-- TC05 -->
  <testcase classname="allPages.AllReportModules" name="TC05" time="73.888">
    <skipped/>
  </testcase> <!-- TC05 -->
  <testcase classname="allPages.AllReportModules" name="TC05" time="74.765">
    <skipped/>
  </testcase> <!-- TC05 -->
  <testcase classname="allPages.AllReportModules" name="TC05" time="75.396">
    <skipped/>
  </testcase> <!-- TC05 -->
  <testcase classname="allPages.AllReportModules" name="TC05" time="75.842">
    <failure type="org.openqa.selenium.NoSuchElementException" message="no such element: Unable to locate element: {&amp;quot;method&amp;quot;:&amp;quot;xpath&amp;quot;,&amp;quot;selector&amp;quot;:&amp;quot;//*[@id=&amp;quot;kt_body&amp;quot;]/div[2]/div/div[2]/div/div[2]/button/span/span&amp;quot;}
  (Session info: chrome=125.0.6422.76)
For documentation on this error, please visit: https://www.selenium.dev/documentation/webdriver/troubleshooting/errors#no-such-element-exception
Build info: version: &amp;apos;4.18.1&amp;apos;, revision: &amp;apos;b1d3319b48&amp;apos;
System info: os.name: &amp;apos;Windows 11&amp;apos;, os.arch: &amp;apos;amd64&amp;apos;, os.version: &amp;apos;10.0&amp;apos;, java.version: &amp;apos;21.0.2&amp;apos;
Driver info: org.openqa.selenium.chrome.ChromeDriver
Command: [882aff35f2eed714f2ae0971176c76d3, findElement {using=xpath, value=//*[@id=&amp;quot;kt_body&amp;quot;]/div[2]/div/div[2]/div/div[2]/button/span/span}]
Capabilities {acceptInsecureCerts: false, browserName: chrome, browserVersion: 125.0.6422.76, chrome: {chromedriverVersion: 125.0.6422.78 (14db42ec38ad..., userDataDir: C:\Users\THIRUM~1\AppData\L...}, fedcm:accounts: true, goog:chromeOptions: {debuggerAddress: localhost:64352}, networkConnectionEnabled: false, pageLoadStrategy: normal, platformName: windows, proxy: Proxy(), se:cdp: ws://localhost:64352/devtoo..., se:cdpVersion: 125.0.6422.76, setWindowRect: true, strictFileInteractability: false, timeouts: {implicit: 0, pageLoad: 300000, script: 30000}, unhandledPromptBehavior: dismiss and notify, webauthn:extension:credBlob: true, webauthn:extension:largeBlob: true, webauthn:extension:minPinLength: true, webauthn:extension:prf: true, webauthn:virtualAuthenticators: true}
Session ID: 882aff35f2eed714f2ae0971176c76d3">
      <![CDATA[org.openqa.selenium.NoSuchElementException: no such element: Unable to locate element: {"method":"xpath","selector":"//*[@id="kt_body"]/div[2]/div/div[2]/div/div[2]/button/span/span"}
  (Session info: chrome=125.0.6422.76)
For documentation on this error, please visit: https://www.selenium.dev/documentation/webdriver/troubleshooting/errors#no-such-element-exception
Build info: version: '4.18.1', revision: 'b1d3319b48'
System info: os.name: 'Windows 11', os.arch: 'amd64', os.version: '10.0', java.version: '21.0.2'
Driver info: org.openqa.selenium.chrome.ChromeDriver
Command: [882aff35f2eed714f2ae0971176c76d3, findElement {using=xpath, value=//*[@id="kt_body"]/div[2]/div/div[2]/div/div[2]/button/span/span}]
Capabilities {acceptInsecureCerts: false, browserName: chrome, browserVersion: 125.0.6422.76, chrome: {chromedriverVersion: 125.0.6422.78 (14db42ec38ad..., userDataDir: C:\Users\THIRUM~1\AppData\L...}, fedcm:accounts: true, goog:chromeOptions: {debuggerAddress: localhost:64352}, networkConnectionEnabled: false, pageLoadStrategy: normal, platformName: windows, proxy: Proxy(), se:cdp: ws://localhost:64352/devtoo..., se:cdpVersion: 125.0.6422.76, setWindowRect: true, strictFileInteractability: false, timeouts: {implicit: 0, pageLoad: 300000, script: 30000}, unhandledPromptBehavior: dismiss and notify, webauthn:extension:credBlob: true, webauthn:extension:largeBlob: true, webauthn:extension:minPinLength: true, webauthn:extension:prf: true, webauthn:virtualAuthenticators: true}
Session ID: 882aff35f2eed714f2ae0971176c76d3
at org.openqa.selenium.remote.ErrorCodec.decode(ErrorCodec.java:167)
at org.openqa.selenium.remote.codec.w3c.W3CHttpResponseCodec.decode(W3CHttpResponseCodec.java:138)
at org.openqa.selenium.remote.codec.w3c.W3CHttpResponseCodec.decode(W3CHttpResponseCodec.java:50)
at org.openqa.selenium.remote.HttpCommandExecutor.execute(HttpCommandExecutor.java:190)
at org.openqa.selenium.remote.service.DriverCommandExecutor.invokeExecute(DriverCommandExecutor.java:216)
at org.openqa.selenium.remote.service.DriverCommandExecutor.execute(DriverCommandExecutor.java:174)
at org.openqa.selenium.remote.RemoteWebDriver.execute(RemoteWebDriver.java:519)
at org.openqa.selenium.remote.ElementLocation$ElementFinder$2.findElement(ElementLocation.java:165)
at org.openqa.selenium.remote.ElementLocation.findElement(ElementLocation.java:59)
at org.openqa.selenium.remote.RemoteWebDriver.findElement(RemoteWebDriver.java:356)
at org.openqa.selenium.remote.RemoteWebDriver.findElement(RemoteWebDriver.java:350)
at allPages.AllReportModules.TC05(AllReportModules.java:216)
at java.base/java.util.ArrayList.forEach(ArrayList.java:1596)
... Removed 28 stack frames]]>
    </failure>
  </testcase> <!-- TC05 -->
  <testcase classname="allPages.AllReportModules" name="TC06" time="73.667">
    <skipped/>
  </testcase> <!-- TC06 -->
  <testcase classname="allPages.AllReportModules" name="TC06" time="73.907">
    <skipped/>
  </testcase> <!-- TC06 -->
  <testcase classname="allPages.AllReportModules" name="TC06" time="73.155">
    <skipped/>
  </testcase> <!-- TC06 -->
  <testcase classname="allPages.AllReportModules" name="TC06" time="71.514">
    <skipped/>
  </testcase> <!-- TC06 -->
  <testcase classname="allPages.AllReportModules" name="TC06" time="75.463">
    <skipped/>
  </testcase> <!-- TC06 -->
  <testcase classname="allPages.AllReportModules" name="TC06" time="73.902">
    <failure type="org.openqa.selenium.NoSuchElementException" message="no such element: Unable to locate element: {&amp;quot;method&amp;quot;:&amp;quot;xpath&amp;quot;,&amp;quot;selector&amp;quot;:&amp;quot;//*[@id=&amp;quot;kt_body&amp;quot;]/div[2]/div/div[2]/div/div[2]/div[2]/div/div/textarea&amp;quot;}
  (Session info: chrome=125.0.6422.76)
For documentation on this error, please visit: https://www.selenium.dev/documentation/webdriver/troubleshooting/errors#no-such-element-exception
Build info: version: &amp;apos;4.18.1&amp;apos;, revision: &amp;apos;b1d3319b48&amp;apos;
System info: os.name: &amp;apos;Windows 11&amp;apos;, os.arch: &amp;apos;amd64&amp;apos;, os.version: &amp;apos;10.0&amp;apos;, java.version: &amp;apos;21.0.2&amp;apos;
Driver info: org.openqa.selenium.chrome.ChromeDriver
Command: [12c16a6cbf9d30c3cc59e9b2c1ab5231, findElement {using=xpath, value=//*[@id=&amp;quot;kt_body&amp;quot;]/div[2]/div/div[2]/div/div[2]/div[2]/div/div/textarea}]
Capabilities {acceptInsecureCerts: false, browserName: chrome, browserVersion: 125.0.6422.76, chrome: {chromedriverVersion: 125.0.6422.78 (14db42ec38ad..., userDataDir: C:\Users\THIRUM~1\AppData\L...}, fedcm:accounts: true, goog:chromeOptions: {debuggerAddress: localhost:64895}, networkConnectionEnabled: false, pageLoadStrategy: normal, platformName: windows, proxy: Proxy(), se:cdp: ws://localhost:64895/devtoo..., se:cdpVersion: 125.0.6422.76, setWindowRect: true, strictFileInteractability: false, timeouts: {implicit: 0, pageLoad: 300000, script: 30000}, unhandledPromptBehavior: dismiss and notify, webauthn:extension:credBlob: true, webauthn:extension:largeBlob: true, webauthn:extension:minPinLength: true, webauthn:extension:prf: true, webauthn:virtualAuthenticators: true}
Session ID: 12c16a6cbf9d30c3cc59e9b2c1ab5231">
      <![CDATA[org.openqa.selenium.NoSuchElementException: no such element: Unable to locate element: {"method":"xpath","selector":"//*[@id="kt_body"]/div[2]/div/div[2]/div/div[2]/div[2]/div/div/textarea"}
  (Session info: chrome=125.0.6422.76)
For documentation on this error, please visit: https://www.selenium.dev/documentation/webdriver/troubleshooting/errors#no-such-element-exception
Build info: version: '4.18.1', revision: 'b1d3319b48'
System info: os.name: 'Windows 11', os.arch: 'amd64', os.version: '10.0', java.version: '21.0.2'
Driver info: org.openqa.selenium.chrome.ChromeDriver
Command: [12c16a6cbf9d30c3cc59e9b2c1ab5231, findElement {using=xpath, value=//*[@id="kt_body"]/div[2]/div/div[2]/div/div[2]/div[2]/div/div/textarea}]
Capabilities {acceptInsecureCerts: false, browserName: chrome, browserVersion: 125.0.6422.76, chrome: {chromedriverVersion: 125.0.6422.78 (14db42ec38ad..., userDataDir: C:\Users\THIRUM~1\AppData\L...}, fedcm:accounts: true, goog:chromeOptions: {debuggerAddress: localhost:64895}, networkConnectionEnabled: false, pageLoadStrategy: normal, platformName: windows, proxy: Proxy(), se:cdp: ws://localhost:64895/devtoo..., se:cdpVersion: 125.0.6422.76, setWindowRect: true, strictFileInteractability: false, timeouts: {implicit: 0, pageLoad: 300000, script: 30000}, unhandledPromptBehavior: dismiss and notify, webauthn:extension:credBlob: true, webauthn:extension:largeBlob: true, webauthn:extension:minPinLength: true, webauthn:extension:prf: true, webauthn:virtualAuthenticators: true}
Session ID: 12c16a6cbf9d30c3cc59e9b2c1ab5231
at org.openqa.selenium.remote.ErrorCodec.decode(ErrorCodec.java:167)
at org.openqa.selenium.remote.codec.w3c.W3CHttpResponseCodec.decode(W3CHttpResponseCodec.java:138)
at org.openqa.selenium.remote.codec.w3c.W3CHttpResponseCodec.decode(W3CHttpResponseCodec.java:50)
at org.openqa.selenium.remote.HttpCommandExecutor.execute(HttpCommandExecutor.java:190)
at org.openqa.selenium.remote.service.DriverCommandExecutor.invokeExecute(DriverCommandExecutor.java:216)
at org.openqa.selenium.remote.service.DriverCommandExecutor.execute(DriverCommandExecutor.java:174)
at org.openqa.selenium.remote.RemoteWebDriver.execute(RemoteWebDriver.java:519)
at org.openqa.selenium.remote.ElementLocation$ElementFinder$2.findElement(ElementLocation.java:165)
at org.openqa.selenium.remote.ElementLocation.findElement(ElementLocation.java:59)
at org.openqa.selenium.remote.RemoteWebDriver.findElement(RemoteWebDriver.java:356)
at org.openqa.selenium.remote.RemoteWebDriver.findElement(RemoteWebDriver.java:350)
at allPages.AllReportModules.TC06(AllReportModules.java:233)
at java.base/java.util.ArrayList.forEach(ArrayList.java:1596)
... Removed 28 stack frames]]>
    </failure>
  </testcase> <!-- TC06 -->
  <testcase classname="allPages.AllReportModules" name="TC07" time="10.464"/>
  <testcase classname="allPages.AllReportModules" name="TC08" time="73.018">
    <skipped/>
  </testcase> <!-- TC08 -->
  <testcase classname="allPages.AllReportModules" name="TC08" time="70.347">
    <skipped/>
  </testcase> <!-- TC08 -->
  <testcase classname="allPages.AllReportModules" name="TC08" time="74.149">
    <skipped/>
  </testcase> <!-- TC08 -->
  <testcase classname="allPages.AllReportModules" name="TC08" time="74.103">
    <skipped/>
  </testcase> <!-- TC08 -->
  <testcase classname="allPages.AllReportModules" name="TC08" time="72.508">
    <skipped/>
  </testcase> <!-- TC08 -->
  <testcase classname="allPages.AllReportModules" name="TC08" time="74.082">
    <failure type="org.openqa.selenium.NoSuchElementException" message="no such element: Unable to locate element: {&amp;quot;method&amp;quot;:&amp;quot;xpath&amp;quot;,&amp;quot;selector&amp;quot;:&amp;quot;//*[@id=&amp;quot;kt_content_container&amp;quot;]/div/div[2]/div/div[1]/div[2]/a&amp;quot;}
  (Session info: chrome=125.0.6422.76)
For documentation on this error, please visit: https://www.selenium.dev/documentation/webdriver/troubleshooting/errors#no-such-element-exception
Build info: version: &amp;apos;4.18.1&amp;apos;, revision: &amp;apos;b1d3319b48&amp;apos;
System info: os.name: &amp;apos;Windows 11&amp;apos;, os.arch: &amp;apos;amd64&amp;apos;, os.version: &amp;apos;10.0&amp;apos;, java.version: &amp;apos;21.0.2&amp;apos;
Driver info: org.openqa.selenium.chrome.ChromeDriver
Command: [a61578f569defd3557b00f4be6360304, findElement {using=xpath, value=//*[@id=&amp;quot;kt_content_container&amp;quot;]/div/div[2]/div/div[1]/div[2]/a}]
Capabilities {acceptInsecureCerts: false, browserName: chrome, browserVersion: 125.0.6422.76, chrome: {chromedriverVersion: 125.0.6422.78 (14db42ec38ad..., userDataDir: C:\Users\THIRUM~1\AppData\L...}, fedcm:accounts: true, goog:chromeOptions: {debuggerAddress: localhost:49156}, networkConnectionEnabled: false, pageLoadStrategy: normal, platformName: windows, proxy: Proxy(), se:cdp: ws://localhost:49156/devtoo..., se:cdpVersion: 125.0.6422.76, setWindowRect: true, strictFileInteractability: false, timeouts: {implicit: 0, pageLoad: 300000, script: 30000}, unhandledPromptBehavior: dismiss and notify, webauthn:extension:credBlob: true, webauthn:extension:largeBlob: true, webauthn:extension:minPinLength: true, webauthn:extension:prf: true, webauthn:virtualAuthenticators: true}
Session ID: a61578f569defd3557b00f4be6360304">
      <![CDATA[org.openqa.selenium.NoSuchElementException: no such element: Unable to locate element: {"method":"xpath","selector":"//*[@id="kt_content_container"]/div/div[2]/div/div[1]/div[2]/a"}
  (Session info: chrome=125.0.6422.76)
For documentation on this error, please visit: https://www.selenium.dev/documentation/webdriver/troubleshooting/errors#no-such-element-exception
Build info: version: '4.18.1', revision: 'b1d3319b48'
System info: os.name: 'Windows 11', os.arch: 'amd64', os.version: '10.0', java.version: '21.0.2'
Driver info: org.openqa.selenium.chrome.ChromeDriver
Command: [a61578f569defd3557b00f4be6360304, findElement {using=xpath, value=//*[@id="kt_content_container"]/div/div[2]/div/div[1]/div[2]/a}]
Capabilities {acceptInsecureCerts: false, browserName: chrome, browserVersion: 125.0.6422.76, chrome: {chromedriverVersion: 125.0.6422.78 (14db42ec38ad..., userDataDir: C:\Users\THIRUM~1\AppData\L...}, fedcm:accounts: true, goog:chromeOptions: {debuggerAddress: localhost:49156}, networkConnectionEnabled: false, pageLoadStrategy: normal, platformName: windows, proxy: Proxy(), se:cdp: ws://localhost:49156/devtoo..., se:cdpVersion: 125.0.6422.76, setWindowRect: true, strictFileInteractability: false, timeouts: {implicit: 0, pageLoad: 300000, script: 30000}, unhandledPromptBehavior: dismiss and notify, webauthn:extension:credBlob: true, webauthn:extension:largeBlob: true, webauthn:extension:minPinLength: true, webauthn:extension:prf: true, webauthn:virtualAuthenticators: true}
Session ID: a61578f569defd3557b00f4be6360304
at org.openqa.selenium.remote.ErrorCodec.decode(ErrorCodec.java:167)
at org.openqa.selenium.remote.codec.w3c.W3CHttpResponseCodec.decode(W3CHttpResponseCodec.java:138)
at org.openqa.selenium.remote.codec.w3c.W3CHttpResponseCodec.decode(W3CHttpResponseCodec.java:50)
at org.openqa.selenium.remote.HttpCommandExecutor.execute(HttpCommandExecutor.java:190)
at org.openqa.selenium.remote.service.DriverCommandExecutor.invokeExecute(DriverCommandExecutor.java:216)
at org.openqa.selenium.remote.service.DriverCommandExecutor.execute(DriverCommandExecutor.java:174)
at org.openqa.selenium.remote.RemoteWebDriver.execute(RemoteWebDriver.java:519)
at org.openqa.selenium.remote.ElementLocation$ElementFinder$2.findElement(ElementLocation.java:165)
at org.openqa.selenium.remote.ElementLocation.findElement(ElementLocation.java:59)
at org.openqa.selenium.remote.RemoteWebDriver.findElement(RemoteWebDriver.java:356)
at org.openqa.selenium.remote.RemoteWebDriver.findElement(RemoteWebDriver.java:350)
at allPages.AllReportModules.TC08(AllReportModules.java:264)
at java.base/java.util.ArrayList.forEach(ArrayList.java:1596)
... Removed 28 stack frames]]>
    </failure>
  </testcase> <!-- TC08 -->
  <testcase classname="allPages.AllReportModules" name="TC09" time="75.531">
    <skipped/>
  </testcase> <!-- TC09 -->
  <testcase classname="allPages.AllReportModules" name="TC09" time="74.328">
    <skipped/>
  </testcase> <!-- TC09 -->
  <testcase classname="allPages.AllReportModules" name="TC09" time="72.555">
    <skipped/>
  </testcase> <!-- TC09 -->
  <testcase classname="allPages.AllReportModules" name="TC09" time="71.956">
    <skipped/>
  </testcase> <!-- TC09 -->
  <testcase classname="allPages.AllReportModules" name="TC09" time="74.687">
    <skipped/>
  </testcase> <!-- TC09 -->
  <testcase classname="allPages.AllReportModules" name="TC09" time="74.493">
    <failure type="org.openqa.selenium.NoSuchElementException" message="no such element: Unable to locate element: {&amp;quot;method&amp;quot;:&amp;quot;xpath&amp;quot;,&amp;quot;selector&amp;quot;:&amp;quot;//*[@id=&amp;quot;kt_content_container&amp;quot;]/div/div[2]/div/div[1]/div[2]/a&amp;quot;}
  (Session info: chrome=125.0.6422.76)
For documentation on this error, please visit: https://www.selenium.dev/documentation/webdriver/troubleshooting/errors#no-such-element-exception
Build info: version: &amp;apos;4.18.1&amp;apos;, revision: &amp;apos;b1d3319b48&amp;apos;
System info: os.name: &amp;apos;Windows 11&amp;apos;, os.arch: &amp;apos;amd64&amp;apos;, os.version: &amp;apos;10.0&amp;apos;, java.version: &amp;apos;21.0.2&amp;apos;
Driver info: org.openqa.selenium.chrome.ChromeDriver
Command: [8096bce11d566cb312a2e62502c0da24, findElement {using=xpath, value=//*[@id=&amp;quot;kt_content_container&amp;quot;]/div/div[2]/div/div[1]/div[2]/a}]
Capabilities {acceptInsecureCerts: false, browserName: chrome, browserVersion: 125.0.6422.76, chrome: {chromedriverVersion: 125.0.6422.78 (14db42ec38ad..., userDataDir: C:\Users\THIRUM~1\AppData\L...}, fedcm:accounts: true, goog:chromeOptions: {debuggerAddress: localhost:50280}, networkConnectionEnabled: false, pageLoadStrategy: normal, platformName: windows, proxy: Proxy(), se:cdp: ws://localhost:50280/devtoo..., se:cdpVersion: 125.0.6422.76, setWindowRect: true, strictFileInteractability: false, timeouts: {implicit: 0, pageLoad: 300000, script: 30000}, unhandledPromptBehavior: dismiss and notify, webauthn:extension:credBlob: true, webauthn:extension:largeBlob: true, webauthn:extension:minPinLength: true, webauthn:extension:prf: true, webauthn:virtualAuthenticators: true}
Session ID: 8096bce11d566cb312a2e62502c0da24">
      <![CDATA[org.openqa.selenium.NoSuchElementException: no such element: Unable to locate element: {"method":"xpath","selector":"//*[@id="kt_content_container"]/div/div[2]/div/div[1]/div[2]/a"}
  (Session info: chrome=125.0.6422.76)
For documentation on this error, please visit: https://www.selenium.dev/documentation/webdriver/troubleshooting/errors#no-such-element-exception
Build info: version: '4.18.1', revision: 'b1d3319b48'
System info: os.name: 'Windows 11', os.arch: 'amd64', os.version: '10.0', java.version: '21.0.2'
Driver info: org.openqa.selenium.chrome.ChromeDriver
Command: [8096bce11d566cb312a2e62502c0da24, findElement {using=xpath, value=//*[@id="kt_content_container"]/div/div[2]/div/div[1]/div[2]/a}]
Capabilities {acceptInsecureCerts: false, browserName: chrome, browserVersion: 125.0.6422.76, chrome: {chromedriverVersion: 125.0.6422.78 (14db42ec38ad..., userDataDir: C:\Users\THIRUM~1\AppData\L...}, fedcm:accounts: true, goog:chromeOptions: {debuggerAddress: localhost:50280}, networkConnectionEnabled: false, pageLoadStrategy: normal, platformName: windows, proxy: Proxy(), se:cdp: ws://localhost:50280/devtoo..., se:cdpVersion: 125.0.6422.76, setWindowRect: true, strictFileInteractability: false, timeouts: {implicit: 0, pageLoad: 300000, script: 30000}, unhandledPromptBehavior: dismiss and notify, webauthn:extension:credBlob: true, webauthn:extension:largeBlob: true, webauthn:extension:minPinLength: true, webauthn:extension:prf: true, webauthn:virtualAuthenticators: true}
Session ID: 8096bce11d566cb312a2e62502c0da24
at org.openqa.selenium.remote.ErrorCodec.decode(ErrorCodec.java:167)
at org.openqa.selenium.remote.codec.w3c.W3CHttpResponseCodec.decode(W3CHttpResponseCodec.java:138)
at org.openqa.selenium.remote.codec.w3c.W3CHttpResponseCodec.decode(W3CHttpResponseCodec.java:50)
at org.openqa.selenium.remote.HttpCommandExecutor.execute(HttpCommandExecutor.java:190)
at org.openqa.selenium.remote.service.DriverCommandExecutor.invokeExecute(DriverCommandExecutor.java:216)
at org.openqa.selenium.remote.service.DriverCommandExecutor.execute(DriverCommandExecutor.java:174)
at org.openqa.selenium.remote.RemoteWebDriver.execute(RemoteWebDriver.java:519)
at org.openqa.selenium.remote.ElementLocation$ElementFinder$2.findElement(ElementLocation.java:165)
at org.openqa.selenium.remote.ElementLocation.findElement(ElementLocation.java:59)
at org.openqa.selenium.remote.RemoteWebDriver.findElement(RemoteWebDriver.java:356)
at org.openqa.selenium.remote.RemoteWebDriver.findElement(RemoteWebDriver.java:350)
at allPages.AllReportModules.TC08(AllReportModules.java:264)
at allPages.AllReportModules.TC09(AllReportModules.java:290)
at java.base/java.util.ArrayList.forEach(ArrayList.java:1596)
... Removed 28 stack frames]]>
    </failure>
  </testcase> <!-- TC09 -->
  <testcase classname="allPages.AllReportModules" name="TC10" time="72.294">
    <skipped/>
  </testcase> <!-- TC10 -->
  <testcase classname="allPages.AllReportModules" name="TC10" time="72.585">
    <skipped/>
  </testcase> <!-- TC10 -->
  <testcase classname="allPages.AllReportModules" name="TC10" time="72.243">
    <skipped/>
  </testcase> <!-- TC10 -->
  <testcase classname="allPages.AllReportModules" name="TC10" time="74.472">
    <skipped/>
  </testcase> <!-- TC10 -->
  <testcase classname="allPages.AllReportModules" name="TC10" time="74.71">
    <skipped/>
  </testcase> <!-- TC10 -->
  <testcase classname="allPages.AllReportModules" name="TC10" time="74.37">
    <failure type="org.openqa.selenium.NoSuchElementException" message="no such element: Unable to locate element: {&amp;quot;method&amp;quot;:&amp;quot;xpath&amp;quot;,&amp;quot;selector&amp;quot;:&amp;quot;//*[@id=&amp;quot;kt_content_container&amp;quot;]/div/div[2]/div/div[1]/div[2]/a&amp;quot;}
  (Session info: chrome=125.0.6422.76)
For documentation on this error, please visit: https://www.selenium.dev/documentation/webdriver/troubleshooting/errors#no-such-element-exception
Build info: version: &amp;apos;4.18.1&amp;apos;, revision: &amp;apos;b1d3319b48&amp;apos;
System info: os.name: &amp;apos;Windows 11&amp;apos;, os.arch: &amp;apos;amd64&amp;apos;, os.version: &amp;apos;10.0&amp;apos;, java.version: &amp;apos;21.0.2&amp;apos;
Driver info: org.openqa.selenium.chrome.ChromeDriver
Command: [7af30b3405e56461eef31ba0da482ecc, findElement {using=xpath, value=//*[@id=&amp;quot;kt_content_container&amp;quot;]/div/div[2]/div/div[1]/div[2]/a}]
Capabilities {acceptInsecureCerts: false, browserName: chrome, browserVersion: 125.0.6422.76, chrome: {chromedriverVersion: 125.0.6422.78 (14db42ec38ad..., userDataDir: C:\Users\THIRUM~1\AppData\L...}, fedcm:accounts: true, goog:chromeOptions: {debuggerAddress: localhost:51004}, networkConnectionEnabled: false, pageLoadStrategy: normal, platformName: windows, proxy: Proxy(), se:cdp: ws://localhost:51004/devtoo..., se:cdpVersion: 125.0.6422.76, setWindowRect: true, strictFileInteractability: false, timeouts: {implicit: 0, pageLoad: 300000, script: 30000}, unhandledPromptBehavior: dismiss and notify, webauthn:extension:credBlob: true, webauthn:extension:largeBlob: true, webauthn:extension:minPinLength: true, webauthn:extension:prf: true, webauthn:virtualAuthenticators: true}
Session ID: 7af30b3405e56461eef31ba0da482ecc">
      <![CDATA[org.openqa.selenium.NoSuchElementException: no such element: Unable to locate element: {"method":"xpath","selector":"//*[@id="kt_content_container"]/div/div[2]/div/div[1]/div[2]/a"}
  (Session info: chrome=125.0.6422.76)
For documentation on this error, please visit: https://www.selenium.dev/documentation/webdriver/troubleshooting/errors#no-such-element-exception
Build info: version: '4.18.1', revision: 'b1d3319b48'
System info: os.name: 'Windows 11', os.arch: 'amd64', os.version: '10.0', java.version: '21.0.2'
Driver info: org.openqa.selenium.chrome.ChromeDriver
Command: [7af30b3405e56461eef31ba0da482ecc, findElement {using=xpath, value=//*[@id="kt_content_container"]/div/div[2]/div/div[1]/div[2]/a}]
Capabilities {acceptInsecureCerts: false, browserName: chrome, browserVersion: 125.0.6422.76, chrome: {chromedriverVersion: 125.0.6422.78 (14db42ec38ad..., userDataDir: C:\Users\THIRUM~1\AppData\L...}, fedcm:accounts: true, goog:chromeOptions: {debuggerAddress: localhost:51004}, networkConnectionEnabled: false, pageLoadStrategy: normal, platformName: windows, proxy: Proxy(), se:cdp: ws://localhost:51004/devtoo..., se:cdpVersion: 125.0.6422.76, setWindowRect: true, strictFileInteractability: false, timeouts: {implicit: 0, pageLoad: 300000, script: 30000}, unhandledPromptBehavior: dismiss and notify, webauthn:extension:credBlob: true, webauthn:extension:largeBlob: true, webauthn:extension:minPinLength: true, webauthn:extension:prf: true, webauthn:virtualAuthenticators: true}
Session ID: 7af30b3405e56461eef31ba0da482ecc
at org.openqa.selenium.remote.ErrorCodec.decode(ErrorCodec.java:167)
at org.openqa.selenium.remote.codec.w3c.W3CHttpResponseCodec.decode(W3CHttpResponseCodec.java:138)
at org.openqa.selenium.remote.codec.w3c.W3CHttpResponseCodec.decode(W3CHttpResponseCodec.java:50)
at org.openqa.selenium.remote.HttpCommandExecutor.execute(HttpCommandExecutor.java:190)
at org.openqa.selenium.remote.service.DriverCommandExecutor.invokeExecute(DriverCommandExecutor.java:216)
at org.openqa.selenium.remote.service.DriverCommandExecutor.execute(DriverCommandExecutor.java:174)
at org.openqa.selenium.remote.RemoteWebDriver.execute(RemoteWebDriver.java:519)
at org.openqa.selenium.remote.ElementLocation$ElementFinder$2.findElement(ElementLocation.java:165)
at org.openqa.selenium.remote.ElementLocation.findElement(ElementLocation.java:59)
at org.openqa.selenium.remote.RemoteWebDriver.findElement(RemoteWebDriver.java:356)
at org.openqa.selenium.remote.RemoteWebDriver.findElement(RemoteWebDriver.java:350)
at allPages.AllReportModules.TC08(AllReportModules.java:264)
at allPages.AllReportModules.TC10(AllReportModules.java:329)
at java.base/java.util.ArrayList.forEach(ArrayList.java:1596)
... Removed 28 stack frames]]>
    </failure>
  </testcase> <!-- TC10 -->
  <testcase classname="allPages.AllReportModules" name="TC11" time="72.626">
    <skipped/>
  </testcase> <!-- TC11 -->
  <testcase classname="allPages.AllReportModules" name="TC11" time="75.21">
    <skipped/>
  </testcase> <!-- TC11 -->
  <testcase classname="allPages.AllReportModules" name="TC11" time="74.166">
    <skipped/>
  </testcase> <!-- TC11 -->
  <testcase classname="allPages.AllReportModules" name="TC11" time="74.284">
    <skipped/>
  </testcase> <!-- TC11 -->
  <testcase classname="allPages.AllReportModules" name="TC11" time="74.778">
    <skipped/>
  </testcase> <!-- TC11 -->
  <testcase classname="allPages.AllReportModules" name="TC11" time="72.239">
    <failure type="org.openqa.selenium.NoSuchElementException" message="no such element: Unable to locate element: {&amp;quot;method&amp;quot;:&amp;quot;xpath&amp;quot;,&amp;quot;selector&amp;quot;:&amp;quot;//*[@id=&amp;quot;kt_content_container&amp;quot;]/div/div[2]/div/div[1]/div[2]/a&amp;quot;}
  (Session info: chrome=125.0.6422.76)
For documentation on this error, please visit: https://www.selenium.dev/documentation/webdriver/troubleshooting/errors#no-such-element-exception
Build info: version: &amp;apos;4.18.1&amp;apos;, revision: &amp;apos;b1d3319b48&amp;apos;
System info: os.name: &amp;apos;Windows 11&amp;apos;, os.arch: &amp;apos;amd64&amp;apos;, os.version: &amp;apos;10.0&amp;apos;, java.version: &amp;apos;21.0.2&amp;apos;
Driver info: org.openqa.selenium.chrome.ChromeDriver
Command: [5ef3982e0cd4cd4c9b01b9a22ade08dc, findElement {using=xpath, value=//*[@id=&amp;quot;kt_content_container&amp;quot;]/div/div[2]/div/div[1]/div[2]/a}]
Capabilities {acceptInsecureCerts: false, browserName: chrome, browserVersion: 125.0.6422.76, chrome: {chromedriverVersion: 125.0.6422.78 (14db42ec38ad..., userDataDir: C:\Users\THIRUM~1\AppData\L...}, fedcm:accounts: true, goog:chromeOptions: {debuggerAddress: localhost:51759}, networkConnectionEnabled: false, pageLoadStrategy: normal, platformName: windows, proxy: Proxy(), se:cdp: ws://localhost:51759/devtoo..., se:cdpVersion: 125.0.6422.76, setWindowRect: true, strictFileInteractability: false, timeouts: {implicit: 0, pageLoad: 300000, script: 30000}, unhandledPromptBehavior: dismiss and notify, webauthn:extension:credBlob: true, webauthn:extension:largeBlob: true, webauthn:extension:minPinLength: true, webauthn:extension:prf: true, webauthn:virtualAuthenticators: true}
Session ID: 5ef3982e0cd4cd4c9b01b9a22ade08dc">
      <![CDATA[org.openqa.selenium.NoSuchElementException: no such element: Unable to locate element: {"method":"xpath","selector":"//*[@id="kt_content_container"]/div/div[2]/div/div[1]/div[2]/a"}
  (Session info: chrome=125.0.6422.76)
For documentation on this error, please visit: https://www.selenium.dev/documentation/webdriver/troubleshooting/errors#no-such-element-exception
Build info: version: '4.18.1', revision: 'b1d3319b48'
System info: os.name: 'Windows 11', os.arch: 'amd64', os.version: '10.0', java.version: '21.0.2'
Driver info: org.openqa.selenium.chrome.ChromeDriver
Command: [5ef3982e0cd4cd4c9b01b9a22ade08dc, findElement {using=xpath, value=//*[@id="kt_content_container"]/div/div[2]/div/div[1]/div[2]/a}]
Capabilities {acceptInsecureCerts: false, browserName: chrome, browserVersion: 125.0.6422.76, chrome: {chromedriverVersion: 125.0.6422.78 (14db42ec38ad..., userDataDir: C:\Users\THIRUM~1\AppData\L...}, fedcm:accounts: true, goog:chromeOptions: {debuggerAddress: localhost:51759}, networkConnectionEnabled: false, pageLoadStrategy: normal, platformName: windows, proxy: Proxy(), se:cdp: ws://localhost:51759/devtoo..., se:cdpVersion: 125.0.6422.76, setWindowRect: true, strictFileInteractability: false, timeouts: {implicit: 0, pageLoad: 300000, script: 30000}, unhandledPromptBehavior: dismiss and notify, webauthn:extension:credBlob: true, webauthn:extension:largeBlob: true, webauthn:extension:minPinLength: true, webauthn:extension:prf: true, webauthn:virtualAuthenticators: true}
Session ID: 5ef3982e0cd4cd4c9b01b9a22ade08dc
at org.openqa.selenium.remote.ErrorCodec.decode(ErrorCodec.java:167)
at org.openqa.selenium.remote.codec.w3c.W3CHttpResponseCodec.decode(W3CHttpResponseCodec.java:138)
at org.openqa.selenium.remote.codec.w3c.W3CHttpResponseCodec.decode(W3CHttpResponseCodec.java:50)
at org.openqa.selenium.remote.HttpCommandExecutor.execute(HttpCommandExecutor.java:190)
at org.openqa.selenium.remote.service.DriverCommandExecutor.invokeExecute(DriverCommandExecutor.java:216)
at org.openqa.selenium.remote.service.DriverCommandExecutor.execute(DriverCommandExecutor.java:174)
at org.openqa.selenium.remote.RemoteWebDriver.execute(RemoteWebDriver.java:519)
at org.openqa.selenium.remote.ElementLocation$ElementFinder$2.findElement(ElementLocation.java:165)
at org.openqa.selenium.remote.ElementLocation.findElement(ElementLocation.java:59)
at org.openqa.selenium.remote.RemoteWebDriver.findElement(RemoteWebDriver.java:356)
at org.openqa.selenium.remote.RemoteWebDriver.findElement(RemoteWebDriver.java:350)
at allPages.AllReportModules.TC08(AllReportModules.java:264)
at allPages.AllReportModules.TC11(AllReportModules.java:335)
at java.base/java.util.ArrayList.forEach(ArrayList.java:1596)
... Removed 28 stack frames]]>
    </failure>
  </testcase> <!-- TC11 -->
  <testcase classname="allPages.AllReportModules" name="TC12" time="75.209">
    <skipped/>
  </testcase> <!-- TC12 -->
  <testcase classname="allPages.AllReportModules" name="TC12" time="73.912">
    <skipped/>
  </testcase> <!-- TC12 -->
  <testcase classname="allPages.AllReportModules" name="TC12" time="73.476">
    <skipped/>
  </testcase> <!-- TC12 -->
  <testcase classname="allPages.AllReportModules" name="TC12" time="74.72">
    <skipped/>
  </testcase> <!-- TC12 -->
  <testcase classname="allPages.AllReportModules" name="TC12" time="73.957">
    <skipped/>
  </testcase> <!-- TC12 -->
  <testcase classname="allPages.AllReportModules" name="TC12" time="73.998">
    <failure type="org.openqa.selenium.NoSuchElementException" message="no such element: Unable to locate element: {&amp;quot;method&amp;quot;:&amp;quot;xpath&amp;quot;,&amp;quot;selector&amp;quot;:&amp;quot;//*[@id=&amp;quot;kt_content_container&amp;quot;]/div/div[2]/div/div[1]/div[2]/a&amp;quot;}
  (Session info: chrome=125.0.6422.76)
For documentation on this error, please visit: https://www.selenium.dev/documentation/webdriver/troubleshooting/errors#no-such-element-exception
Build info: version: &amp;apos;4.18.1&amp;apos;, revision: &amp;apos;b1d3319b48&amp;apos;
System info: os.name: &amp;apos;Windows 11&amp;apos;, os.arch: &amp;apos;amd64&amp;apos;, os.version: &amp;apos;10.0&amp;apos;, java.version: &amp;apos;21.0.2&amp;apos;
Driver info: org.openqa.selenium.chrome.ChromeDriver
Command: [edce140765c7c0af0bc96c9567b77c59, findElement {using=xpath, value=//*[@id=&amp;quot;kt_content_container&amp;quot;]/div/div[2]/div/div[1]/div[2]/a}]
Capabilities {acceptInsecureCerts: false, browserName: chrome, browserVersion: 125.0.6422.76, chrome: {chromedriverVersion: 125.0.6422.78 (14db42ec38ad..., userDataDir: C:\Users\THIRUM~1\AppData\L...}, fedcm:accounts: true, goog:chromeOptions: {debuggerAddress: localhost:52522}, networkConnectionEnabled: false, pageLoadStrategy: normal, platformName: windows, proxy: Proxy(), se:cdp: ws://localhost:52522/devtoo..., se:cdpVersion: 125.0.6422.76, setWindowRect: true, strictFileInteractability: false, timeouts: {implicit: 0, pageLoad: 300000, script: 30000}, unhandledPromptBehavior: dismiss and notify, webauthn:extension:credBlob: true, webauthn:extension:largeBlob: true, webauthn:extension:minPinLength: true, webauthn:extension:prf: true, webauthn:virtualAuthenticators: true}
Session ID: edce140765c7c0af0bc96c9567b77c59">
      <![CDATA[org.openqa.selenium.NoSuchElementException: no such element: Unable to locate element: {"method":"xpath","selector":"//*[@id="kt_content_container"]/div/div[2]/div/div[1]/div[2]/a"}
  (Session info: chrome=125.0.6422.76)
For documentation on this error, please visit: https://www.selenium.dev/documentation/webdriver/troubleshooting/errors#no-such-element-exception
Build info: version: '4.18.1', revision: 'b1d3319b48'
System info: os.name: 'Windows 11', os.arch: 'amd64', os.version: '10.0', java.version: '21.0.2'
Driver info: org.openqa.selenium.chrome.ChromeDriver
Command: [edce140765c7c0af0bc96c9567b77c59, findElement {using=xpath, value=//*[@id="kt_content_container"]/div/div[2]/div/div[1]/div[2]/a}]
Capabilities {acceptInsecureCerts: false, browserName: chrome, browserVersion: 125.0.6422.76, chrome: {chromedriverVersion: 125.0.6422.78 (14db42ec38ad..., userDataDir: C:\Users\THIRUM~1\AppData\L...}, fedcm:accounts: true, goog:chromeOptions: {debuggerAddress: localhost:52522}, networkConnectionEnabled: false, pageLoadStrategy: normal, platformName: windows, proxy: Proxy(), se:cdp: ws://localhost:52522/devtoo..., se:cdpVersion: 125.0.6422.76, setWindowRect: true, strictFileInteractability: false, timeouts: {implicit: 0, pageLoad: 300000, script: 30000}, unhandledPromptBehavior: dismiss and notify, webauthn:extension:credBlob: true, webauthn:extension:largeBlob: true, webauthn:extension:minPinLength: true, webauthn:extension:prf: true, webauthn:virtualAuthenticators: true}
Session ID: edce140765c7c0af0bc96c9567b77c59
at org.openqa.selenium.remote.ErrorCodec.decode(ErrorCodec.java:167)
at org.openqa.selenium.remote.codec.w3c.W3CHttpResponseCodec.decode(W3CHttpResponseCodec.java:138)
at org.openqa.selenium.remote.codec.w3c.W3CHttpResponseCodec.decode(W3CHttpResponseCodec.java:50)
at org.openqa.selenium.remote.HttpCommandExecutor.execute(HttpCommandExecutor.java:190)
at org.openqa.selenium.remote.service.DriverCommandExecutor.invokeExecute(DriverCommandExecutor.java:216)
at org.openqa.selenium.remote.service.DriverCommandExecutor.execute(DriverCommandExecutor.java:174)
at org.openqa.selenium.remote.RemoteWebDriver.execute(RemoteWebDriver.java:519)
at org.openqa.selenium.remote.ElementLocation$ElementFinder$2.findElement(ElementLocation.java:165)
at org.openqa.selenium.remote.ElementLocation.findElement(ElementLocation.java:59)
at org.openqa.selenium.remote.RemoteWebDriver.findElement(RemoteWebDriver.java:356)
at org.openqa.selenium.remote.RemoteWebDriver.findElement(RemoteWebDriver.java:350)
at allPages.AllReportModules.TC12(AllReportModules.java:377)
at java.base/java.util.ArrayList.forEach(ArrayList.java:1596)
... Removed 28 stack frames]]>
    </failure>
  </testcase> <!-- TC12 -->
  <testcase classname="allPages.AllReportModules" name="TC13" time="74.71">
    <skipped/>
  </testcase> <!-- TC13 -->
  <testcase classname="allPages.AllReportModules" name="TC13" time="74.926">
    <skipped/>
  </testcase> <!-- TC13 -->
  <testcase classname="allPages.AllReportModules" name="TC13" time="75.022">
    <skipped/>
  </testcase> <!-- TC13 -->
  <testcase classname="allPages.AllReportModules" name="TC13" time="73.879">
    <skipped/>
  </testcase> <!-- TC13 -->
  <testcase classname="allPages.AllReportModules" name="TC13" time="73.934">
    <skipped/>
  </testcase> <!-- TC13 -->
  <testcase classname="allPages.AllReportModules" name="TC13" time="76.037">
    <failure type="org.openqa.selenium.NoSuchElementException" message="no such element: Unable to locate element: {&amp;quot;method&amp;quot;:&amp;quot;xpath&amp;quot;,&amp;quot;selector&amp;quot;:&amp;quot;//*[@id=&amp;quot;kt_content_container&amp;quot;]/div/div[2]/div/div[1]/div[2]/a&amp;quot;}
  (Session info: chrome=125.0.6422.76)
For documentation on this error, please visit: https://www.selenium.dev/documentation/webdriver/troubleshooting/errors#no-such-element-exception
Build info: version: &amp;apos;4.18.1&amp;apos;, revision: &amp;apos;b1d3319b48&amp;apos;
System info: os.name: &amp;apos;Windows 11&amp;apos;, os.arch: &amp;apos;amd64&amp;apos;, os.version: &amp;apos;10.0&amp;apos;, java.version: &amp;apos;21.0.2&amp;apos;
Driver info: org.openqa.selenium.chrome.ChromeDriver
Command: [3c62839f1cd3d91398d2c75658581a3a, findElement {using=xpath, value=//*[@id=&amp;quot;kt_content_container&amp;quot;]/div/div[2]/div/div[1]/div[2]/a}]
Capabilities {acceptInsecureCerts: false, browserName: chrome, browserVersion: 125.0.6422.76, chrome: {chromedriverVersion: 125.0.6422.78 (14db42ec38ad..., userDataDir: C:\Users\THIRUM~1\AppData\L...}, fedcm:accounts: true, goog:chromeOptions: {debuggerAddress: localhost:53258}, networkConnectionEnabled: false, pageLoadStrategy: normal, platformName: windows, proxy: Proxy(), se:cdp: ws://localhost:53258/devtoo..., se:cdpVersion: 125.0.6422.76, setWindowRect: true, strictFileInteractability: false, timeouts: {implicit: 0, pageLoad: 300000, script: 30000}, unhandledPromptBehavior: dismiss and notify, webauthn:extension:credBlob: true, webauthn:extension:largeBlob: true, webauthn:extension:minPinLength: true, webauthn:extension:prf: true, webauthn:virtualAuthenticators: true}
Session ID: 3c62839f1cd3d91398d2c75658581a3a">
      <![CDATA[org.openqa.selenium.NoSuchElementException: no such element: Unable to locate element: {"method":"xpath","selector":"//*[@id="kt_content_container"]/div/div[2]/div/div[1]/div[2]/a"}
  (Session info: chrome=125.0.6422.76)
For documentation on this error, please visit: https://www.selenium.dev/documentation/webdriver/troubleshooting/errors#no-such-element-exception
Build info: version: '4.18.1', revision: 'b1d3319b48'
System info: os.name: 'Windows 11', os.arch: 'amd64', os.version: '10.0', java.version: '21.0.2'
Driver info: org.openqa.selenium.chrome.ChromeDriver
Command: [3c62839f1cd3d91398d2c75658581a3a, findElement {using=xpath, value=//*[@id="kt_content_container"]/div/div[2]/div/div[1]/div[2]/a}]
Capabilities {acceptInsecureCerts: false, browserName: chrome, browserVersion: 125.0.6422.76, chrome: {chromedriverVersion: 125.0.6422.78 (14db42ec38ad..., userDataDir: C:\Users\THIRUM~1\AppData\L...}, fedcm:accounts: true, goog:chromeOptions: {debuggerAddress: localhost:53258}, networkConnectionEnabled: false, pageLoadStrategy: normal, platformName: windows, proxy: Proxy(), se:cdp: ws://localhost:53258/devtoo..., se:cdpVersion: 125.0.6422.76, setWindowRect: true, strictFileInteractability: false, timeouts: {implicit: 0, pageLoad: 300000, script: 30000}, unhandledPromptBehavior: dismiss and notify, webauthn:extension:credBlob: true, webauthn:extension:largeBlob: true, webauthn:extension:minPinLength: true, webauthn:extension:prf: true, webauthn:virtualAuthenticators: true}
Session ID: 3c62839f1cd3d91398d2c75658581a3a
at org.openqa.selenium.remote.ErrorCodec.decode(ErrorCodec.java:167)
at org.openqa.selenium.remote.codec.w3c.W3CHttpResponseCodec.decode(W3CHttpResponseCodec.java:138)
at org.openqa.selenium.remote.codec.w3c.W3CHttpResponseCodec.decode(W3CHttpResponseCodec.java:50)
at org.openqa.selenium.remote.HttpCommandExecutor.execute(HttpCommandExecutor.java:190)
at org.openqa.selenium.remote.service.DriverCommandExecutor.invokeExecute(DriverCommandExecutor.java:216)
at org.openqa.selenium.remote.service.DriverCommandExecutor.execute(DriverCommandExecutor.java:174)
at org.openqa.selenium.remote.RemoteWebDriver.execute(RemoteWebDriver.java:519)
at org.openqa.selenium.remote.ElementLocation$ElementFinder$2.findElement(ElementLocation.java:165)
at org.openqa.selenium.remote.ElementLocation.findElement(ElementLocation.java:59)
at org.openqa.selenium.remote.RemoteWebDriver.findElement(RemoteWebDriver.java:356)
at org.openqa.selenium.remote.RemoteWebDriver.findElement(RemoteWebDriver.java:350)
at allPages.AllReportModules.TC12(AllReportModules.java:377)
at allPages.AllReportModules.TC13(AllReportModules.java:404)
at java.base/java.util.ArrayList.forEach(ArrayList.java:1596)
... Removed 28 stack frames]]>
    </failure>
  </testcase> <!-- TC13 -->
  <testcase classname="allPages.AllReportModules" name="TC14" time="74.176">
    <skipped/>
  </testcase> <!-- TC14 -->
  <testcase classname="allPages.AllReportModules" name="TC14" time="75.096">
    <skipped/>
  </testcase> <!-- TC14 -->
  <testcase classname="allPages.AllReportModules" name="TC14" time="73.531">
    <skipped/>
  </testcase> <!-- TC14 -->
  <testcase classname="allPages.AllReportModules" name="TC14" time="74.078">
    <skipped/>
  </testcase> <!-- TC14 -->
  <testcase classname="allPages.AllReportModules" name="TC14" time="72.718">
    <skipped/>
  </testcase> <!-- TC14 -->
  <testcase classname="allPages.AllReportModules" name="TC14" time="75.064">
    <failure type="org.openqa.selenium.NoSuchElementException" message="no such element: Unable to locate element: {&amp;quot;method&amp;quot;:&amp;quot;xpath&amp;quot;,&amp;quot;selector&amp;quot;:&amp;quot;//*[@id=&amp;quot;kt_content_container&amp;quot;]/div/div[2]/div/div[1]/div[2]/a&amp;quot;}
  (Session info: chrome=125.0.6422.76)
For documentation on this error, please visit: https://www.selenium.dev/documentation/webdriver/troubleshooting/errors#no-such-element-exception
Build info: version: &amp;apos;4.18.1&amp;apos;, revision: &amp;apos;b1d3319b48&amp;apos;
System info: os.name: &amp;apos;Windows 11&amp;apos;, os.arch: &amp;apos;amd64&amp;apos;, os.version: &amp;apos;10.0&amp;apos;, java.version: &amp;apos;21.0.2&amp;apos;
Driver info: org.openqa.selenium.chrome.ChromeDriver
Command: [f621f62f5642073b326f4719d96e8284, findElement {using=xpath, value=//*[@id=&amp;quot;kt_content_container&amp;quot;]/div/div[2]/div/div[1]/div[2]/a}]
Capabilities {acceptInsecureCerts: false, browserName: chrome, browserVersion: 125.0.6422.76, chrome: {chromedriverVersion: 125.0.6422.78 (14db42ec38ad..., userDataDir: C:\Users\THIRUM~1\AppData\L...}, fedcm:accounts: true, goog:chromeOptions: {debuggerAddress: localhost:53844}, networkConnectionEnabled: false, pageLoadStrategy: normal, platformName: windows, proxy: Proxy(), se:cdp: ws://localhost:53844/devtoo..., se:cdpVersion: 125.0.6422.76, setWindowRect: true, strictFileInteractability: false, timeouts: {implicit: 0, pageLoad: 300000, script: 30000}, unhandledPromptBehavior: dismiss and notify, webauthn:extension:credBlob: true, webauthn:extension:largeBlob: true, webauthn:extension:minPinLength: true, webauthn:extension:prf: true, webauthn:virtualAuthenticators: true}
Session ID: f621f62f5642073b326f4719d96e8284">
      <![CDATA[org.openqa.selenium.NoSuchElementException: no such element: Unable to locate element: {"method":"xpath","selector":"//*[@id="kt_content_container"]/div/div[2]/div/div[1]/div[2]/a"}
  (Session info: chrome=125.0.6422.76)
For documentation on this error, please visit: https://www.selenium.dev/documentation/webdriver/troubleshooting/errors#no-such-element-exception
Build info: version: '4.18.1', revision: 'b1d3319b48'
System info: os.name: 'Windows 11', os.arch: 'amd64', os.version: '10.0', java.version: '21.0.2'
Driver info: org.openqa.selenium.chrome.ChromeDriver
Command: [f621f62f5642073b326f4719d96e8284, findElement {using=xpath, value=//*[@id="kt_content_container"]/div/div[2]/div/div[1]/div[2]/a}]
Capabilities {acceptInsecureCerts: false, browserName: chrome, browserVersion: 125.0.6422.76, chrome: {chromedriverVersion: 125.0.6422.78 (14db42ec38ad..., userDataDir: C:\Users\THIRUM~1\AppData\L...}, fedcm:accounts: true, goog:chromeOptions: {debuggerAddress: localhost:53844}, networkConnectionEnabled: false, pageLoadStrategy: normal, platformName: windows, proxy: Proxy(), se:cdp: ws://localhost:53844/devtoo..., se:cdpVersion: 125.0.6422.76, setWindowRect: true, strictFileInteractability: false, timeouts: {implicit: 0, pageLoad: 300000, script: 30000}, unhandledPromptBehavior: dismiss and notify, webauthn:extension:credBlob: true, webauthn:extension:largeBlob: true, webauthn:extension:minPinLength: true, webauthn:extension:prf: true, webauthn:virtualAuthenticators: true}
Session ID: f621f62f5642073b326f4719d96e8284
at org.openqa.selenium.remote.ErrorCodec.decode(ErrorCodec.java:167)
at org.openqa.selenium.remote.codec.w3c.W3CHttpResponseCodec.decode(W3CHttpResponseCodec.java:138)
at org.openqa.selenium.remote.codec.w3c.W3CHttpResponseCodec.decode(W3CHttpResponseCodec.java:50)
at org.openqa.selenium.remote.HttpCommandExecutor.execute(HttpCommandExecutor.java:190)
at org.openqa.selenium.remote.service.DriverCommandExecutor.invokeExecute(DriverCommandExecutor.java:216)
at org.openqa.selenium.remote.service.DriverCommandExecutor.execute(DriverCommandExecutor.java:174)
at org.openqa.selenium.remote.RemoteWebDriver.execute(RemoteWebDriver.java:519)
at org.openqa.selenium.remote.ElementLocation$ElementFinder$2.findElement(ElementLocation.java:165)
at org.openqa.selenium.remote.ElementLocation.findElement(ElementLocation.java:59)
at org.openqa.selenium.remote.RemoteWebDriver.findElement(RemoteWebDriver.java:356)
at org.openqa.selenium.remote.RemoteWebDriver.findElement(RemoteWebDriver.java:350)
at allPages.AllReportModules.TC12(AllReportModules.java:377)
at allPages.AllReportModules.TC14(AllReportModules.java:411)
at java.base/java.util.ArrayList.forEach(ArrayList.java:1596)
... Removed 28 stack frames]]>
    </failure>
  </testcase> <!-- TC14 -->
  <testcase classname="allPages.AllReportModules" name="TC15" time="73.246">
    <skipped/>
  </testcase> <!-- TC15 -->
  <testcase classname="allPages.AllReportModules" name="TC15" time="74.396">
    <skipped/>
  </testcase> <!-- TC15 -->
  <testcase classname="allPages.AllReportModules" name="TC15" time="73.89">
    <skipped/>
  </testcase> <!-- TC15 -->
  <testcase classname="allPages.AllReportModules" name="TC15" time="74.055">
    <skipped/>
  </testcase> <!-- TC15 -->
  <testcase classname="allPages.AllReportModules" name="TC15" time="75.418">
    <skipped/>
  </testcase> <!-- TC15 -->
  <testcase classname="allPages.AllReportModules" name="TC15" time="73.174">
    <failure type="org.openqa.selenium.NoSuchElementException" message="no such element: Unable to locate element: {&amp;quot;method&amp;quot;:&amp;quot;xpath&amp;quot;,&amp;quot;selector&amp;quot;:&amp;quot;//*[@id=&amp;quot;kt_content_container&amp;quot;]/div/div[2]/div/div[1]/div[2]/a&amp;quot;}
  (Session info: chrome=125.0.6422.76)
For documentation on this error, please visit: https://www.selenium.dev/documentation/webdriver/troubleshooting/errors#no-such-element-exception
Build info: version: &amp;apos;4.18.1&amp;apos;, revision: &amp;apos;b1d3319b48&amp;apos;
System info: os.name: &amp;apos;Windows 11&amp;apos;, os.arch: &amp;apos;amd64&amp;apos;, os.version: &amp;apos;10.0&amp;apos;, java.version: &amp;apos;21.0.2&amp;apos;
Driver info: org.openqa.selenium.chrome.ChromeDriver
Command: [449849d2a63ce8ef48be40283964ccc0, findElement {using=xpath, value=//*[@id=&amp;quot;kt_content_container&amp;quot;]/div/div[2]/div/div[1]/div[2]/a}]
Capabilities {acceptInsecureCerts: false, browserName: chrome, browserVersion: 125.0.6422.76, chrome: {chromedriverVersion: 125.0.6422.78 (14db42ec38ad..., userDataDir: C:\Users\THIRUM~1\AppData\L...}, fedcm:accounts: true, goog:chromeOptions: {debuggerAddress: localhost:54644}, networkConnectionEnabled: false, pageLoadStrategy: normal, platformName: windows, proxy: Proxy(), se:cdp: ws://localhost:54644/devtoo..., se:cdpVersion: 125.0.6422.76, setWindowRect: true, strictFileInteractability: false, timeouts: {implicit: 0, pageLoad: 300000, script: 30000}, unhandledPromptBehavior: dismiss and notify, webauthn:extension:credBlob: true, webauthn:extension:largeBlob: true, webauthn:extension:minPinLength: true, webauthn:extension:prf: true, webauthn:virtualAuthenticators: true}
Session ID: 449849d2a63ce8ef48be40283964ccc0">
      <![CDATA[org.openqa.selenium.NoSuchElementException: no such element: Unable to locate element: {"method":"xpath","selector":"//*[@id="kt_content_container"]/div/div[2]/div/div[1]/div[2]/a"}
  (Session info: chrome=125.0.6422.76)
For documentation on this error, please visit: https://www.selenium.dev/documentation/webdriver/troubleshooting/errors#no-such-element-exception
Build info: version: '4.18.1', revision: 'b1d3319b48'
System info: os.name: 'Windows 11', os.arch: 'amd64', os.version: '10.0', java.version: '21.0.2'
Driver info: org.openqa.selenium.chrome.ChromeDriver
Command: [449849d2a63ce8ef48be40283964ccc0, findElement {using=xpath, value=//*[@id="kt_content_container"]/div/div[2]/div/div[1]/div[2]/a}]
Capabilities {acceptInsecureCerts: false, browserName: chrome, browserVersion: 125.0.6422.76, chrome: {chromedriverVersion: 125.0.6422.78 (14db42ec38ad..., userDataDir: C:\Users\THIRUM~1\AppData\L...}, fedcm:accounts: true, goog:chromeOptions: {debuggerAddress: localhost:54644}, networkConnectionEnabled: false, pageLoadStrategy: normal, platformName: windows, proxy: Proxy(), se:cdp: ws://localhost:54644/devtoo..., se:cdpVersion: 125.0.6422.76, setWindowRect: true, strictFileInteractability: false, timeouts: {implicit: 0, pageLoad: 300000, script: 30000}, unhandledPromptBehavior: dismiss and notify, webauthn:extension:credBlob: true, webauthn:extension:largeBlob: true, webauthn:extension:minPinLength: true, webauthn:extension:prf: true, webauthn:virtualAuthenticators: true}
Session ID: 449849d2a63ce8ef48be40283964ccc0
at org.openqa.selenium.remote.ErrorCodec.decode(ErrorCodec.java:167)
at org.openqa.selenium.remote.codec.w3c.W3CHttpResponseCodec.decode(W3CHttpResponseCodec.java:138)
at org.openqa.selenium.remote.codec.w3c.W3CHttpResponseCodec.decode(W3CHttpResponseCodec.java:50)
at org.openqa.selenium.remote.HttpCommandExecutor.execute(HttpCommandExecutor.java:190)
at org.openqa.selenium.remote.service.DriverCommandExecutor.invokeExecute(DriverCommandExecutor.java:216)
at org.openqa.selenium.remote.service.DriverCommandExecutor.execute(DriverCommandExecutor.java:174)
at org.openqa.selenium.remote.RemoteWebDriver.execute(RemoteWebDriver.java:519)
at org.openqa.selenium.remote.ElementLocation$ElementFinder$2.findElement(ElementLocation.java:165)
at org.openqa.selenium.remote.ElementLocation.findElement(ElementLocation.java:59)
at org.openqa.selenium.remote.RemoteWebDriver.findElement(RemoteWebDriver.java:356)
at org.openqa.selenium.remote.RemoteWebDriver.findElement(RemoteWebDriver.java:350)
at allPages.AllReportModules.TC12(AllReportModules.java:377)
at allPages.AllReportModules.TC15(AllReportModules.java:419)
at java.base/java.util.ArrayList.forEach(ArrayList.java:1596)
... Removed 28 stack frames]]>
    </failure>
  </testcase> <!-- TC15 -->
  <testcase classname="allPages.AllReportModules" name="TC16" time="73.676">
    <skipped/>
  </testcase> <!-- TC16 -->
  <testcase classname="allPages.AllReportModules" name="TC16" time="72.86">
    <skipped/>
  </testcase> <!-- TC16 -->
  <testcase classname="allPages.AllReportModules" name="TC16" time="73.15">
    <skipped/>
  </testcase> <!-- TC16 -->
  <testcase classname="allPages.AllReportModules" name="TC16" time="73.845">
    <skipped/>
  </testcase> <!-- TC16 -->
  <testcase classname="allPages.AllReportModules" name="TC16" time="74.795">
    <skipped/>
  </testcase> <!-- TC16 -->
  <testcase classname="allPages.AllReportModules" name="TC16" time="74.359">
    <failure type="org.openqa.selenium.NoSuchElementException" message="no such element: Unable to locate element: {&amp;quot;method&amp;quot;:&amp;quot;xpath&amp;quot;,&amp;quot;selector&amp;quot;:&amp;quot;//*[@id=&amp;quot;kt_content_container&amp;quot;]/div/div[2]/div/div[1]/div[2]/a&amp;quot;}
  (Session info: chrome=125.0.6422.76)
For documentation on this error, please visit: https://www.selenium.dev/documentation/webdriver/troubleshooting/errors#no-such-element-exception
Build info: version: &amp;apos;4.18.1&amp;apos;, revision: &amp;apos;b1d3319b48&amp;apos;
System info: os.name: &amp;apos;Windows 11&amp;apos;, os.arch: &amp;apos;amd64&amp;apos;, os.version: &amp;apos;10.0&amp;apos;, java.version: &amp;apos;21.0.2&amp;apos;
Driver info: org.openqa.selenium.chrome.ChromeDriver
Command: [e7c0a430622d4224dc62f1383f7a59be, findElement {using=xpath, value=//*[@id=&amp;quot;kt_content_container&amp;quot;]/div/div[2]/div/div[1]/div[2]/a}]
Capabilities {acceptInsecureCerts: false, browserName: chrome, browserVersion: 125.0.6422.76, chrome: {chromedriverVersion: 125.0.6422.78 (14db42ec38ad..., userDataDir: C:\Users\THIRUM~1\AppData\L...}, fedcm:accounts: true, goog:chromeOptions: {debuggerAddress: localhost:55181}, networkConnectionEnabled: false, pageLoadStrategy: normal, platformName: windows, proxy: Proxy(), se:cdp: ws://localhost:55181/devtoo..., se:cdpVersion: 125.0.6422.76, setWindowRect: true, strictFileInteractability: false, timeouts: {implicit: 0, pageLoad: 300000, script: 30000}, unhandledPromptBehavior: dismiss and notify, webauthn:extension:credBlob: true, webauthn:extension:largeBlob: true, webauthn:extension:minPinLength: true, webauthn:extension:prf: true, webauthn:virtualAuthenticators: true}
Session ID: e7c0a430622d4224dc62f1383f7a59be">
      <![CDATA[org.openqa.selenium.NoSuchElementException: no such element: Unable to locate element: {"method":"xpath","selector":"//*[@id="kt_content_container"]/div/div[2]/div/div[1]/div[2]/a"}
  (Session info: chrome=125.0.6422.76)
For documentation on this error, please visit: https://www.selenium.dev/documentation/webdriver/troubleshooting/errors#no-such-element-exception
Build info: version: '4.18.1', revision: 'b1d3319b48'
System info: os.name: 'Windows 11', os.arch: 'amd64', os.version: '10.0', java.version: '21.0.2'
Driver info: org.openqa.selenium.chrome.ChromeDriver
Command: [e7c0a430622d4224dc62f1383f7a59be, findElement {using=xpath, value=//*[@id="kt_content_container"]/div/div[2]/div/div[1]/div[2]/a}]
Capabilities {acceptInsecureCerts: false, browserName: chrome, browserVersion: 125.0.6422.76, chrome: {chromedriverVersion: 125.0.6422.78 (14db42ec38ad..., userDataDir: C:\Users\THIRUM~1\AppData\L...}, fedcm:accounts: true, goog:chromeOptions: {debuggerAddress: localhost:55181}, networkConnectionEnabled: false, pageLoadStrategy: normal, platformName: windows, proxy: Proxy(), se:cdp: ws://localhost:55181/devtoo..., se:cdpVersion: 125.0.6422.76, setWindowRect: true, strictFileInteractability: false, timeouts: {implicit: 0, pageLoad: 300000, script: 30000}, unhandledPromptBehavior: dismiss and notify, webauthn:extension:credBlob: true, webauthn:extension:largeBlob: true, webauthn:extension:minPinLength: true, webauthn:extension:prf: true, webauthn:virtualAuthenticators: true}
Session ID: e7c0a430622d4224dc62f1383f7a59be
at org.openqa.selenium.remote.ErrorCodec.decode(ErrorCodec.java:167)
at org.openqa.selenium.remote.codec.w3c.W3CHttpResponseCodec.decode(W3CHttpResponseCodec.java:138)
at org.openqa.selenium.remote.codec.w3c.W3CHttpResponseCodec.decode(W3CHttpResponseCodec.java:50)
at org.openqa.selenium.remote.HttpCommandExecutor.execute(HttpCommandExecutor.java:190)
at org.openqa.selenium.remote.service.DriverCommandExecutor.invokeExecute(DriverCommandExecutor.java:216)
at org.openqa.selenium.remote.service.DriverCommandExecutor.execute(DriverCommandExecutor.java:174)
at org.openqa.selenium.remote.RemoteWebDriver.execute(RemoteWebDriver.java:519)
at org.openqa.selenium.remote.ElementLocation$ElementFinder$2.findElement(ElementLocation.java:165)
at org.openqa.selenium.remote.ElementLocation.findElement(ElementLocation.java:59)
at org.openqa.selenium.remote.RemoteWebDriver.findElement(RemoteWebDriver.java:356)
at org.openqa.selenium.remote.RemoteWebDriver.findElement(RemoteWebDriver.java:350)
at allPages.AllReportModules.TC12(AllReportModules.java:377)
at allPages.AllReportModules.TC16(AllReportModules.java:427)
at java.base/java.util.ArrayList.forEach(ArrayList.java:1596)
... Removed 28 stack frames]]>
    </failure>
  </testcase> <!-- TC16 -->
  <testcase classname="allPages.AllReportModules" name="TC18" time="73.497">
    <skipped/>
  </testcase> <!-- TC18 -->
  <testcase classname="allPages.AllReportModules" name="TC18" time="74.585">
    <skipped/>
  </testcase> <!-- TC18 -->
  <testcase classname="allPages.AllReportModules" name="TC18" time="74.537">
    <skipped/>
  </testcase> <!-- TC18 -->
  <testcase classname="allPages.AllReportModules" name="TC18" time="74.617">
    <skipped/>
  </testcase> <!-- TC18 -->
  <testcase classname="allPages.AllReportModules" name="TC18" time="75.125">
    <skipped/>
  </testcase> <!-- TC18 -->
  <testcase classname="allPages.AllReportModules" name="TC18" time="73.247">
    <failure type="org.openqa.selenium.NoSuchElementException" message="no such element: Unable to locate element: {&amp;quot;method&amp;quot;:&amp;quot;xpath&amp;quot;,&amp;quot;selector&amp;quot;:&amp;quot;//*[@id=&amp;quot;kt_content_container&amp;quot;]/div/div[2]/div/div[1]/div[2]/a&amp;quot;}
  (Session info: chrome=125.0.6422.76)
For documentation on this error, please visit: https://www.selenium.dev/documentation/webdriver/troubleshooting/errors#no-such-element-exception
Build info: version: &amp;apos;4.18.1&amp;apos;, revision: &amp;apos;b1d3319b48&amp;apos;
System info: os.name: &amp;apos;Windows 11&amp;apos;, os.arch: &amp;apos;amd64&amp;apos;, os.version: &amp;apos;10.0&amp;apos;, java.version: &amp;apos;21.0.2&amp;apos;
Driver info: org.openqa.selenium.chrome.ChromeDriver
Command: [c24a1d4a22d4cac4d7ed63c05779390f, findElement {using=xpath, value=//*[@id=&amp;quot;kt_content_container&amp;quot;]/div/div[2]/div/div[1]/div[2]/a}]
Capabilities {acceptInsecureCerts: false, browserName: chrome, browserVersion: 125.0.6422.76, chrome: {chromedriverVersion: 125.0.6422.78 (14db42ec38ad..., userDataDir: C:\Users\THIRUM~1\AppData\L...}, fedcm:accounts: true, goog:chromeOptions: {debuggerAddress: localhost:55745}, networkConnectionEnabled: false, pageLoadStrategy: normal, platformName: windows, proxy: Proxy(), se:cdp: ws://localhost:55745/devtoo..., se:cdpVersion: 125.0.6422.76, setWindowRect: true, strictFileInteractability: false, timeouts: {implicit: 0, pageLoad: 300000, script: 30000}, unhandledPromptBehavior: dismiss and notify, webauthn:extension:credBlob: true, webauthn:extension:largeBlob: true, webauthn:extension:minPinLength: true, webauthn:extension:prf: true, webauthn:virtualAuthenticators: true}
Session ID: c24a1d4a22d4cac4d7ed63c05779390f">
      <![CDATA[org.openqa.selenium.NoSuchElementException: no such element: Unable to locate element: {"method":"xpath","selector":"//*[@id="kt_content_container"]/div/div[2]/div/div[1]/div[2]/a"}
  (Session info: chrome=125.0.6422.76)
For documentation on this error, please visit: https://www.selenium.dev/documentation/webdriver/troubleshooting/errors#no-such-element-exception
Build info: version: '4.18.1', revision: 'b1d3319b48'
System info: os.name: 'Windows 11', os.arch: 'amd64', os.version: '10.0', java.version: '21.0.2'
Driver info: org.openqa.selenium.chrome.ChromeDriver
Command: [c24a1d4a22d4cac4d7ed63c05779390f, findElement {using=xpath, value=//*[@id="kt_content_container"]/div/div[2]/div/div[1]/div[2]/a}]
Capabilities {acceptInsecureCerts: false, browserName: chrome, browserVersion: 125.0.6422.76, chrome: {chromedriverVersion: 125.0.6422.78 (14db42ec38ad..., userDataDir: C:\Users\THIRUM~1\AppData\L...}, fedcm:accounts: true, goog:chromeOptions: {debuggerAddress: localhost:55745}, networkConnectionEnabled: false, pageLoadStrategy: normal, platformName: windows, proxy: Proxy(), se:cdp: ws://localhost:55745/devtoo..., se:cdpVersion: 125.0.6422.76, setWindowRect: true, strictFileInteractability: false, timeouts: {implicit: 0, pageLoad: 300000, script: 30000}, unhandledPromptBehavior: dismiss and notify, webauthn:extension:credBlob: true, webauthn:extension:largeBlob: true, webauthn:extension:minPinLength: true, webauthn:extension:prf: true, webauthn:virtualAuthenticators: true}
Session ID: c24a1d4a22d4cac4d7ed63c05779390f
at org.openqa.selenium.remote.ErrorCodec.decode(ErrorCodec.java:167)
at org.openqa.selenium.remote.codec.w3c.W3CHttpResponseCodec.decode(W3CHttpResponseCodec.java:138)
at org.openqa.selenium.remote.codec.w3c.W3CHttpResponseCodec.decode(W3CHttpResponseCodec.java:50)
at org.openqa.selenium.remote.HttpCommandExecutor.execute(HttpCommandExecutor.java:190)
at org.openqa.selenium.remote.service.DriverCommandExecutor.invokeExecute(DriverCommandExecutor.java:216)
at org.openqa.selenium.remote.service.DriverCommandExecutor.execute(DriverCommandExecutor.java:174)
at org.openqa.selenium.remote.RemoteWebDriver.execute(RemoteWebDriver.java:519)
at org.openqa.selenium.remote.ElementLocation$ElementFinder$2.findElement(ElementLocation.java:165)
at org.openqa.selenium.remote.ElementLocation.findElement(ElementLocation.java:59)
at org.openqa.selenium.remote.RemoteWebDriver.findElement(RemoteWebDriver.java:356)
at org.openqa.selenium.remote.RemoteWebDriver.findElement(RemoteWebDriver.java:350)
at allPages.AllReportModules.TC12(AllReportModules.java:377)
at allPages.AllReportModules.TC18(AllReportModules.java:435)
at java.base/java.util.ArrayList.forEach(ArrayList.java:1596)
... Removed 28 stack frames]]>
    </failure>
  </testcase> <!-- TC18 -->
  <testcase classname="allPages.AllReportModules" name="TC19" time="71.447">
    <skipped/>
  </testcase> <!-- TC19 -->
  <testcase classname="allPages.AllReportModules" name="TC19" time="71.435">
    <skipped/>
  </testcase> <!-- TC19 -->
  <testcase classname="allPages.AllReportModules" name="TC19" time="75.714">
    <skipped/>
  </testcase> <!-- TC19 -->
  <testcase classname="allPages.AllReportModules" name="TC19" time="76.59">
    <skipped/>
  </testcase> <!-- TC19 -->
  <testcase classname="allPages.AllReportModules" name="TC19" time="74.242">
    <skipped/>
  </testcase> <!-- TC19 -->
  <testcase classname="allPages.AllReportModules" name="TC19" time="74.168">
    <failure type="org.openqa.selenium.NoSuchElementException" message="no such element: Unable to locate element: {&amp;quot;method&amp;quot;:&amp;quot;xpath&amp;quot;,&amp;quot;selector&amp;quot;:&amp;quot;//*[@id=&amp;quot;kt_content_container&amp;quot;]/div/div[2]/div/div[1]/div[2]/a&amp;quot;}
  (Session info: chrome=125.0.6422.76)
For documentation on this error, please visit: https://www.selenium.dev/documentation/webdriver/troubleshooting/errors#no-such-element-exception
Build info: version: &amp;apos;4.18.1&amp;apos;, revision: &amp;apos;b1d3319b48&amp;apos;
System info: os.name: &amp;apos;Windows 11&amp;apos;, os.arch: &amp;apos;amd64&amp;apos;, os.version: &amp;apos;10.0&amp;apos;, java.version: &amp;apos;21.0.2&amp;apos;
Driver info: org.openqa.selenium.chrome.ChromeDriver
Command: [b71f672f3a358e51c2908ed105e31219, findElement {using=xpath, value=//*[@id=&amp;quot;kt_content_container&amp;quot;]/div/div[2]/div/div[1]/div[2]/a}]
Capabilities {acceptInsecureCerts: false, browserName: chrome, browserVersion: 125.0.6422.76, chrome: {chromedriverVersion: 125.0.6422.78 (14db42ec38ad..., userDataDir: C:\Users\THIRUM~1\AppData\L...}, fedcm:accounts: true, goog:chromeOptions: {debuggerAddress: localhost:56566}, networkConnectionEnabled: false, pageLoadStrategy: normal, platformName: windows, proxy: Proxy(), se:cdp: ws://localhost:56566/devtoo..., se:cdpVersion: 125.0.6422.76, setWindowRect: true, strictFileInteractability: false, timeouts: {implicit: 0, pageLoad: 300000, script: 30000}, unhandledPromptBehavior: dismiss and notify, webauthn:extension:credBlob: true, webauthn:extension:largeBlob: true, webauthn:extension:minPinLength: true, webauthn:extension:prf: true, webauthn:virtualAuthenticators: true}
Session ID: b71f672f3a358e51c2908ed105e31219">
      <![CDATA[org.openqa.selenium.NoSuchElementException: no such element: Unable to locate element: {"method":"xpath","selector":"//*[@id="kt_content_container"]/div/div[2]/div/div[1]/div[2]/a"}
  (Session info: chrome=125.0.6422.76)
For documentation on this error, please visit: https://www.selenium.dev/documentation/webdriver/troubleshooting/errors#no-such-element-exception
Build info: version: '4.18.1', revision: 'b1d3319b48'
System info: os.name: 'Windows 11', os.arch: 'amd64', os.version: '10.0', java.version: '21.0.2'
Driver info: org.openqa.selenium.chrome.ChromeDriver
Command: [b71f672f3a358e51c2908ed105e31219, findElement {using=xpath, value=//*[@id="kt_content_container"]/div/div[2]/div/div[1]/div[2]/a}]
Capabilities {acceptInsecureCerts: false, browserName: chrome, browserVersion: 125.0.6422.76, chrome: {chromedriverVersion: 125.0.6422.78 (14db42ec38ad..., userDataDir: C:\Users\THIRUM~1\AppData\L...}, fedcm:accounts: true, goog:chromeOptions: {debuggerAddress: localhost:56566}, networkConnectionEnabled: false, pageLoadStrategy: normal, platformName: windows, proxy: Proxy(), se:cdp: ws://localhost:56566/devtoo..., se:cdpVersion: 125.0.6422.76, setWindowRect: true, strictFileInteractability: false, timeouts: {implicit: 0, pageLoad: 300000, script: 30000}, unhandledPromptBehavior: dismiss and notify, webauthn:extension:credBlob: true, webauthn:extension:largeBlob: true, webauthn:extension:minPinLength: true, webauthn:extension:prf: true, webauthn:virtualAuthenticators: true}
Session ID: b71f672f3a358e51c2908ed105e31219
at org.openqa.selenium.remote.ErrorCodec.decode(ErrorCodec.java:167)
at org.openqa.selenium.remote.codec.w3c.W3CHttpResponseCodec.decode(W3CHttpResponseCodec.java:138)
at org.openqa.selenium.remote.codec.w3c.W3CHttpResponseCodec.decode(W3CHttpResponseCodec.java:50)
at org.openqa.selenium.remote.HttpCommandExecutor.execute(HttpCommandExecutor.java:190)
at org.openqa.selenium.remote.service.DriverCommandExecutor.invokeExecute(DriverCommandExecutor.java:216)
at org.openqa.selenium.remote.service.DriverCommandExecutor.execute(DriverCommandExecutor.java:174)
at org.openqa.selenium.remote.RemoteWebDriver.execute(RemoteWebDriver.java:519)
at org.openqa.selenium.remote.ElementLocation$ElementFinder$2.findElement(ElementLocation.java:165)
at org.openqa.selenium.remote.ElementLocation.findElement(ElementLocation.java:59)
at org.openqa.selenium.remote.RemoteWebDriver.findElement(RemoteWebDriver.java:356)
at org.openqa.selenium.remote.RemoteWebDriver.findElement(RemoteWebDriver.java:350)
at allPages.AllReportModules.TC19(AllReportModules.java:462)
at java.base/java.util.ArrayList.forEach(ArrayList.java:1596)
... Removed 28 stack frames]]>
    </failure>
  </testcase> <!-- TC19 -->
  <testcase classname="allPages.AllReportModules" name="TC20" time="23.199"/>
  <testcase classname="allPages.AllReportModules" name="TC21" time="13.055"/>
  <testcase classname="allPages.AllReportModules" name="TC22" time="71.591">
    <skipped/>
  </testcase> <!-- TC22 -->
  <testcase classname="allPages.AllReportModules" name="TC22" time="11.871"/>
  <testcase classname="allPages.AllReportModules" name="TC23" time="12.647"/>
  <testcase classname="allPages.AllReportModules" name="TC24" time="11.642"/>
  <testcase classname="allPages.AllReportModules" name="TC25" time="26.349"/>
  <testcase classname="allPages.AllReportModules" name="TC26" time="11.728"/>
  <testcase classname="allPages.AllReportModules" name="TC27" time="12.305"/>
  <testcase classname="allPages.AllReportModules" name="TC28" time="8.813"/>
  <testcase classname="allPages.AllReportModules" name="TC29" time="78.807">
    <skipped/>
  </testcase> <!-- TC29 -->
  <testcase classname="allPages.AllReportModules" name="TC29" time="76.353">
    <skipped/>
  </testcase> <!-- TC29 -->
  <testcase classname="allPages.AllReportModules" name="TC29" time="65.637">
    <skipped/>
  </testcase> <!-- TC29 -->
  <testcase classname="allPages.AllReportModules" name="TC29" time="77.428">
    <skipped/>
  </testcase> <!-- TC29 -->
  <testcase classname="allPages.AllReportModules" name="TC29" time="76.13">
    <skipped/>
  </testcase> <!-- TC29 -->
  <testcase classname="allPages.AllReportModules" name="TC29" time="77.678">
    <failure type="org.openqa.selenium.NoSuchElementException" message="no such element: Unable to locate element: {&amp;quot;method&amp;quot;:&amp;quot;css selector&amp;quot;,&amp;quot;selector&amp;quot;:&amp;quot;*[name=&amp;apos;ctl00$ContentPlaceHolder1$checkRobot&amp;apos;]&amp;quot;}
  (Session info: chrome=125.0.6422.76)
For documentation on this error, please visit: https://www.selenium.dev/documentation/webdriver/troubleshooting/errors#no-such-element-exception
Build info: version: &amp;apos;4.18.1&amp;apos;, revision: &amp;apos;b1d3319b48&amp;apos;
System info: os.name: &amp;apos;Windows 11&amp;apos;, os.arch: &amp;apos;amd64&amp;apos;, os.version: &amp;apos;10.0&amp;apos;, java.version: &amp;apos;21.0.2&amp;apos;
Driver info: org.openqa.selenium.chrome.ChromeDriver
Command: [a026a6f052d45eb887709d3c204fbc9b, findElement {using=name, value=ctl00$ContentPlaceHolder1$checkRobot}]
Capabilities {acceptInsecureCerts: false, browserName: chrome, browserVersion: 125.0.6422.76, chrome: {chromedriverVersion: 125.0.6422.78 (14db42ec38ad..., userDataDir: C:\Users\THIRUM~1\AppData\L...}, fedcm:accounts: true, goog:chromeOptions: {debuggerAddress: localhost:58264}, networkConnectionEnabled: false, pageLoadStrategy: normal, platformName: windows, proxy: Proxy(), se:cdp: ws://localhost:58264/devtoo..., se:cdpVersion: 125.0.6422.76, setWindowRect: true, strictFileInteractability: false, timeouts: {implicit: 0, pageLoad: 300000, script: 30000}, unhandledPromptBehavior: dismiss and notify, webauthn:extension:credBlob: true, webauthn:extension:largeBlob: true, webauthn:extension:minPinLength: true, webauthn:extension:prf: true, webauthn:virtualAuthenticators: true}
Session ID: a026a6f052d45eb887709d3c204fbc9b">
      <![CDATA[org.openqa.selenium.NoSuchElementException: no such element: Unable to locate element: {"method":"css selector","selector":"*[name='ctl00$ContentPlaceHolder1$checkRobot']"}
  (Session info: chrome=125.0.6422.76)
For documentation on this error, please visit: https://www.selenium.dev/documentation/webdriver/troubleshooting/errors#no-such-element-exception
Build info: version: '4.18.1', revision: 'b1d3319b48'
System info: os.name: 'Windows 11', os.arch: 'amd64', os.version: '10.0', java.version: '21.0.2'
Driver info: org.openqa.selenium.chrome.ChromeDriver
Command: [a026a6f052d45eb887709d3c204fbc9b, findElement {using=name, value=ctl00$ContentPlaceHolder1$checkRobot}]
Capabilities {acceptInsecureCerts: false, browserName: chrome, browserVersion: 125.0.6422.76, chrome: {chromedriverVersion: 125.0.6422.78 (14db42ec38ad..., userDataDir: C:\Users\THIRUM~1\AppData\L...}, fedcm:accounts: true, goog:chromeOptions: {debuggerAddress: localhost:58264}, networkConnectionEnabled: false, pageLoadStrategy: normal, platformName: windows, proxy: Proxy(), se:cdp: ws://localhost:58264/devtoo..., se:cdpVersion: 125.0.6422.76, setWindowRect: true, strictFileInteractability: false, timeouts: {implicit: 0, pageLoad: 300000, script: 30000}, unhandledPromptBehavior: dismiss and notify, webauthn:extension:credBlob: true, webauthn:extension:largeBlob: true, webauthn:extension:minPinLength: true, webauthn:extension:prf: true, webauthn:virtualAuthenticators: true}
Session ID: a026a6f052d45eb887709d3c204fbc9b
at org.openqa.selenium.remote.ErrorCodec.decode(ErrorCodec.java:167)
at org.openqa.selenium.remote.codec.w3c.W3CHttpResponseCodec.decode(W3CHttpResponseCodec.java:138)
at org.openqa.selenium.remote.codec.w3c.W3CHttpResponseCodec.decode(W3CHttpResponseCodec.java:50)
at org.openqa.selenium.remote.HttpCommandExecutor.execute(HttpCommandExecutor.java:190)
at org.openqa.selenium.remote.service.DriverCommandExecutor.invokeExecute(DriverCommandExecutor.java:216)
at org.openqa.selenium.remote.service.DriverCommandExecutor.execute(DriverCommandExecutor.java:174)
at org.openqa.selenium.remote.RemoteWebDriver.execute(RemoteWebDriver.java:519)
at org.openqa.selenium.remote.ElementLocation$ElementFinder$2.findElement(ElementLocation.java:165)
at org.openqa.selenium.remote.ElementLocation.findElement(ElementLocation.java:59)
at org.openqa.selenium.remote.RemoteWebDriver.findElement(RemoteWebDriver.java:356)
at org.openqa.selenium.remote.RemoteWebDriver.findElement(RemoteWebDriver.java:350)
at allPages.AllReportModules.TC29(AllReportModules.java:632)
at java.base/java.util.ArrayList.forEach(ArrayList.java:1596)
... Removed 28 stack frames]]>
    </failure>
  </testcase> <!-- TC29 -->
  <testcase classname="allPages.AllReportModules" name="TC30" time="66.293">
    <skipped/>
  </testcase> <!-- TC30 -->
  <testcase classname="allPages.AllReportModules" name="TC30" time="84.629">
    <skipped/>
  </testcase> <!-- TC30 -->
  <testcase classname="allPages.AllReportModules" name="TC30" time="65.436">
    <skipped/>
  </testcase> <!-- TC30 -->
  <testcase classname="allPages.AllReportModules" name="TC30" time="81.047">
    <skipped/>
  </testcase> <!-- TC30 -->
  <testcase classname="allPages.AllReportModules" name="TC30" time="80.666">
    <skipped/>
  </testcase> <!-- TC30 -->
  <testcase classname="allPages.AllReportModules" name="TC30" time="81.42">
    <failure type="org.openqa.selenium.NoSuchElementException" message="no such element: Unable to locate element: {&amp;quot;method&amp;quot;:&amp;quot;css selector&amp;quot;,&amp;quot;selector&amp;quot;:&amp;quot;*[name=&amp;apos;ctl00$ContentPlaceHolder1$txtacname&amp;apos;]&amp;quot;}
  (Session info: chrome=125.0.6422.76)
For documentation on this error, please visit: https://www.selenium.dev/documentation/webdriver/troubleshooting/errors#no-such-element-exception
Build info: version: &amp;apos;4.18.1&amp;apos;, revision: &amp;apos;b1d3319b48&amp;apos;
System info: os.name: &amp;apos;Windows 11&amp;apos;, os.arch: &amp;apos;amd64&amp;apos;, os.version: &amp;apos;10.0&amp;apos;, java.version: &amp;apos;21.0.2&amp;apos;
Driver info: org.openqa.selenium.chrome.ChromeDriver
Command: [36fc99462dbb535f3a6027c1e20549e7, findElement {using=name, value=ctl00$ContentPlaceHolder1$txtacname}]
Capabilities {acceptInsecureCerts: false, browserName: chrome, browserVersion: 125.0.6422.76, chrome: {chromedriverVersion: 125.0.6422.78 (14db42ec38ad..., userDataDir: C:\Users\THIRUM~1\AppData\L...}, fedcm:accounts: true, goog:chromeOptions: {debuggerAddress: localhost:58669}, networkConnectionEnabled: false, pageLoadStrategy: normal, platformName: windows, proxy: Proxy(), se:cdp: ws://localhost:58669/devtoo..., se:cdpVersion: 125.0.6422.76, setWindowRect: true, strictFileInteractability: false, timeouts: {implicit: 0, pageLoad: 300000, script: 30000}, unhandledPromptBehavior: dismiss and notify, webauthn:extension:credBlob: true, webauthn:extension:largeBlob: true, webauthn:extension:minPinLength: true, webauthn:extension:prf: true, webauthn:virtualAuthenticators: true}
Session ID: 36fc99462dbb535f3a6027c1e20549e7">
      <![CDATA[org.openqa.selenium.NoSuchElementException: no such element: Unable to locate element: {"method":"css selector","selector":"*[name='ctl00$ContentPlaceHolder1$txtacname']"}
  (Session info: chrome=125.0.6422.76)
For documentation on this error, please visit: https://www.selenium.dev/documentation/webdriver/troubleshooting/errors#no-such-element-exception
Build info: version: '4.18.1', revision: 'b1d3319b48'
System info: os.name: 'Windows 11', os.arch: 'amd64', os.version: '10.0', java.version: '21.0.2'
Driver info: org.openqa.selenium.chrome.ChromeDriver
Command: [36fc99462dbb535f3a6027c1e20549e7, findElement {using=name, value=ctl00$ContentPlaceHolder1$txtacname}]
Capabilities {acceptInsecureCerts: false, browserName: chrome, browserVersion: 125.0.6422.76, chrome: {chromedriverVersion: 125.0.6422.78 (14db42ec38ad..., userDataDir: C:\Users\THIRUM~1\AppData\L...}, fedcm:accounts: true, goog:chromeOptions: {debuggerAddress: localhost:58669}, networkConnectionEnabled: false, pageLoadStrategy: normal, platformName: windows, proxy: Proxy(), se:cdp: ws://localhost:58669/devtoo..., se:cdpVersion: 125.0.6422.76, setWindowRect: true, strictFileInteractability: false, timeouts: {implicit: 0, pageLoad: 300000, script: 30000}, unhandledPromptBehavior: dismiss and notify, webauthn:extension:credBlob: true, webauthn:extension:largeBlob: true, webauthn:extension:minPinLength: true, webauthn:extension:prf: true, webauthn:virtualAuthenticators: true}
Session ID: 36fc99462dbb535f3a6027c1e20549e7
at org.openqa.selenium.remote.ErrorCodec.decode(ErrorCodec.java:167)
at org.openqa.selenium.remote.codec.w3c.W3CHttpResponseCodec.decode(W3CHttpResponseCodec.java:138)
at org.openqa.selenium.remote.codec.w3c.W3CHttpResponseCodec.decode(W3CHttpResponseCodec.java:50)
at org.openqa.selenium.remote.HttpCommandExecutor.execute(HttpCommandExecutor.java:190)
at org.openqa.selenium.remote.service.DriverCommandExecutor.invokeExecute(DriverCommandExecutor.java:216)
at org.openqa.selenium.remote.service.DriverCommandExecutor.execute(DriverCommandExecutor.java:174)
at org.openqa.selenium.remote.RemoteWebDriver.execute(RemoteWebDriver.java:519)
at org.openqa.selenium.remote.ElementLocation$ElementFinder$2.findElement(ElementLocation.java:165)
at org.openqa.selenium.remote.ElementLocation.findElement(ElementLocation.java:59)
at org.openqa.selenium.remote.RemoteWebDriver.findElement(RemoteWebDriver.java:356)
at org.openqa.selenium.remote.RemoteWebDriver.findElement(RemoteWebDriver.java:350)
at allPages.AllReportModules.TC30(AllReportModules.java:650)
at java.base/java.util.ArrayList.forEach(ArrayList.java:1596)
... Removed 28 stack frames]]>
    </failure>
  </testcase> <!-- TC30 -->
  <testcase classname="allPages.AllReportModules" name="TC31" time="18.117"/>
  <testcase classname="allPages.AllReportModules" name="TC32" time="18.595"/>
  <testcase classname="allPages.AllReportModules" name="TC33" time="14.204"/>
  <testcase classname="allPages.AllReportModules" name="TC34" time="16.359"/>
  <testcase classname="allPages.AllReportModules" name="TC35" time="15.307"/>
  <testcase classname="allPages.AllReportModules" name="TC36" time="79.001">
    <skipped/>
  </testcase> <!-- TC36 -->
  <testcase classname="allPages.AllReportModules" name="TC36" time="79.163">
    <skipped/>
  </testcase> <!-- TC36 -->
  <testcase classname="allPages.AllReportModules" name="TC36" time="78.255">
    <skipped/>
  </testcase> <!-- TC36 -->
  <testcase classname="allPages.AllReportModules" name="TC36" time="78.039">
    <skipped/>
  </testcase> <!-- TC36 -->
  <testcase classname="allPages.AllReportModules" name="TC36" time="19.026">
    <skipped/>
  </testcase> <!-- TC36 -->
  <testcase classname="allPages.AllReportModules" name="TC36" time="79.826">
    <failure type="org.openqa.selenium.NoSuchElementException" message="no such element: Unable to locate element: {&amp;quot;method&amp;quot;:&amp;quot;xpath&amp;quot;,&amp;quot;selector&amp;quot;:&amp;quot;//*[@id=&amp;quot;hello&amp;quot;]/div[3]/div[2]/div/div[1]/div[2]/div/button&amp;quot;}
  (Session info: chrome=125.0.6422.76)
For documentation on this error, please visit: https://www.selenium.dev/documentation/webdriver/troubleshooting/errors#no-such-element-exception
Build info: version: &amp;apos;4.18.1&amp;apos;, revision: &amp;apos;b1d3319b48&amp;apos;
System info: os.name: &amp;apos;Windows 11&amp;apos;, os.arch: &amp;apos;amd64&amp;apos;, os.version: &amp;apos;10.0&amp;apos;, java.version: &amp;apos;21.0.2&amp;apos;
Driver info: org.openqa.selenium.chrome.ChromeDriver
Command: [894434911eb384ca851a8e5d90bd5c42, findElement {using=xpath, value=//*[@id=&amp;quot;hello&amp;quot;]/div[3]/div[2]/div/div[1]/div[2]/div/button}]
Capabilities {acceptInsecureCerts: false, browserName: chrome, browserVersion: 125.0.6422.76, chrome: {chromedriverVersion: 125.0.6422.78 (14db42ec38ad..., userDataDir: C:\Users\THIRUM~1\AppData\L...}, fedcm:accounts: true, goog:chromeOptions: {debuggerAddress: localhost:59254}, networkConnectionEnabled: false, pageLoadStrategy: normal, platformName: windows, proxy: Proxy(), se:cdp: ws://localhost:59254/devtoo..., se:cdpVersion: 125.0.6422.76, setWindowRect: true, strictFileInteractability: false, timeouts: {implicit: 0, pageLoad: 300000, script: 30000}, unhandledPromptBehavior: dismiss and notify, webauthn:extension:credBlob: true, webauthn:extension:largeBlob: true, webauthn:extension:minPinLength: true, webauthn:extension:prf: true, webauthn:virtualAuthenticators: true}
Session ID: 894434911eb384ca851a8e5d90bd5c42">
      <![CDATA[org.openqa.selenium.NoSuchElementException: no such element: Unable to locate element: {"method":"xpath","selector":"//*[@id="hello"]/div[3]/div[2]/div/div[1]/div[2]/div/button"}
  (Session info: chrome=125.0.6422.76)
For documentation on this error, please visit: https://www.selenium.dev/documentation/webdriver/troubleshooting/errors#no-such-element-exception
Build info: version: '4.18.1', revision: 'b1d3319b48'
System info: os.name: 'Windows 11', os.arch: 'amd64', os.version: '10.0', java.version: '21.0.2'
Driver info: org.openqa.selenium.chrome.ChromeDriver
Command: [894434911eb384ca851a8e5d90bd5c42, findElement {using=xpath, value=//*[@id="hello"]/div[3]/div[2]/div/div[1]/div[2]/div/button}]
Capabilities {acceptInsecureCerts: false, browserName: chrome, browserVersion: 125.0.6422.76, chrome: {chromedriverVersion: 125.0.6422.78 (14db42ec38ad..., userDataDir: C:\Users\THIRUM~1\AppData\L...}, fedcm:accounts: true, goog:chromeOptions: {debuggerAddress: localhost:59254}, networkConnectionEnabled: false, pageLoadStrategy: normal, platformName: windows, proxy: Proxy(), se:cdp: ws://localhost:59254/devtoo..., se:cdpVersion: 125.0.6422.76, setWindowRect: true, strictFileInteractability: false, timeouts: {implicit: 0, pageLoad: 300000, script: 30000}, unhandledPromptBehavior: dismiss and notify, webauthn:extension:credBlob: true, webauthn:extension:largeBlob: true, webauthn:extension:minPinLength: true, webauthn:extension:prf: true, webauthn:virtualAuthenticators: true}
Session ID: 894434911eb384ca851a8e5d90bd5c42
at org.openqa.selenium.remote.ErrorCodec.decode(ErrorCodec.java:167)
at org.openqa.selenium.remote.codec.w3c.W3CHttpResponseCodec.decode(W3CHttpResponseCodec.java:138)
at org.openqa.selenium.remote.codec.w3c.W3CHttpResponseCodec.decode(W3CHttpResponseCodec.java:50)
at org.openqa.selenium.remote.HttpCommandExecutor.execute(HttpCommandExecutor.java:190)
at org.openqa.selenium.remote.service.DriverCommandExecutor.invokeExecute(DriverCommandExecutor.java:216)
at org.openqa.selenium.remote.service.DriverCommandExecutor.execute(DriverCommandExecutor.java:174)
at org.openqa.selenium.remote.RemoteWebDriver.execute(RemoteWebDriver.java:519)
at org.openqa.selenium.remote.ElementLocation$ElementFinder$2.findElement(ElementLocation.java:165)
at org.openqa.selenium.remote.ElementLocation.findElement(ElementLocation.java:59)
at org.openqa.selenium.remote.RemoteWebDriver.findElement(RemoteWebDriver.java:356)
at org.openqa.selenium.remote.RemoteWebDriver.findElement(RemoteWebDriver.java:350)
at allPages.AllReportModules.TC36(AllReportModules.java:789)
at java.base/java.util.ArrayList.forEach(ArrayList.java:1596)
... Removed 28 stack frames]]>
    </failure>
  </testcase> <!-- TC36 -->
  <testcase classname="allPages.AllReportModules" name="TC37" time="17.266"/>
  <testcase classname="allPages.AllReportModules" name="TC38" time="19.946"/>
  <testcase classname="allPages.AllReportModules" name="TC39" time="12.52"/>
  <testcase classname="allPages.Login" name="Login_TC1" time="0.514"/>
  <testcase classname="allPages.Login" name="Login_TC2" time="0.384"/>
  <testcase classname="allPages.Login" name="Login_TC3" time="0.465"/>
  <testcase classname="allPages.Login" name="Login_TC4" time="0.491"/>
  <testcase classname="allPages.Login" name="Login_TC5" time="0.498"/>
  <testcase classname="allPages.Login" name="Login_TC6" time="30.792"/>
  <testcase classname="allPages.Login" name="Login_TC7" time="30.788"/>
  <testcase classname="allPages.Login" name="Login_TC9" time="0.432"/>
  <testcase classname="allPages.Login" name="Login_TC10" time="1.407"/>
  <testcase classname="allPages.Login" name="Login_T11" time="130.446">
    <failure type="org.openqa.selenium.NoSuchElementException" message="no such element: Unable to locate element: {&amp;quot;method&amp;quot;:&amp;quot;xpath&amp;quot;,&amp;quot;selector&amp;quot;:&amp;quot;/html/body/div/div[2]/div[2]/div[2]/div/div/div/div[2]/table/tbody/tr/td[8]/div/div/a&amp;quot;}
  (Session info: chrome=125.0.6422.76)
For documentation on this error, please visit: https://www.selenium.dev/documentation/webdriver/troubleshooting/errors#no-such-element-exception
Build info: version: &amp;apos;4.18.1&amp;apos;, revision: &amp;apos;b1d3319b48&amp;apos;
System info: os.name: &amp;apos;Windows 11&amp;apos;, os.arch: &amp;apos;amd64&amp;apos;, os.version: &amp;apos;10.0&amp;apos;, java.version: &amp;apos;21.0.2&amp;apos;
Driver info: org.openqa.selenium.chrome.ChromeDriver
Command: [3af7684ab8871003fdde45fdef1bc3b8, findElement {using=xpath, value=/html/body/div/div[2]/div[2]/div[2]/div/div/div/div[2]/table/tbody/tr/td[8]/div/div/a}]
Capabilities {acceptInsecureCerts: false, browserName: chrome, browserVersion: 125.0.6422.76, chrome: {chromedriverVersion: 125.0.6422.78 (14db42ec38ad..., userDataDir: C:\Users\THIRUM~1\AppData\L...}, fedcm:accounts: true, goog:chromeOptions: {debuggerAddress: localhost:59844}, networkConnectionEnabled: false, pageLoadStrategy: normal, platformName: windows, proxy: Proxy(), se:cdp: ws://localhost:59844/devtoo..., se:cdpVersion: 125.0.6422.76, setWindowRect: true, strictFileInteractability: false, timeouts: {implicit: 0, pageLoad: 300000, script: 30000}, unhandledPromptBehavior: dismiss and notify, webauthn:extension:credBlob: true, webauthn:extension:largeBlob: true, webauthn:extension:minPinLength: true, webauthn:extension:prf: true, webauthn:virtualAuthenticators: true}
Session ID: 3af7684ab8871003fdde45fdef1bc3b8">
      <![CDATA[org.openqa.selenium.NoSuchElementException: no such element: Unable to locate element: {"method":"xpath","selector":"/html/body/div/div[2]/div[2]/div[2]/div/div/div/div[2]/table/tbody/tr/td[8]/div/div/a"}
  (Session info: chrome=125.0.6422.76)
For documentation on this error, please visit: https://www.selenium.dev/documentation/webdriver/troubleshooting/errors#no-such-element-exception
Build info: version: '4.18.1', revision: 'b1d3319b48'
System info: os.name: 'Windows 11', os.arch: 'amd64', os.version: '10.0', java.version: '21.0.2'
Driver info: org.openqa.selenium.chrome.ChromeDriver
Command: [3af7684ab8871003fdde45fdef1bc3b8, findElement {using=xpath, value=/html/body/div/div[2]/div[2]/div[2]/div/div/div/div[2]/table/tbody/tr/td[8]/div/div/a}]
Capabilities {acceptInsecureCerts: false, browserName: chrome, browserVersion: 125.0.6422.76, chrome: {chromedriverVersion: 125.0.6422.78 (14db42ec38ad..., userDataDir: C:\Users\THIRUM~1\AppData\L...}, fedcm:accounts: true, goog:chromeOptions: {debuggerAddress: localhost:59844}, networkConnectionEnabled: false, pageLoadStrategy: normal, platformName: windows, proxy: Proxy(), se:cdp: ws://localhost:59844/devtoo..., se:cdpVersion: 125.0.6422.76, setWindowRect: true, strictFileInteractability: false, timeouts: {implicit: 0, pageLoad: 300000, script: 30000}, unhandledPromptBehavior: dismiss and notify, webauthn:extension:credBlob: true, webauthn:extension:largeBlob: true, webauthn:extension:minPinLength: true, webauthn:extension:prf: true, webauthn:virtualAuthenticators: true}
Session ID: 3af7684ab8871003fdde45fdef1bc3b8
at org.openqa.selenium.remote.ErrorCodec.decode(ErrorCodec.java:167)
at org.openqa.selenium.remote.codec.w3c.W3CHttpResponseCodec.decode(W3CHttpResponseCodec.java:138)
at org.openqa.selenium.remote.codec.w3c.W3CHttpResponseCodec.decode(W3CHttpResponseCodec.java:50)
at org.openqa.selenium.remote.HttpCommandExecutor.execute(HttpCommandExecutor.java:190)
at org.openqa.selenium.remote.service.DriverCommandExecutor.invokeExecute(DriverCommandExecutor.java:216)
at org.openqa.selenium.remote.service.DriverCommandExecutor.execute(DriverCommandExecutor.java:174)
at org.openqa.selenium.remote.RemoteWebDriver.execute(RemoteWebDriver.java:519)
at org.openqa.selenium.remote.ElementLocation$ElementFinder$2.findElement(ElementLocation.java:165)
at org.openqa.selenium.remote.ElementLocation.findElement(ElementLocation.java:59)
at org.openqa.selenium.remote.RemoteWebDriver.findElement(RemoteWebDriver.java:356)
at org.openqa.selenium.remote.RemoteWebDriver.findElement(RemoteWebDriver.java:350)
at allPages.Login.Login_T11(Login.java:200)
at java.base/java.util.ArrayList.forEach(ArrayList.java:1596)
... Removed 28 stack frames]]>
    </failure>
  </testcase> <!-- Login_T11 -->
  <testcase classname="allPages.CustomerACHUpload" name="ACHUploadClick" time="21.832"/>
  <testcase classname="allPages.CustomerACHUpload" name="TC01" time="9.469"/>
  <testcase classname="allPages.CustomerACHUpload" name="TC02" time="10.07">
    <skipped/>
  </testcase> <!-- TC02 -->
  <testcase classname="allPages.CustomerACHUpload" name="TC02" time="10.788">
    <skipped/>
  </testcase> <!-- TC02 -->
  <testcase classname="allPages.CustomerACHUpload" name="TC02" time="10.179">
    <skipped/>
  </testcase> <!-- TC02 -->
  <testcase classname="allPages.CustomerACHUpload" name="TC02" time="8.404">
    <skipped/>
  </testcase> <!-- TC02 -->
  <testcase classname="allPages.CustomerACHUpload" name="TC02" time="11.594">
    <skipped/>
  </testcase> <!-- TC02 -->
  <testcase classname="allPages.CustomerACHUpload" name="TC02" time="9.722">
    <failure type="org.openqa.selenium.NoSuchElementException" message="Cannot locate option with index: 3
For documentation on this error, please visit: https://www.selenium.dev/documentation/webdriver/troubleshooting/errors#no-such-element-exception
Build info: version: &amp;apos;4.18.1&amp;apos;, revision: &amp;apos;b1d3319b48&amp;apos;
System info: os.name: &amp;apos;Windows 11&amp;apos;, os.arch: &amp;apos;amd64&amp;apos;, os.version: &amp;apos;10.0&amp;apos;, java.version: &amp;apos;21.0.2&amp;apos;
Driver info: driver.version: unknown">
      <![CDATA[org.openqa.selenium.NoSuchElementException: Cannot locate option with index: 3
For documentation on this error, please visit: https://www.selenium.dev/documentation/webdriver/troubleshooting/errors#no-such-element-exception
Build info: version: '4.18.1', revision: 'b1d3319b48'
System info: os.name: 'Windows 11', os.arch: 'amd64', os.version: '10.0', java.version: '21.0.2'
Driver info: driver.version: unknown
at org.openqa.selenium.support.ui.Select.setSelectedByIndex(Select.java:303)
at org.openqa.selenium.support.ui.Select.selectByIndex(Select.java:179)
at allPages.CustomerACHUpload.TC02(CustomerACHUpload.java:93)
at java.base/java.util.ArrayList.forEach(ArrayList.java:1596)
... Removed 25 stack frames]]>
    </failure>
  </testcase> <!-- TC02 -->
  <testcase classname="allPages.CustomerACHUpload" name="TC03" time="8.361"/>
  <testcase classname="allPages.CustomerACHUpload" name="TC04" time="8.149"/>
  <testcase classname="allPages.CustomerACHUpload" name="TC05" time="8.934"/>
  <testcase classname="allPages.CustomerACHUpload" name="TC06" time="13.029"/>
  <testcase classname="allPages.CustomerACHUpload" name="TC07" time="17.169"/>
  <testcase classname="allPages.CustomerACHUpload" name="TC08" time="24.983"/>
  <testcase classname="allPages.CustomerACHUpload" name="TC09" time="20.323"/>
  <testcase classname="allPages.CustomerACHUpload" name="TC11" time="20.283"/>
  <testcase classname="allPages.InvestorSetup" name="InvestorBtnClick" time="11.843"/>
  <testcase classname="allPages.InvestorSetup" name="TC01" time="18.265"/>
  <testcase classname="allPages.InvestorSetup" name="TC02" time="19.715"/>
  <testcase classname="allPages.InvestorSetup" name="TC03" time="21.669"/>
  <testcase classname="allPages.InvestorSetup" name="TC04" time="16.049"/>
  <testcase classname="allPages.InvestorSetup" name="TC05" time="20.998"/>
  <testcase classname="allPages.InvestorSetup" name="TC06" time="23.871"/>
  <testcase classname="allPages.InvestorSetup" name="TC07" time="20.579"/>
  <testcase classname="allPages.InvestorSetup" name="TC08" time="21.243"/>
  <testcase classname="allPages.InvestorSetup" name="TC09" time="84.644">
    <skipped/>
  </testcase> <!-- TC09 -->
  <testcase classname="allPages.InvestorSetup" name="TC09" time="85.305">
    <skipped/>
  </testcase> <!-- TC09 -->
  <testcase classname="allPages.InvestorSetup" name="TC09" time="85.304">
    <skipped/>
  </testcase> <!-- TC09 -->
  <testcase classname="allPages.InvestorSetup" name="TC09" time="85.622">
    <skipped/>
  </testcase> <!-- TC09 -->
  <testcase classname="allPages.InvestorSetup" name="TC09" time="84.332">
    <skipped/>
  </testcase> <!-- TC09 -->
  <testcase classname="allPages.InvestorSetup" name="TC09" time="86.167">
    <failure type="org.openqa.selenium.NoSuchElementException" message="no such element: Unable to locate element: {&amp;quot;method&amp;quot;:&amp;quot;xpath&amp;quot;,&amp;quot;selector&amp;quot;:&amp;quot;//*[@id=&amp;quot;kt_content_container&amp;quot;]/div[2]/div/table/tbody/tr[1]&amp;quot;}
  (Session info: chrome=125.0.6422.76)
For documentation on this error, please visit: https://www.selenium.dev/documentation/webdriver/troubleshooting/errors#no-such-element-exception
Build info: version: &amp;apos;4.18.1&amp;apos;, revision: &amp;apos;b1d3319b48&amp;apos;
System info: os.name: &amp;apos;Windows 11&amp;apos;, os.arch: &amp;apos;amd64&amp;apos;, os.version: &amp;apos;10.0&amp;apos;, java.version: &amp;apos;21.0.2&amp;apos;
Driver info: org.openqa.selenium.chrome.ChromeDriver
Command: [77a6bd71f59cd02b74128eaef3b4f9fe, findElement {using=xpath, value=//*[@id=&amp;quot;kt_content_container&amp;quot;]/div[2]/div/table/tbody/tr[1]}]
Capabilities {acceptInsecureCerts: false, browserName: chrome, browserVersion: 125.0.6422.76, chrome: {chromedriverVersion: 125.0.6422.78 (14db42ec38ad..., userDataDir: C:\Users\THIRUM~1\AppData\L...}, fedcm:accounts: true, goog:chromeOptions: {debuggerAddress: localhost:61652}, networkConnectionEnabled: false, pageLoadStrategy: normal, platformName: windows, proxy: Proxy(), se:cdp: ws://localhost:61652/devtoo..., se:cdpVersion: 125.0.6422.76, setWindowRect: true, strictFileInteractability: false, timeouts: {implicit: 0, pageLoad: 300000, script: 30000}, unhandledPromptBehavior: dismiss and notify, webauthn:extension:credBlob: true, webauthn:extension:largeBlob: true, webauthn:extension:minPinLength: true, webauthn:extension:prf: true, webauthn:virtualAuthenticators: true}
Session ID: 77a6bd71f59cd02b74128eaef3b4f9fe">
      <![CDATA[org.openqa.selenium.NoSuchElementException: no such element: Unable to locate element: {"method":"xpath","selector":"//*[@id="kt_content_container"]/div[2]/div/table/tbody/tr[1]"}
  (Session info: chrome=125.0.6422.76)
For documentation on this error, please visit: https://www.selenium.dev/documentation/webdriver/troubleshooting/errors#no-such-element-exception
Build info: version: '4.18.1', revision: 'b1d3319b48'
System info: os.name: 'Windows 11', os.arch: 'amd64', os.version: '10.0', java.version: '21.0.2'
Driver info: org.openqa.selenium.chrome.ChromeDriver
Command: [77a6bd71f59cd02b74128eaef3b4f9fe, findElement {using=xpath, value=//*[@id="kt_content_container"]/div[2]/div/table/tbody/tr[1]}]
Capabilities {acceptInsecureCerts: false, browserName: chrome, browserVersion: 125.0.6422.76, chrome: {chromedriverVersion: 125.0.6422.78 (14db42ec38ad..., userDataDir: C:\Users\THIRUM~1\AppData\L...}, fedcm:accounts: true, goog:chromeOptions: {debuggerAddress: localhost:61652}, networkConnectionEnabled: false, pageLoadStrategy: normal, platformName: windows, proxy: Proxy(), se:cdp: ws://localhost:61652/devtoo..., se:cdpVersion: 125.0.6422.76, setWindowRect: true, strictFileInteractability: false, timeouts: {implicit: 0, pageLoad: 300000, script: 30000}, unhandledPromptBehavior: dismiss and notify, webauthn:extension:credBlob: true, webauthn:extension:largeBlob: true, webauthn:extension:minPinLength: true, webauthn:extension:prf: true, webauthn:virtualAuthenticators: true}
Session ID: 77a6bd71f59cd02b74128eaef3b4f9fe
at org.openqa.selenium.remote.ErrorCodec.decode(ErrorCodec.java:167)
at org.openqa.selenium.remote.codec.w3c.W3CHttpResponseCodec.decode(W3CHttpResponseCodec.java:138)
at org.openqa.selenium.remote.codec.w3c.W3CHttpResponseCodec.decode(W3CHttpResponseCodec.java:50)
at org.openqa.selenium.remote.HttpCommandExecutor.execute(HttpCommandExecutor.java:190)
at org.openqa.selenium.remote.service.DriverCommandExecutor.invokeExecute(DriverCommandExecutor.java:216)
at org.openqa.selenium.remote.service.DriverCommandExecutor.execute(DriverCommandExecutor.java:174)
at org.openqa.selenium.remote.RemoteWebDriver.execute(RemoteWebDriver.java:519)
at org.openqa.selenium.remote.ElementLocation$ElementFinder$2.findElement(ElementLocation.java:165)
at org.openqa.selenium.remote.ElementLocation.findElement(ElementLocation.java:59)
at org.openqa.selenium.remote.RemoteWebDriver.findElement(RemoteWebDriver.java:356)
at org.openqa.selenium.remote.RemoteWebDriver.findElement(RemoteWebDriver.java:350)
at allPages.InvestorSetup.TC09(InvestorSetup.java:294)
at java.base/java.util.ArrayList.forEach(ArrayList.java:1596)
... Removed 28 stack frames]]>
    </failure>
  </testcase> <!-- TC09 -->
  <testcase classname="allPages.InvestorSetup" name="TC10" time="24.535"/>
  <testcase classname="allPages.InvestorSetup" name="TC11" time="19.492"/>
  <testcase classname="allPages.InvestorSetup" name="TC12" time="20.087"/>
  <testcase classname="allPages.InvestorSetup" name="TC13" time="19.868"/>
  <testcase classname="allPages.InvestorSetup" name="TC14" time="18.099"/>
  <testcase classname="allPages.InvestorSetup" name="TC15" time="24.164"/>
  <testcase classname="allPages.InvestorSetup" name="TC16" time="19.227"/>
  <testcase classname="allPages.InvestorSetup" name="TC17" time="15.888"/>
  <testcase classname="allPages.InvestorSetup" name="TC19" time="20.213"/>
  <testcase classname="allPages.InvestorSetup" name="TC20" time="16.234"/>
  <testcase classname="allPages.InvestorSetup" name="TC21" time="16.693"/>
  <testcase classname="allPages.InvestorSetup" name="TC22" time="16.521"/>
  <testcase classname="allPages.InvestorSetup" name="TC23" time="19.922"/>
  <testcase classname="allPages.InvestorSetup" name="TC24" time="21.027"/>
  <testcase classname="allPages.InvestorSetup" name="TC25" time="18.86"/>
  <testcase classname="allPages.InvestorSetup" name="TC26" time="18.313"/>
  <testcase classname="allPages.InvestorSetup" name="TC27" time="17.519"/>
  <testcase classname="allPages.InvestorSetup" name="TC28" time="18.502"/>
  <testcase classname="allPages.InvestorSetup" name="TC29" time="83.175">
    <skipped/>
  </testcase> <!-- TC29 -->
  <testcase classname="allPages.InvestorSetup" name="TC29" time="83.352">
    <skipped/>
  </testcase> <!-- TC29 -->
  <testcase classname="allPages.InvestorSetup" name="TC29" time="83.17">
    <skipped/>
  </testcase> <!-- TC29 -->
  <testcase classname="allPages.InvestorSetup" name="TC29" time="84.428">
    <skipped/>
  </testcase> <!-- TC29 -->
  <testcase classname="allPages.InvestorSetup" name="TC29" time="83.211">
    <skipped/>
  </testcase> <!-- TC29 -->
  <testcase classname="allPages.InvestorSetup" name="TC29" time="83.624">
    <failure type="org.openqa.selenium.NoSuchElementException" message="no such element: Unable to locate element: {&amp;quot;method&amp;quot;:&amp;quot;xpath&amp;quot;,&amp;quot;selector&amp;quot;:&amp;quot;//*[@id=&amp;quot;kt_content_container&amp;quot;]/form/div/div[3]/div[2]/div[1]/div/div/h6&amp;quot;}
  (Session info: chrome=125.0.6422.76)
For documentation on this error, please visit: https://www.selenium.dev/documentation/webdriver/troubleshooting/errors#no-such-element-exception
Build info: version: &amp;apos;4.18.1&amp;apos;, revision: &amp;apos;b1d3319b48&amp;apos;
System info: os.name: &amp;apos;Windows 11&amp;apos;, os.arch: &amp;apos;amd64&amp;apos;, os.version: &amp;apos;10.0&amp;apos;, java.version: &amp;apos;21.0.2&amp;apos;
Driver info: org.openqa.selenium.chrome.ChromeDriver
Command: [50f22541e874beafa0b5a19779b5b83e, findElement {using=xpath, value=//*[@id=&amp;quot;kt_content_container&amp;quot;]/form/div/div[3]/div[2]/div[1]/div/div/h6}]
Capabilities {acceptInsecureCerts: false, browserName: chrome, browserVersion: 125.0.6422.76, chrome: {chromedriverVersion: 125.0.6422.78 (14db42ec38ad..., userDataDir: C:\Users\THIRUM~1\AppData\L...}, fedcm:accounts: true, goog:chromeOptions: {debuggerAddress: localhost:63013}, networkConnectionEnabled: false, pageLoadStrategy: normal, platformName: windows, proxy: Proxy(), se:cdp: ws://localhost:63013/devtoo..., se:cdpVersion: 125.0.6422.76, setWindowRect: true, strictFileInteractability: false, timeouts: {implicit: 0, pageLoad: 300000, script: 30000}, unhandledPromptBehavior: dismiss and notify, webauthn:extension:credBlob: true, webauthn:extension:largeBlob: true, webauthn:extension:minPinLength: true, webauthn:extension:prf: true, webauthn:virtualAuthenticators: true}
Session ID: 50f22541e874beafa0b5a19779b5b83e">
      <![CDATA[org.openqa.selenium.NoSuchElementException: no such element: Unable to locate element: {"method":"xpath","selector":"//*[@id="kt_content_container"]/form/div/div[3]/div[2]/div[1]/div/div/h6"}
  (Session info: chrome=125.0.6422.76)
For documentation on this error, please visit: https://www.selenium.dev/documentation/webdriver/troubleshooting/errors#no-such-element-exception
Build info: version: '4.18.1', revision: 'b1d3319b48'
System info: os.name: 'Windows 11', os.arch: 'amd64', os.version: '10.0', java.version: '21.0.2'
Driver info: org.openqa.selenium.chrome.ChromeDriver
Command: [50f22541e874beafa0b5a19779b5b83e, findElement {using=xpath, value=//*[@id="kt_content_container"]/form/div/div[3]/div[2]/div[1]/div/div/h6}]
Capabilities {acceptInsecureCerts: false, browserName: chrome, browserVersion: 125.0.6422.76, chrome: {chromedriverVersion: 125.0.6422.78 (14db42ec38ad..., userDataDir: C:\Users\THIRUM~1\AppData\L...}, fedcm:accounts: true, goog:chromeOptions: {debuggerAddress: localhost:63013}, networkConnectionEnabled: false, pageLoadStrategy: normal, platformName: windows, proxy: Proxy(), se:cdp: ws://localhost:63013/devtoo..., se:cdpVersion: 125.0.6422.76, setWindowRect: true, strictFileInteractability: false, timeouts: {implicit: 0, pageLoad: 300000, script: 30000}, unhandledPromptBehavior: dismiss and notify, webauthn:extension:credBlob: true, webauthn:extension:largeBlob: true, webauthn:extension:minPinLength: true, webauthn:extension:prf: true, webauthn:virtualAuthenticators: true}
Session ID: 50f22541e874beafa0b5a19779b5b83e
at org.openqa.selenium.remote.ErrorCodec.decode(ErrorCodec.java:167)
at org.openqa.selenium.remote.codec.w3c.W3CHttpResponseCodec.decode(W3CHttpResponseCodec.java:138)
at org.openqa.selenium.remote.codec.w3c.W3CHttpResponseCodec.decode(W3CHttpResponseCodec.java:50)
at org.openqa.selenium.remote.HttpCommandExecutor.execute(HttpCommandExecutor.java:190)
at org.openqa.selenium.remote.service.DriverCommandExecutor.invokeExecute(DriverCommandExecutor.java:216)
at org.openqa.selenium.remote.service.DriverCommandExecutor.execute(DriverCommandExecutor.java:174)
at org.openqa.selenium.remote.RemoteWebDriver.execute(RemoteWebDriver.java:519)
at org.openqa.selenium.remote.ElementLocation$ElementFinder$2.findElement(ElementLocation.java:165)
at org.openqa.selenium.remote.ElementLocation.findElement(ElementLocation.java:59)
at org.openqa.selenium.remote.RemoteWebDriver.findElement(RemoteWebDriver.java:356)
at org.openqa.selenium.remote.RemoteWebDriver.findElement(RemoteWebDriver.java:350)
at allPages.InvestorSetup.TC29(InvestorSetup.java:712)
at java.base/java.util.ArrayList.forEach(ArrayList.java:1596)
... Removed 28 stack frames]]>
    </failure>
  </testcase> <!-- TC29 -->
  <testcase classname="allPages.InvestorSetup" name="TC30" time="18.591"/>
  <testcase classname="allPages.InvestorSetup" name="TC31" time="20.426"/>
  <testcase classname="allPages.InvestorSetup" name="TC32" time="19.555">
    <skipped/>
  </testcase> <!-- TC32 -->
  <testcase classname="allPages.InvestorSetup" name="TC32" time="18.587"/>
  <testcase classname="allPages.InvestorSetup" name="TC33" time="20.022"/>
  <testcase classname="allPages.InvestorSetup" name="TC34" time="20.61"/>
  <testcase classname="allPages.CustomerList" name="ACHFormClick" time="8.617"/>
  <testcase classname="allPages.CustomerList" name="CusAddDetailsFull" time="22.266"/>
  <testcase classname="allPages.CustomerList" name="CusEditActBtn" time="14.915"/>
  <testcase classname="allPages.CustomerList" name="CustomerListClick" time="7.025"/>
  <testcase classname="allPages.CustomerList" name="TC01" time="9.283"/>
  <testcase classname="allPages.CustomerList" name="TC02" time="75.042">
    <skipped/>
  </testcase> <!-- TC02 -->
  <testcase classname="allPages.CustomerList" name="TC02" time="16.866"/>
  <testcase classname="allPages.CustomerList" name="TC03" time="77.465">
    <skipped/>
  </testcase> <!-- TC03 -->
  <testcase classname="allPages.CustomerList" name="TC03" time="78.379">
    <skipped/>
  </testcase> <!-- TC03 -->
  <testcase classname="allPages.CustomerList" name="TC03" time="23.334"/>
  <testcase classname="allPages.CustomerList" name="TC04" time="25.289"/>
  <testcase classname="allPages.CustomerList" name="TC05" time="74.529">
    <skipped/>
  </testcase> <!-- TC05 -->
  <testcase classname="allPages.CustomerList" name="TC05" time="76.005">
    <skipped/>
  </testcase> <!-- TC05 -->
  <testcase classname="allPages.CustomerList" name="TC05" time="74.98">
    <skipped/>
  </testcase> <!-- TC05 -->
  <testcase classname="allPages.CustomerList" name="TC05" time="73.469">
    <skipped/>
  </testcase> <!-- TC05 -->
  <testcase classname="allPages.CustomerList" name="TC05" time="16.011"/>
  <testcase classname="allPages.CustomerList" name="TC06" time="73.753">
    <skipped/>
  </testcase> <!-- TC06 -->
  <testcase classname="allPages.CustomerList" name="TC06" time="74.586">
    <skipped/>
  </testcase> <!-- TC06 -->
  <testcase classname="allPages.CustomerList" name="TC06" time="73.701">
    <skipped/>
  </testcase> <!-- TC06 -->
  <testcase classname="allPages.CustomerList" name="TC06" time="16.394"/>
  <testcase classname="allPages.CustomerList" name="TC07" time="75.855">
    <skipped/>
  </testcase> <!-- TC07 -->
  <testcase classname="allPages.CustomerList" name="TC07" time="75.732">
    <skipped/>
  </testcase> <!-- TC07 -->
  <testcase classname="allPages.CustomerList" name="TC07" time="74.075">
    <skipped/>
  </testcase> <!-- TC07 -->
  <testcase classname="allPages.CustomerList" name="TC07" time="74.81">
    <skipped/>
  </testcase> <!-- TC07 -->
  <testcase classname="allPages.CustomerList" name="TC07" time="74.106">
    <skipped/>
  </testcase> <!-- TC07 -->
  <testcase classname="allPages.CustomerList" name="TC07" time="75.667">
    <failure type="org.openqa.selenium.ElementNotInteractableException" message="element not interactable
  (Session info: chrome=125.0.6422.76)
Build info: version: &amp;apos;4.18.1&amp;apos;, revision: &amp;apos;b1d3319b48&amp;apos;
System info: os.name: &amp;apos;Windows 11&amp;apos;, os.arch: &amp;apos;amd64&amp;apos;, os.version: &amp;apos;10.0&amp;apos;, java.version: &amp;apos;21.0.2&amp;apos;
Driver info: org.openqa.selenium.chrome.ChromeDriver
Command: [73986333f4bd27b3de587af2826c9213, clickElement {id=f.7DF3364D74433A2DC5BB48341A7144E8.d.832A491D948D2AB798468CA147C486B3.e.80}]
Capabilities {acceptInsecureCerts: false, browserName: chrome, browserVersion: 125.0.6422.76, chrome: {chromedriverVersion: 125.0.6422.78 (14db42ec38ad..., userDataDir: C:\Users\THIRUM~1\AppData\L...}, fedcm:accounts: true, goog:chromeOptions: {debuggerAddress: localhost:64807}, networkConnectionEnabled: false, pageLoadStrategy: normal, platformName: windows, proxy: Proxy(), se:cdp: ws://localhost:64807/devtoo..., se:cdpVersion: 125.0.6422.76, setWindowRect: true, strictFileInteractability: false, timeouts: {implicit: 0, pageLoad: 300000, script: 30000}, unhandledPromptBehavior: dismiss and notify, webauthn:extension:credBlob: true, webauthn:extension:largeBlob: true, webauthn:extension:minPinLength: true, webauthn:extension:prf: true, webauthn:virtualAuthenticators: true}
Element: [[ChromeDriver: chrome on windows (73986333f4bd27b3de587af2826c9213)] -&amp;gt; xpath: //*[@id=&amp;quot;kt_content_container&amp;quot;]/div/div[1]/div[2]/div/div[1]/a/div/div]
Session ID: 73986333f4bd27b3de587af2826c9213">
      <![CDATA[org.openqa.selenium.ElementNotInteractableException: element not interactable
  (Session info: chrome=125.0.6422.76)
Build info: version: '4.18.1', revision: 'b1d3319b48'
System info: os.name: 'Windows 11', os.arch: 'amd64', os.version: '10.0', java.version: '21.0.2'
Driver info: org.openqa.selenium.chrome.ChromeDriver
Command: [73986333f4bd27b3de587af2826c9213, clickElement {id=f.7DF3364D74433A2DC5BB48341A7144E8.d.832A491D948D2AB798468CA147C486B3.e.80}]
Capabilities {acceptInsecureCerts: false, browserName: chrome, browserVersion: 125.0.6422.76, chrome: {chromedriverVersion: 125.0.6422.78 (14db42ec38ad..., userDataDir: C:\Users\THIRUM~1\AppData\L...}, fedcm:accounts: true, goog:chromeOptions: {debuggerAddress: localhost:64807}, networkConnectionEnabled: false, pageLoadStrategy: normal, platformName: windows, proxy: Proxy(), se:cdp: ws://localhost:64807/devtoo..., se:cdpVersion: 125.0.6422.76, setWindowRect: true, strictFileInteractability: false, timeouts: {implicit: 0, pageLoad: 300000, script: 30000}, unhandledPromptBehavior: dismiss and notify, webauthn:extension:credBlob: true, webauthn:extension:largeBlob: true, webauthn:extension:minPinLength: true, webauthn:extension:prf: true, webauthn:virtualAuthenticators: true}
Element: [[ChromeDriver: chrome on windows (73986333f4bd27b3de587af2826c9213)] -> xpath: //*[@id="kt_content_container"]/div/div[1]/div[2]/div/div[1]/a/div/div]
Session ID: 73986333f4bd27b3de587af2826c9213
at org.openqa.selenium.remote.ErrorCodec.decode(ErrorCodec.java:167)
at org.openqa.selenium.remote.codec.w3c.W3CHttpResponseCodec.decode(W3CHttpResponseCodec.java:138)
at org.openqa.selenium.remote.codec.w3c.W3CHttpResponseCodec.decode(W3CHttpResponseCodec.java:50)
at org.openqa.selenium.remote.HttpCommandExecutor.execute(HttpCommandExecutor.java:190)
at org.openqa.selenium.remote.service.DriverCommandExecutor.invokeExecute(DriverCommandExecutor.java:216)
at org.openqa.selenium.remote.service.DriverCommandExecutor.execute(DriverCommandExecutor.java:174)
at org.openqa.selenium.remote.RemoteWebDriver.execute(RemoteWebDriver.java:519)
at org.openqa.selenium.remote.RemoteWebElement.execute(RemoteWebElement.java:223)
at org.openqa.selenium.remote.RemoteWebElement.click(RemoteWebElement.java:76)
at allPages.CustomerList.TC07(CustomerList.java:293)
at java.base/java.util.ArrayList.forEach(ArrayList.java:1596)
... Removed 28 stack frames]]>
    </failure>
  </testcase> <!-- TC07 -->
  <testcase classname="allPages.CustomerList" name="TC08" time="73.265">
    <skipped/>
  </testcase> <!-- TC08 -->
  <testcase classname="allPages.CustomerList" name="TC08" time="73.293">
    <skipped/>
  </testcase> <!-- TC08 -->
  <testcase classname="allPages.CustomerList" name="TC08" time="74.024">
    <skipped/>
  </testcase> <!-- TC08 -->
  <testcase classname="allPages.CustomerList" name="TC08" time="73.473">
    <skipped/>
  </testcase> <!-- TC08 -->
  <testcase classname="allPages.CustomerList" name="TC08" time="75.316">
    <skipped/>
  </testcase> <!-- TC08 -->
  <testcase classname="allPages.CustomerList" name="TC08" time="20.774"/>
  <testcase classname="allPages.CustomerList" name="TC09" time="72.877">
    <skipped/>
  </testcase> <!-- TC09 -->
  <testcase classname="allPages.CustomerList" name="TC09" time="71.267">
    <skipped/>
  </testcase> <!-- TC09 -->
  <testcase classname="allPages.CustomerList" name="TC09" time="74.234">
    <skipped/>
  </testcase> <!-- TC09 -->
  <testcase classname="allPages.CustomerList" name="TC09" time="70.521">
    <skipped/>
  </testcase> <!-- TC09 -->
  <testcase classname="allPages.CustomerList" name="TC09" time="19.565"/>
  <testcase classname="allPages.CustomerList" name="TC10" time="73.524">
    <skipped/>
  </testcase> <!-- TC10 -->
  <testcase classname="allPages.CustomerList" name="TC10" time="76.773">
    <skipped/>
  </testcase> <!-- TC10 -->
  <testcase classname="allPages.CustomerList" name="TC10" time="74.793">
    <skipped/>
  </testcase> <!-- TC10 -->
  <testcase classname="allPages.CustomerList" name="TC10" time="76.584">
    <skipped/>
  </testcase> <!-- TC10 -->
  <testcase classname="allPages.CustomerList" name="TC10" time="77.16">
    <skipped/>
  </testcase> <!-- TC10 -->
  <testcase classname="allPages.CustomerList" name="TC10" time="76.669">
    <failure type="org.openqa.selenium.ElementNotInteractableException" message="element not interactable
  (Session info: chrome=125.0.6422.76)
Build info: version: &amp;apos;4.18.1&amp;apos;, revision: &amp;apos;b1d3319b48&amp;apos;
System info: os.name: &amp;apos;Windows 11&amp;apos;, os.arch: &amp;apos;amd64&amp;apos;, os.version: &amp;apos;10.0&amp;apos;, java.version: &amp;apos;21.0.2&amp;apos;
Driver info: org.openqa.selenium.chrome.ChromeDriver
Command: [74ed6e411678ced08d278a450239e106, clickElement {id=f.8D915C0CE46026E1F96E10398FDEF25E.d.B31104FF9C66D59486361A1934BCAFC6.e.81}]
Capabilities {acceptInsecureCerts: false, browserName: chrome, browserVersion: 125.0.6422.76, chrome: {chromedriverVersion: 125.0.6422.78 (14db42ec38ad..., userDataDir: C:\Users\THIRUM~1\AppData\L...}, fedcm:accounts: true, goog:chromeOptions: {debuggerAddress: localhost:50040}, networkConnectionEnabled: false, pageLoadStrategy: normal, platformName: windows, proxy: Proxy(), se:cdp: ws://localhost:50040/devtoo..., se:cdpVersion: 125.0.6422.76, setWindowRect: true, strictFileInteractability: false, timeouts: {implicit: 0, pageLoad: 300000, script: 30000}, unhandledPromptBehavior: dismiss and notify, webauthn:extension:credBlob: true, webauthn:extension:largeBlob: true, webauthn:extension:minPinLength: true, webauthn:extension:prf: true, webauthn:virtualAuthenticators: true}
Element: [[ChromeDriver: chrome on windows (74ed6e411678ced08d278a450239e106)] -&amp;gt; xpath: //*[@id=&amp;quot;kt_content_container&amp;quot;]/div/div[1]/div[2]/div/div[1]/a/div/div]
Session ID: 74ed6e411678ced08d278a450239e106">
      <![CDATA[org.openqa.selenium.ElementNotInteractableException: element not interactable
  (Session info: chrome=125.0.6422.76)
Build info: version: '4.18.1', revision: 'b1d3319b48'
System info: os.name: 'Windows 11', os.arch: 'amd64', os.version: '10.0', java.version: '21.0.2'
Driver info: org.openqa.selenium.chrome.ChromeDriver
Command: [74ed6e411678ced08d278a450239e106, clickElement {id=f.8D915C0CE46026E1F96E10398FDEF25E.d.B31104FF9C66D59486361A1934BCAFC6.e.81}]
Capabilities {acceptInsecureCerts: false, browserName: chrome, browserVersion: 125.0.6422.76, chrome: {chromedriverVersion: 125.0.6422.78 (14db42ec38ad..., userDataDir: C:\Users\THIRUM~1\AppData\L...}, fedcm:accounts: true, goog:chromeOptions: {debuggerAddress: localhost:50040}, networkConnectionEnabled: false, pageLoadStrategy: normal, platformName: windows, proxy: Proxy(), se:cdp: ws://localhost:50040/devtoo..., se:cdpVersion: 125.0.6422.76, setWindowRect: true, strictFileInteractability: false, timeouts: {implicit: 0, pageLoad: 300000, script: 30000}, unhandledPromptBehavior: dismiss and notify, webauthn:extension:credBlob: true, webauthn:extension:largeBlob: true, webauthn:extension:minPinLength: true, webauthn:extension:prf: true, webauthn:virtualAuthenticators: true}
Element: [[ChromeDriver: chrome on windows (74ed6e411678ced08d278a450239e106)] -> xpath: //*[@id="kt_content_container"]/div/div[1]/div[2]/div/div[1]/a/div/div]
Session ID: 74ed6e411678ced08d278a450239e106
at org.openqa.selenium.remote.ErrorCodec.decode(ErrorCodec.java:167)
at org.openqa.selenium.remote.codec.w3c.W3CHttpResponseCodec.decode(W3CHttpResponseCodec.java:138)
at org.openqa.selenium.remote.codec.w3c.W3CHttpResponseCodec.decode(W3CHttpResponseCodec.java:50)
at org.openqa.selenium.remote.HttpCommandExecutor.execute(HttpCommandExecutor.java:190)
at org.openqa.selenium.remote.service.DriverCommandExecutor.invokeExecute(DriverCommandExecutor.java:216)
at org.openqa.selenium.remote.service.DriverCommandExecutor.execute(DriverCommandExecutor.java:174)
at org.openqa.selenium.remote.RemoteWebDriver.execute(RemoteWebDriver.java:519)
at org.openqa.selenium.remote.RemoteWebElement.execute(RemoteWebElement.java:223)
at org.openqa.selenium.remote.RemoteWebElement.click(RemoteWebElement.java:76)
at allPages.CustomerList.TC10(CustomerList.java:370)
at java.base/java.util.ArrayList.forEach(ArrayList.java:1596)
... Removed 28 stack frames]]>
    </failure>
  </testcase> <!-- TC10 -->
  <testcase classname="allPages.CustomerList" name="TC11" time="22.172"/>
  <testcase classname="allPages.CustomerList" name="TC12" time="76.102">
    <skipped/>
  </testcase> <!-- TC12 -->
  <testcase classname="allPages.CustomerList" name="TC12" time="78.734">
    <skipped/>
  </testcase> <!-- TC12 -->
  <testcase classname="allPages.CustomerList" name="TC12" time="80.27">
    <skipped/>
  </testcase> <!-- TC12 -->
  <testcase classname="allPages.CustomerList" name="TC12" time="77.014">
    <skipped/>
  </testcase> <!-- TC12 -->
  <testcase classname="allPages.CustomerList" name="TC12" time="79.419">
    <skipped/>
  </testcase> <!-- TC12 -->
  <testcase classname="allPages.CustomerList" name="TC12" time="77.745">
    <failure type="org.openqa.selenium.ElementNotInteractableException" message="element not interactable
  (Session info: chrome=125.0.6422.76)
Build info: version: &amp;apos;4.18.1&amp;apos;, revision: &amp;apos;b1d3319b48&amp;apos;
System info: os.name: &amp;apos;Windows 11&amp;apos;, os.arch: &amp;apos;amd64&amp;apos;, os.version: &amp;apos;10.0&amp;apos;, java.version: &amp;apos;21.0.2&amp;apos;
Driver info: org.openqa.selenium.chrome.ChromeDriver
Command: [7eab0c9d20d2181e2f4d5d59cb446901, clickElement {id=f.6A8413CDB26B7BFBBF7EF22A82EFF68C.d.4D7F16BEFD0E934EF3311A2206A3893E.e.76}]
Capabilities {acceptInsecureCerts: false, browserName: chrome, browserVersion: 125.0.6422.76, chrome: {chromedriverVersion: 125.0.6422.78 (14db42ec38ad..., userDataDir: C:\Users\THIRUM~1\AppData\L...}, fedcm:accounts: true, goog:chromeOptions: {debuggerAddress: localhost:50685}, networkConnectionEnabled: false, pageLoadStrategy: normal, platformName: windows, proxy: Proxy(), se:cdp: ws://localhost:50685/devtoo..., se:cdpVersion: 125.0.6422.76, setWindowRect: true, strictFileInteractability: false, timeouts: {implicit: 0, pageLoad: 300000, script: 30000}, unhandledPromptBehavior: dismiss and notify, webauthn:extension:credBlob: true, webauthn:extension:largeBlob: true, webauthn:extension:minPinLength: true, webauthn:extension:prf: true, webauthn:virtualAuthenticators: true}
Element: [[ChromeDriver: chrome on windows (7eab0c9d20d2181e2f4d5d59cb446901)] -&amp;gt; xpath: //*[@id=&amp;quot;kt_content_container&amp;quot;]/div/div[1]/div[2]/div/div[1]/a/div/div]
Session ID: 7eab0c9d20d2181e2f4d5d59cb446901">
      <![CDATA[org.openqa.selenium.ElementNotInteractableException: element not interactable
  (Session info: chrome=125.0.6422.76)
Build info: version: '4.18.1', revision: 'b1d3319b48'
System info: os.name: 'Windows 11', os.arch: 'amd64', os.version: '10.0', java.version: '21.0.2'
Driver info: org.openqa.selenium.chrome.ChromeDriver
Command: [7eab0c9d20d2181e2f4d5d59cb446901, clickElement {id=f.6A8413CDB26B7BFBBF7EF22A82EFF68C.d.4D7F16BEFD0E934EF3311A2206A3893E.e.76}]
Capabilities {acceptInsecureCerts: false, browserName: chrome, browserVersion: 125.0.6422.76, chrome: {chromedriverVersion: 125.0.6422.78 (14db42ec38ad..., userDataDir: C:\Users\THIRUM~1\AppData\L...}, fedcm:accounts: true, goog:chromeOptions: {debuggerAddress: localhost:50685}, networkConnectionEnabled: false, pageLoadStrategy: normal, platformName: windows, proxy: Proxy(), se:cdp: ws://localhost:50685/devtoo..., se:cdpVersion: 125.0.6422.76, setWindowRect: true, strictFileInteractability: false, timeouts: {implicit: 0, pageLoad: 300000, script: 30000}, unhandledPromptBehavior: dismiss and notify, webauthn:extension:credBlob: true, webauthn:extension:largeBlob: true, webauthn:extension:minPinLength: true, webauthn:extension:prf: true, webauthn:virtualAuthenticators: true}
Element: [[ChromeDriver: chrome on windows (7eab0c9d20d2181e2f4d5d59cb446901)] -> xpath: //*[@id="kt_content_container"]/div/div[1]/div[2]/div/div[1]/a/div/div]
Session ID: 7eab0c9d20d2181e2f4d5d59cb446901
at org.openqa.selenium.remote.ErrorCodec.decode(ErrorCodec.java:167)
at org.openqa.selenium.remote.codec.w3c.W3CHttpResponseCodec.decode(W3CHttpResponseCodec.java:138)
at org.openqa.selenium.remote.codec.w3c.W3CHttpResponseCodec.decode(W3CHttpResponseCodec.java:50)
at org.openqa.selenium.remote.HttpCommandExecutor.execute(HttpCommandExecutor.java:190)
at org.openqa.selenium.remote.service.DriverCommandExecutor.invokeExecute(DriverCommandExecutor.java:216)
at org.openqa.selenium.remote.service.DriverCommandExecutor.execute(DriverCommandExecutor.java:174)
at org.openqa.selenium.remote.RemoteWebDriver.execute(RemoteWebDriver.java:519)
at org.openqa.selenium.remote.RemoteWebElement.execute(RemoteWebElement.java:223)
at org.openqa.selenium.remote.RemoteWebElement.click(RemoteWebElement.java:76)
at allPages.CustomerList.CusAddDetailsFull(CustomerList.java:138)
at allPages.CustomerList.TC12(CustomerList.java:415)
at java.base/java.util.ArrayList.forEach(ArrayList.java:1596)
... Removed 28 stack frames]]>
    </failure>
  </testcase> <!-- TC12 -->
  <testcase classname="allPages.CustomerList" name="TC13" time="80.151">
    <skipped/>
  </testcase> <!-- TC13 -->
  <testcase classname="allPages.CustomerList" name="TC13" time="77.245">
    <skipped/>
  </testcase> <!-- TC13 -->
  <testcase classname="allPages.CustomerList" name="TC13" time="84.318">
    <skipped/>
  </testcase> <!-- TC13 -->
  <testcase classname="allPages.CustomerList" name="TC13" time="76.796">
    <skipped/>
  </testcase> <!-- TC13 -->
  <testcase classname="allPages.CustomerList" name="TC13" time="77.199">
    <skipped/>
  </testcase> <!-- TC13 -->
  <testcase classname="allPages.CustomerList" name="TC13" time="78.652">
    <failure type="org.openqa.selenium.ElementNotInteractableException" message="element not interactable
  (Session info: chrome=125.0.6422.76)
Build info: version: &amp;apos;4.18.1&amp;apos;, revision: &amp;apos;b1d3319b48&amp;apos;
System info: os.name: &amp;apos;Windows 11&amp;apos;, os.arch: &amp;apos;amd64&amp;apos;, os.version: &amp;apos;10.0&amp;apos;, java.version: &amp;apos;21.0.2&amp;apos;
Driver info: org.openqa.selenium.chrome.ChromeDriver
Command: [690693e7862d6235158a6e19e50e7d91, clickElement {id=f.82C0DEC5B822AE5BBB8A09D329CF603D.d.BF16DE9B56C9320CF5175FB0C8E422D3.e.81}]
Capabilities {acceptInsecureCerts: false, browserName: chrome, browserVersion: 125.0.6422.76, chrome: {chromedriverVersion: 125.0.6422.78 (14db42ec38ad..., userDataDir: C:\Users\THIRUM~1\AppData\L...}, fedcm:accounts: true, goog:chromeOptions: {debuggerAddress: localhost:51336}, networkConnectionEnabled: false, pageLoadStrategy: normal, platformName: windows, proxy: Proxy(), se:cdp: ws://localhost:51336/devtoo..., se:cdpVersion: 125.0.6422.76, setWindowRect: true, strictFileInteractability: false, timeouts: {implicit: 0, pageLoad: 300000, script: 30000}, unhandledPromptBehavior: dismiss and notify, webauthn:extension:credBlob: true, webauthn:extension:largeBlob: true, webauthn:extension:minPinLength: true, webauthn:extension:prf: true, webauthn:virtualAuthenticators: true}
Element: [[ChromeDriver: chrome on windows (690693e7862d6235158a6e19e50e7d91)] -&amp;gt; xpath: //*[@id=&amp;quot;kt_content_container&amp;quot;]/div/div[1]/div[2]/div/div[1]/a/div/div]
Session ID: 690693e7862d6235158a6e19e50e7d91">
      <![CDATA[org.openqa.selenium.ElementNotInteractableException: element not interactable
  (Session info: chrome=125.0.6422.76)
Build info: version: '4.18.1', revision: 'b1d3319b48'
System info: os.name: 'Windows 11', os.arch: 'amd64', os.version: '10.0', java.version: '21.0.2'
Driver info: org.openqa.selenium.chrome.ChromeDriver
Command: [690693e7862d6235158a6e19e50e7d91, clickElement {id=f.82C0DEC5B822AE5BBB8A09D329CF603D.d.BF16DE9B56C9320CF5175FB0C8E422D3.e.81}]
Capabilities {acceptInsecureCerts: false, browserName: chrome, browserVersion: 125.0.6422.76, chrome: {chromedriverVersion: 125.0.6422.78 (14db42ec38ad..., userDataDir: C:\Users\THIRUM~1\AppData\L...}, fedcm:accounts: true, goog:chromeOptions: {debuggerAddress: localhost:51336}, networkConnectionEnabled: false, pageLoadStrategy: normal, platformName: windows, proxy: Proxy(), se:cdp: ws://localhost:51336/devtoo..., se:cdpVersion: 125.0.6422.76, setWindowRect: true, strictFileInteractability: false, timeouts: {implicit: 0, pageLoad: 300000, script: 30000}, unhandledPromptBehavior: dismiss and notify, webauthn:extension:credBlob: true, webauthn:extension:largeBlob: true, webauthn:extension:minPinLength: true, webauthn:extension:prf: true, webauthn:virtualAuthenticators: true}
Element: [[ChromeDriver: chrome on windows (690693e7862d6235158a6e19e50e7d91)] -> xpath: //*[@id="kt_content_container"]/div/div[1]/div[2]/div/div[1]/a/div/div]
Session ID: 690693e7862d6235158a6e19e50e7d91
at org.openqa.selenium.remote.ErrorCodec.decode(ErrorCodec.java:167)
at org.openqa.selenium.remote.codec.w3c.W3CHttpResponseCodec.decode(W3CHttpResponseCodec.java:138)
at org.openqa.selenium.remote.codec.w3c.W3CHttpResponseCodec.decode(W3CHttpResponseCodec.java:50)
at org.openqa.selenium.remote.HttpCommandExecutor.execute(HttpCommandExecutor.java:190)
at org.openqa.selenium.remote.service.DriverCommandExecutor.invokeExecute(DriverCommandExecutor.java:216)
at org.openqa.selenium.remote.service.DriverCommandExecutor.execute(DriverCommandExecutor.java:174)
at org.openqa.selenium.remote.RemoteWebDriver.execute(RemoteWebDriver.java:519)
at org.openqa.selenium.remote.RemoteWebElement.execute(RemoteWebElement.java:223)
at org.openqa.selenium.remote.RemoteWebElement.click(RemoteWebElement.java:76)
at allPages.CustomerList.TC13(CustomerList.java:481)
at java.base/java.util.ArrayList.forEach(ArrayList.java:1596)
... Removed 28 stack frames]]>
    </failure>
  </testcase> <!-- TC13 -->
  <testcase classname="allPages.CustomerList" name="TC14" time="74.174">
    <skipped/>
  </testcase> <!-- TC14 -->
  <testcase classname="allPages.CustomerList" name="TC14" time="74.718">
    <skipped/>
  </testcase> <!-- TC14 -->
  <testcase classname="allPages.CustomerList" name="TC14" time="75.302">
    <skipped/>
  </testcase> <!-- TC14 -->
  <testcase classname="allPages.CustomerList" name="TC14" time="26.355"/>
  <testcase classname="allPages.CustomerList" name="TC15" time="16.16"/>
  <testcase classname="allPages.CustomerList" name="TC16" time="13.722"/>
  <testcase classname="allPages.CustomerList" name="TC18" time="14.466"/>
  <testcase classname="allPages.CustomerList" name="TC19" time="12.656"/>
  <testcase classname="allPages.CustomerList" name="TC20" time="15.205"/>
  <testcase classname="allPages.CustomerList" name="TC21" time="17.916"/>
  <testcase classname="allPages.CustomerList" name="TC22" time="18.254"/>
  <testcase classname="allPages.CustomerList" name="TC23" time="16.814"/>
  <testcase classname="allPages.CustomerList" name="TC24" time="19.655"/>
  <testcase classname="allPages.CustomerList" name="TC25" time="23.981"/>
  <testcase classname="allPages.CustomerList" name="TC26" time="21.084"/>
  <testcase classname="allPages.CustomerList" name="TC27" time="16.319"/>
  <testcase classname="allPages.CustomerList" name="TC28" time="18.402"/>
  <testcase classname="allPages.CustomerList" name="TC29" time="30.74"/>
  <testcase classname="allPages.CustomerList" name="TC30" time="21.409"/>
  <testcase classname="allPages.CustomerList" name="TC31" time="19.732"/>
  <testcase classname="allPages.CustomerList" name="TC32" time="18.448"/>
  <testcase classname="allPages.CustomerList" name="TC34" time="16.596"/>
  <testcase classname="allPages.CustomerList" name="TC35" time="16.33"/>
  <testcase classname="allPages.CustomerList" name="TC36" time="16.609"/>
  <testcase classname="allPages.CustomerList" name="TC37" time="17.883"/>
  <testcase classname="allPages.CustomerList" name="TC38" time="16.445"/>
  <testcase classname="allPages.CustomerList" name="TC39" time="18.081"/>
  <testcase classname="allPages.CustomerList" name="TC40" time="18.88"/>
  <testcase classname="allPages.CustomerList" name="TC41" time="17.691"/>
  <testcase classname="allPages.CustomerList" name="TC42" time="79.762">
    <skipped/>
  </testcase> <!-- TC42 -->
  <testcase classname="allPages.CustomerList" name="TC42" time="81.477">
    <skipped/>
  </testcase> <!-- TC42 -->
  <testcase classname="allPages.CustomerList" name="TC42" time="19.801"/>
  <testcase classname="allPages.CustomerList" name="TC43" time="21.87"/>
  <testcase classname="allPages.CustomerList" name="TC44" time="17.149"/>
  <testcase classname="allPages.CustomerList" name="TC45" time="13.858"/>
  <testcase classname="allPages.CustomerList" name="TC46" time="22.054"/>
  <testcase classname="allPages.CustomerList" name="TC47" time="18.279"/>
  <testcase classname="allPages.CustomerList" name="TC48" time="20.406"/>
  <testcase classname="allPages.CustomerList" name="TC49" time="24.462"/>
  <testcase classname="allPages.CustomerList" name="TC50" time="17.817"/>
  <testcase classname="allPages.CustomerList" name="TC51" time="12.062">
    <skipped/>
  </testcase> <!-- TC51 -->
  <testcase classname="allPages.CustomerList" name="TC51" time="11.533"/>
  <testcase classname="allPages.CustomerList" name="TC52" time="31.098"/>
  <testcase classname="allPages.CustomerList" name="TC53" time="23.569"/>
  <testcase classname="allPages.CustomerList" name="TC54" time="30.669"/>
  <testcase classname="allPages.CustomerList" name="TC55" time="74.807">
    <skipped/>
  </testcase> <!-- TC55 -->
  <testcase classname="allPages.CustomerList" name="TC55" time="15.923"/>
  <testcase classname="allPages.CustomerList" name="TC56" time="28.621"/>
  <testcase classname="allPages.CustomerList" name="TC58" time="23.823"/>
  <testcase classname="allPages.CustomerList" name="TC57" time="21.323"/>
  <testcase classname="allPages.CustomerList" name="TC59" time="25.511"/>
  <testcase classname="allPages.CustomerList" name="TC60" time="76.938">
    <skipped/>
  </testcase> <!-- TC60 -->
  <testcase classname="allPages.CustomerList" name="TC60" time="76.498">
    <skipped/>
  </testcase> <!-- TC60 -->
  <testcase classname="allPages.CustomerList" name="TC60" time="76.626">
    <skipped/>
  </testcase> <!-- TC60 -->
  <testcase classname="allPages.CustomerList" name="TC60" time="76.577">
    <skipped/>
  </testcase> <!-- TC60 -->
  <testcase classname="allPages.CustomerList" name="TC60" time="75.32">
    <skipped/>
  </testcase> <!-- TC60 -->
  <testcase classname="allPages.CustomerList" name="TC60" time="23.993"/>
  <testcase classname="allPages.CustomerList" name="TC61" time="75.513">
    <skipped/>
  </testcase> <!-- TC61 -->
  <testcase classname="allPages.CustomerList" name="TC61" time="23.136"/>
  <testcase classname="allPages.CustomerList" name="TC62" time="21.057"/>
  <testcase classname="allPages.CustomerList" name="TC63" time="28.535"/>
  <testcase classname="allPages.CustomerList" name="TC64" time="22.359"/>
  <testcase classname="allPages.CustomerList" name="TC65" time="27.71"/>
  <testcase classname="allPages.CustomerList" name="TC66" time="23.023"/>
  <testcase classname="allPages.CustomerList" name="TC67" time="21.615"/>
  <testcase classname="allPages.CustomerList" name="TC68" time="25.54"/>
  <testcase classname="allPages.CustomerList" name="TC69" time="29.964"/>
  <testcase classname="allPages.CustomerList" name="TC70" time="23.141"/>
  <testcase classname="allPages.CustomerList" name="TC71" time="26.958"/>
  <testcase classname="allPages.CustomerList" name="TC33" time="21.953"/>
  <testcase classname="allPages.InvoicePayAndCreate" name="CreateInvoiceClick" time="7.497"/>
  <testcase classname="allPages.InvoicePayAndCreate" name="InvoicePayClick" time="11.342"/>
  <testcase classname="allPages.InvoicePayAndCreate" name="TC01" time="13.416"/>
  <testcase classname="allPages.InvoicePayAndCreate" name="TC02" time="16.858"/>
  <testcase classname="allPages.InvoicePayAndCreate" name="TC03" time="17.365">
    <skipped/>
  </testcase> <!-- TC03 -->
  <testcase classname="allPages.InvoicePayAndCreate" name="TC03" time="20.096"/>
  <testcase classname="allPages.InvoicePayAndCreate" name="TC04" time="21.576"/>
  <testcase classname="allPages.InvoicePayAndCreate" name="TC06" time="19.183"/>
  <testcase classname="allPages.InvoicePayAndCreate" name="TC07" time="17.272">
    <skipped/>
  </testcase> <!-- TC07 -->
  <testcase classname="allPages.InvoicePayAndCreate" name="TC07" time="75.017">
    <skipped/>
  </testcase> <!-- TC07 -->
  <testcase classname="allPages.InvoicePayAndCreate" name="TC07" time="16.779">
    <skipped/>
  </testcase> <!-- TC07 -->
  <testcase classname="allPages.InvoicePayAndCreate" name="TC07" time="17.721"/>
  <testcase classname="allPages.InvoicePayAndCreate" name="TC08" time="15.902">
    <skipped/>
  </testcase> <!-- TC08 -->
  <testcase classname="allPages.InvoicePayAndCreate" name="TC08" time="16.543"/>
  <testcase classname="allPages.InvoicePayAndCreate" name="TC09" time="18.034"/>
  <testcase classname="allPages.InvoicePayAndCreate" name="TC10" time="21.05"/>
  <testcase classname="allPages.InvoicePayAndCreate" name="TC11" time="20.134"/>
  <testcase classname="allPages.InvoicePayAndCreate" name="TC12" time="29.136"/>
  <testcase classname="allPages.InvoicePayAndCreate" name="TC13" time="34.505"/>
  <testcase classname="allPages.InvoicePayAndCreate" name="TC14" time="30.304"/>
  <testcase classname="allPages.InvoicePayAndCreate" name="TC15" time="32.208"/>
  <testcase classname="allPages.InvoicePayAndCreate" name="TC16" time="33.719"/>
  <testcase classname="allPages.InvoicePayAndCreate" name="TC17" time="29.78"/>
  <testcase classname="allPages.InvoicePayAndCreate" name="TC18" time="30.618"/>
  <testcase classname="allPages.InvoicePayAndCreate" name="TC19" time="29.315"/>
  <testcase classname="allPages.InvoicePayAndCreate" name="TC20" time="30.104"/>
  <testcase classname="allPages.InvoicePayAndCreate" name="TC21" time="25.548"/>
  <testcase classname="allPages.InvoicePayAndCreate" name="TC22" time="24.194"/>
  <testcase classname="allPages.InvoicePayAndCreate" name="TC23" time="26.407"/>
  <testcase classname="allPages.InvoicePayAndCreate" name="TC24" time="22.451"/>
  <testcase classname="allPages.InvoicePayAndCreate" name="TC25" time="25.67"/>
  <testcase classname="allPages.InvoicePayAndCreate" name="TC26" time="87.663"/>
  <testcase classname="allPages.InvoicePayAndCreate" name="TC27" time="147.156">
    <skipped/>
  </testcase> <!-- TC27 -->
  <testcase classname="allPages.InvoicePayAndCreate" name="TC27" time="35.19"/>
  <testcase classname="allPages.InvoicePayAndCreate" name="TC28" time="26.635"/>
  <testcase classname="allPages.InvoicePayAndCreate" name="TC29" time="29.819"/>
  <testcase classname="allPages.InvoicePayAndCreate" name="TC30" time="25.275"/>
  <testcase classname="allPages.InvoicePayAndCreate" name="TC31" time="19.58"/>
  <testcase classname="allPages.InvoicePayAndCreate" name="TC32" time="17.957"/>
  <testcase classname="allPages.InvoicePayAndCreate" name="TC33" time="18.891"/>
  <testcase classname="allPages.InvoicePayAndCreate" name="TC34" time="24.223"/>
  <testcase classname="allPages.InvoicePayAndCreate" name="TC35" time="22.482"/>
  <testcase classname="allPages.InvoicePayAndCreate" name="TC36" time="16.515"/>
  <testcase classname="allPages.InvoicePayAndCreate" name="TC37" time="16.256"/>
  <testcase classname="allPages.InvoicePayAndCreate" name="TC38" time="17.52"/>
  <testcase classname="allPages.InvoicePayAndCreate" name="TC39" time="14.629"/>
  <testcase classname="allPages.InvoicePayAndCreate" name="TC40" time="18.51"/>
  <testcase classname="allPages.InvoicePayAndCreate" name="TC41" time="17.993"/>
  <testcase classname="allPages.InvoicePayAndCreate" name="TC42" time="8.789"/>
  <testcase classname="allPages.InvoicePayAndCreate" name="TC43" time="12.128"/>
  <testcase classname="allPages.InvoicePayAndCreate" name="TC44" time="11.652"/>
  <testcase classname="allPages.InvoicePayAndCreate" name="TC44a" time="84.101">
    <skipped/>
  </testcase> <!-- TC44a -->
  <testcase classname="allPages.InvoicePayAndCreate" name="TC44a" time="81.528">
    <skipped/>
  </testcase> <!-- TC44a -->
  <testcase classname="allPages.InvoicePayAndCreate" name="TC44a" time="22.092"/>
  <testcase classname="allPages.InvoicePayAndCreate" name="TC45" time="18.863"/>
  <testcase classname="allPages.InvoicePayAndCreate" name="TC46" time="75.791">
    <skipped/>
  </testcase> <!-- TC46 -->
  <testcase classname="allPages.InvoicePayAndCreate" name="TC46" time="75.443">
    <skipped/>
  </testcase> <!-- TC46 -->
  <testcase classname="allPages.InvoicePayAndCreate" name="TC46" time="74.822">
    <skipped/>
  </testcase> <!-- TC46 -->
  <testcase classname="allPages.InvoicePayAndCreate" name="TC46" time="75.251">
    <skipped/>
  </testcase> <!-- TC46 -->
  <testcase classname="allPages.InvoicePayAndCreate" name="TC46" time="76.5">
    <skipped/>
  </testcase> <!-- TC46 -->
  <testcase classname="allPages.InvoicePayAndCreate" name="TC46" time="76.196">
    <failure type="org.openqa.selenium.ElementNotInteractableException" message="element not interactable
  (Session info: chrome=125.0.6422.76)
Build info: version: &amp;apos;4.18.1&amp;apos;, revision: &amp;apos;b1d3319b48&amp;apos;
System info: os.name: &amp;apos;Windows 11&amp;apos;, os.arch: &amp;apos;amd64&amp;apos;, os.version: &amp;apos;10.0&amp;apos;, java.version: &amp;apos;21.0.2&amp;apos;
Driver info: org.openqa.selenium.chrome.ChromeDriver
Command: [f490257657eb843474ddd11ae621f778, clickElement {id=f.9BF55101C82307C7E4C90B1AFDF3D9D3.d.6D3E4D58FC241FD936C2DB9DE9EBB7B1.e.89}]
Capabilities {acceptInsecureCerts: false, browserName: chrome, browserVersion: 125.0.6422.76, chrome: {chromedriverVersion: 125.0.6422.78 (14db42ec38ad..., userDataDir: C:\Users\THIRUM~1\AppData\L...}, fedcm:accounts: true, goog:chromeOptions: {debuggerAddress: localhost:57989}, networkConnectionEnabled: false, pageLoadStrategy: normal, platformName: windows, proxy: Proxy(), se:cdp: ws://localhost:57989/devtoo..., se:cdpVersion: 125.0.6422.76, setWindowRect: true, strictFileInteractability: false, timeouts: {implicit: 0, pageLoad: 300000, script: 30000}, unhandledPromptBehavior: dismiss and notify, webauthn:extension:credBlob: true, webauthn:extension:largeBlob: true, webauthn:extension:minPinLength: true, webauthn:extension:prf: true, webauthn:virtualAuthenticators: true}
Element: [[ChromeDriver: chrome on windows (f490257657eb843474ddd11ae621f778)] -&amp;gt; xpath: //*[@id=&amp;quot;kt_content_container&amp;quot;]/div/div[2]/div[1]/div/div/div/div/div[5]/div/div/div/div]
Session ID: f490257657eb843474ddd11ae621f778">
      <![CDATA[org.openqa.selenium.ElementNotInteractableException: element not interactable
  (Session info: chrome=125.0.6422.76)
Build info: version: '4.18.1', revision: 'b1d3319b48'
System info: os.name: 'Windows 11', os.arch: 'amd64', os.version: '10.0', java.version: '21.0.2'
Driver info: org.openqa.selenium.chrome.ChromeDriver
Command: [f490257657eb843474ddd11ae621f778, clickElement {id=f.9BF55101C82307C7E4C90B1AFDF3D9D3.d.6D3E4D58FC241FD936C2DB9DE9EBB7B1.e.89}]
Capabilities {acceptInsecureCerts: false, browserName: chrome, browserVersion: 125.0.6422.76, chrome: {chromedriverVersion: 125.0.6422.78 (14db42ec38ad..., userDataDir: C:\Users\THIRUM~1\AppData\L...}, fedcm:accounts: true, goog:chromeOptions: {debuggerAddress: localhost:57989}, networkConnectionEnabled: false, pageLoadStrategy: normal, platformName: windows, proxy: Proxy(), se:cdp: ws://localhost:57989/devtoo..., se:cdpVersion: 125.0.6422.76, setWindowRect: true, strictFileInteractability: false, timeouts: {implicit: 0, pageLoad: 300000, script: 30000}, unhandledPromptBehavior: dismiss and notify, webauthn:extension:credBlob: true, webauthn:extension:largeBlob: true, webauthn:extension:minPinLength: true, webauthn:extension:prf: true, webauthn:virtualAuthenticators: true}
Element: [[ChromeDriver: chrome on windows (f490257657eb843474ddd11ae621f778)] -> xpath: //*[@id="kt_content_container"]/div/div[2]/div[1]/div/div/div/div/div[5]/div/div/div/div]
Session ID: f490257657eb843474ddd11ae621f778
at org.openqa.selenium.remote.ErrorCodec.decode(ErrorCodec.java:167)
at org.openqa.selenium.remote.codec.w3c.W3CHttpResponseCodec.decode(W3CHttpResponseCodec.java:138)
at org.openqa.selenium.remote.codec.w3c.W3CHttpResponseCodec.decode(W3CHttpResponseCodec.java:50)
at org.openqa.selenium.remote.HttpCommandExecutor.execute(HttpCommandExecutor.java:190)
at org.openqa.selenium.remote.service.DriverCommandExecutor.invokeExecute(DriverCommandExecutor.java:216)
at org.openqa.selenium.remote.service.DriverCommandExecutor.execute(DriverCommandExecutor.java:174)
at org.openqa.selenium.remote.RemoteWebDriver.execute(RemoteWebDriver.java:519)
at org.openqa.selenium.remote.RemoteWebElement.execute(RemoteWebElement.java:223)
at org.openqa.selenium.remote.RemoteWebElement.click(RemoteWebElement.java:76)
at allPages.InvoicePayAndCreate.TC45(InvoicePayAndCreate.java:918)
at allPages.InvoicePayAndCreate.TC46(InvoicePayAndCreate.java:935)
at java.base/java.util.ArrayList.forEach(ArrayList.java:1596)
... Removed 28 stack frames]]>
    </failure>
  </testcase> <!-- TC46 -->
  <testcase classname="allPages.InvoicePayAndCreate" name="TC47" time="74.962">
    <skipped/>
  </testcase> <!-- TC47 -->
  <testcase classname="allPages.InvoicePayAndCreate" name="TC47" time="75.778">
    <skipped/>
  </testcase> <!-- TC47 -->
  <testcase classname="allPages.InvoicePayAndCreate" name="TC47" time="75.158">
    <skipped/>
  </testcase> <!-- TC47 -->
  <testcase classname="allPages.InvoicePayAndCreate" name="TC47" time="74.58">
    <skipped/>
  </testcase> <!-- TC47 -->
  <testcase classname="allPages.InvoicePayAndCreate" name="TC47" time="73.976">
    <skipped/>
  </testcase> <!-- TC47 -->
  <testcase classname="allPages.InvoicePayAndCreate" name="TC47" time="75.093">
    <failure type="org.openqa.selenium.ElementNotInteractableException" message="element not interactable
  (Session info: chrome=125.0.6422.76)
Build info: version: &amp;apos;4.18.1&amp;apos;, revision: &amp;apos;b1d3319b48&amp;apos;
System info: os.name: &amp;apos;Windows 11&amp;apos;, os.arch: &amp;apos;amd64&amp;apos;, os.version: &amp;apos;10.0&amp;apos;, java.version: &amp;apos;21.0.2&amp;apos;
Driver info: org.openqa.selenium.chrome.ChromeDriver
Command: [6c2b551039ce46904239266cd45d1d86, clickElement {id=f.732727FF666DB622B8DAEBD63A7467AE.d.93A26F47E9516BA6BDADCA975AA991E8.e.94}]
Capabilities {acceptInsecureCerts: false, browserName: chrome, browserVersion: 125.0.6422.76, chrome: {chromedriverVersion: 125.0.6422.78 (14db42ec38ad..., userDataDir: C:\Users\THIRUM~1\AppData\L...}, fedcm:accounts: true, goog:chromeOptions: {debuggerAddress: localhost:58622}, networkConnectionEnabled: false, pageLoadStrategy: normal, platformName: windows, proxy: Proxy(), se:cdp: ws://localhost:58622/devtoo..., se:cdpVersion: 125.0.6422.76, setWindowRect: true, strictFileInteractability: false, timeouts: {implicit: 0, pageLoad: 300000, script: 30000}, unhandledPromptBehavior: dismiss and notify, webauthn:extension:credBlob: true, webauthn:extension:largeBlob: true, webauthn:extension:minPinLength: true, webauthn:extension:prf: true, webauthn:virtualAuthenticators: true}
Element: [[ChromeDriver: chrome on windows (6c2b551039ce46904239266cd45d1d86)] -&amp;gt; xpath: //*[@id=&amp;quot;kt_content_container&amp;quot;]/div/div[2]/div[1]/div/div/div/div/div[5]/div/div/div/div]
Session ID: 6c2b551039ce46904239266cd45d1d86">
      <![CDATA[org.openqa.selenium.ElementNotInteractableException: element not interactable
  (Session info: chrome=125.0.6422.76)
Build info: version: '4.18.1', revision: 'b1d3319b48'
System info: os.name: 'Windows 11', os.arch: 'amd64', os.version: '10.0', java.version: '21.0.2'
Driver info: org.openqa.selenium.chrome.ChromeDriver
Command: [6c2b551039ce46904239266cd45d1d86, clickElement {id=f.732727FF666DB622B8DAEBD63A7467AE.d.93A26F47E9516BA6BDADCA975AA991E8.e.94}]
Capabilities {acceptInsecureCerts: false, browserName: chrome, browserVersion: 125.0.6422.76, chrome: {chromedriverVersion: 125.0.6422.78 (14db42ec38ad..., userDataDir: C:\Users\THIRUM~1\AppData\L...}, fedcm:accounts: true, goog:chromeOptions: {debuggerAddress: localhost:58622}, networkConnectionEnabled: false, pageLoadStrategy: normal, platformName: windows, proxy: Proxy(), se:cdp: ws://localhost:58622/devtoo..., se:cdpVersion: 125.0.6422.76, setWindowRect: true, strictFileInteractability: false, timeouts: {implicit: 0, pageLoad: 300000, script: 30000}, unhandledPromptBehavior: dismiss and notify, webauthn:extension:credBlob: true, webauthn:extension:largeBlob: true, webauthn:extension:minPinLength: true, webauthn:extension:prf: true, webauthn:virtualAuthenticators: true}
Element: [[ChromeDriver: chrome on windows (6c2b551039ce46904239266cd45d1d86)] -> xpath: //*[@id="kt_content_container"]/div/div[2]/div[1]/div/div/div/div/div[5]/div/div/div/div]
Session ID: 6c2b551039ce46904239266cd45d1d86
at org.openqa.selenium.remote.ErrorCodec.decode(ErrorCodec.java:167)
at org.openqa.selenium.remote.codec.w3c.W3CHttpResponseCodec.decode(W3CHttpResponseCodec.java:138)
at org.openqa.selenium.remote.codec.w3c.W3CHttpResponseCodec.decode(W3CHttpResponseCodec.java:50)
at org.openqa.selenium.remote.HttpCommandExecutor.execute(HttpCommandExecutor.java:190)
at org.openqa.selenium.remote.service.DriverCommandExecutor.invokeExecute(DriverCommandExecutor.java:216)
at org.openqa.selenium.remote.service.DriverCommandExecutor.execute(DriverCommandExecutor.java:174)
at org.openqa.selenium.remote.RemoteWebDriver.execute(RemoteWebDriver.java:519)
at org.openqa.selenium.remote.RemoteWebElement.execute(RemoteWebElement.java:223)
at org.openqa.selenium.remote.RemoteWebElement.click(RemoteWebElement.java:76)
at allPages.InvoicePayAndCreate.TC45(InvoicePayAndCreate.java:918)
at allPages.InvoicePayAndCreate.TC47(InvoicePayAndCreate.java:952)
at java.base/java.util.ArrayList.forEach(ArrayList.java:1596)
... Removed 28 stack frames]]>
    </failure>
  </testcase> <!-- TC47 -->
  <testcase classname="allPages.InvoicePayAndCreate" name="TC48" time="73.289">
    <skipped/>
  </testcase> <!-- TC48 -->
  <testcase classname="allPages.InvoicePayAndCreate" name="TC48" time="74.968">
    <skipped/>
  </testcase> <!-- TC48 -->
  <testcase classname="allPages.InvoicePayAndCreate" name="TC48" time="21.233"/>
  <testcase classname="allPages.InvoicePayAndCreate" name="TC49" time="76.517">
    <skipped/>
  </testcase> <!-- TC49 -->
  <testcase classname="allPages.InvoicePayAndCreate" name="TC49" time="74.455">
    <skipped/>
  </testcase> <!-- TC49 -->
  <testcase classname="allPages.InvoicePayAndCreate" name="TC49" time="74.249">
    <skipped/>
  </testcase> <!-- TC49 -->
  <testcase classname="allPages.InvoicePayAndCreate" name="TC49" time="75.412">
    <skipped/>
  </testcase> <!-- TC49 -->
  <testcase classname="allPages.InvoicePayAndCreate" name="TC49" time="74.504">
    <skipped/>
  </testcase> <!-- TC49 -->
  <testcase classname="allPages.InvoicePayAndCreate" name="TC49" time="18.041"/>
  <testcase classname="allPages.InvoicePayAndCreate" name="TC50" time="15.887"/>
  <testcase classname="allPages.Schedulers" name="ACHSchedulerBtn" time="11.424"/>
  <testcase classname="allPages.Schedulers" name="NoPaymentBtn" time="7.711"/>
  <testcase classname="allPages.Schedulers" name="TC01" time="10.801"/>
  <testcase classname="allPages.Schedulers" name="TC02" time="14.694"/>
  <testcase classname="allPages.Schedulers" name="TC03" time="73.419">
    <skipped/>
  </testcase> <!-- TC03 -->
  <testcase classname="allPages.Schedulers" name="TC03" time="14.982"/>
  <testcase classname="allPages.Schedulers" name="TC04" time="16.058"/>
  <testcase classname="allPages.Schedulers" name="TC05" time="14.368"/>
  <testcase classname="allPages.Schedulers" name="TC06" time="11.255"/>
  <testcase classname="allPages.Schedulers" name="TC07" time="8.891"/>
  <testcase classname="allPages.Schedulers" name="TC08" time="9.048"/>
  <testcase classname="allPages.Schedulers" name="TC09" time="7.013"/>
  <testcase classname="allPages.Schedulers" name="TC10" time="8.838"/>
  <testcase classname="allPages.Schedulers" name="TC11" time="10.544"/>
  <testcase classname="allPages.Schedulers" name="TC12" time="9.071"/>
  <testcase classname="allPages.Schedulers" name="TC13" time="12.156"/>
  <testcase classname="allPages.Schedulers" name="TC14" time="13.533"/>
  <testcase classname="allPages.Schedulers" name="TC15" time="11.461"/>
  <testcase classname="allPages.Schedulers" name="TC16" time="14.248"/>
  <testcase classname="allPages.Schedulers" name="TC17" time="10.071"/>
  <testcase classname="allPages.Schedulers" name="TC18" time="68.593">
    <skipped/>
  </testcase> <!-- TC18 -->
  <testcase classname="allPages.Schedulers" name="TC18" time="69.59">
    <skipped/>
  </testcase> <!-- TC18 -->
  <testcase classname="allPages.Schedulers" name="TC18" time="68.198">
    <skipped/>
  </testcase> <!-- TC18 -->
  <testcase classname="allPages.Schedulers" name="TC18" time="70.155">
    <skipped/>
  </testcase> <!-- TC18 -->
  <testcase classname="allPages.Schedulers" name="TC18" time="68.472">
    <skipped/>
  </testcase> <!-- TC18 -->
  <testcase classname="allPages.Schedulers" name="TC18" time="69.212">
    <failure type="org.openqa.selenium.NoSuchElementException" message="Cannot locate option with text: 0211thiru@gmail.com
For documentation on this error, please visit: https://www.selenium.dev/documentation/webdriver/troubleshooting/errors#no-such-element-exception
Build info: version: &amp;apos;4.18.1&amp;apos;, revision: &amp;apos;b1d3319b48&amp;apos;
System info: os.name: &amp;apos;Windows 11&amp;apos;, os.arch: &amp;apos;amd64&amp;apos;, os.version: &amp;apos;10.0&amp;apos;, java.version: &amp;apos;21.0.2&amp;apos;
Driver info: driver.version: unknown">
      <![CDATA[org.openqa.selenium.NoSuchElementException: Cannot locate option with text: 0211thiru@gmail.com
For documentation on this error, please visit: https://www.selenium.dev/documentation/webdriver/troubleshooting/errors#no-such-element-exception
Build info: version: '4.18.1', revision: 'b1d3319b48'
System info: os.name: 'Windows 11', os.arch: 'amd64', os.version: '10.0', java.version: '21.0.2'
Driver info: driver.version: unknown
at org.openqa.selenium.support.ui.Select.selectByVisibleText(Select.java:153)
at allPages.Schedulers.TC18(Schedulers.java:278)
at java.base/java.util.ArrayList.forEach(ArrayList.java:1596)
... Removed 25 stack frames]]>
    </failure>
  </testcase> <!-- TC18 -->
  <testcase classname="allPages.CustomerGroup" name="CustomerGroupBtnClick" time="7.303"/>
  <testcase classname="allPages.CustomerGroup" name="TC01" time="8.57"/>
  <testcase classname="allPages.CustomerGroup" name="TC02" time="10.441"/>
  <testcase classname="allPages.CustomerGroup" name="TC03" time="9.93"/>
  <testcase classname="allPages.CustomerGroup" name="TC04" time="10.532"/>
  <testcase classname="allPages.CustomerGroup" name="TC05" time="14.57"/>
  <testcase classname="allPages.CustomerGroup" name="TC06" time="16.488"/>
  <testcase classname="allPages.Tickets" name="TicketsClick" time="6.888"/>
  <testcase classname="allPages.Tickets" name="TC01" time="8.142"/>
  <testcase classname="allPages.Tickets" name="TC02" time="6.555"/>
  <testcase classname="allPages.Tickets" name="TC03" time="14.418"/>
  <testcase classname="allPages.Tickets" name="TC04" time="15.614"/>
  <testcase classname="allPages.Tickets" name="TC05" time="13.765"/>
  <testcase classname="allPages.Tickets" name="TC06" time="14.954"/>
  <testcase classname="allPages.Tickets" name="TC07" time="68.927">
    <skipped/>
  </testcase> <!-- TC07 -->
  <testcase classname="allPages.Tickets" name="TC07" time="11.644">
    <skipped/>
  </testcase> <!-- TC07 -->
  <testcase classname="allPages.Tickets" name="TC07" time="10.693">
    <skipped/>
  </testcase> <!-- TC07 -->
  <testcase classname="allPages.Tickets" name="TC07" time="69.249">
    <skipped/>
  </testcase> <!-- TC07 -->
  <testcase classname="allPages.Tickets" name="TC07" time="11.53">
    <skipped/>
  </testcase> <!-- TC07 -->
  <testcase classname="allPages.Tickets" name="TC07" time="14.58"/>
  <testcase classname="allPages.Tickets" name="TC08" time="14.257"/>
  <testcase classname="allPages.Tickets" name="TC09" time="15.14"/>
  <testcase classname="allPages.Tickets" name="TC10" time="15.017"/>
  <testcase classname="allPages.Tickets" name="TC11" time="18.795"/>
  <testcase classname="allPages.Tickets" name="TC12" time="12.718"/>
  <testcase classname="allPages.Tickets" name="TC13" time="11.971"/>
  <testcase classname="allPages.Tickets" name="TC14" time="9.623"/>
  <testcase classname="allPages.CheckPayments" name="CheckPaymentsClick" time="5.839"/>
  <testcase classname="allPages.CheckPayments" name="TC01" time="9.721"/>
  <testcase classname="allPages.CheckPayments" name="TC02" time="11.454"/>
  <testcase classname="allPages.CheckPayments" name="TC03" time="20.176"/>
  <testcase classname="allPages.CheckPayments" name="TC04" time="15.943"/>
  <testcase classname="allPages.CheckPayments" name="TC05" time="26.264"/>
  <testcase classname="allPages.InstallerSetup" name="TC24" time="0.0">
    <ignored/>
  </testcase> <!-- TC24 -->
  <testcase classname="allPages.ViewUser" name="TC23" time="0.0">
    <ignored/>
  </testcase> <!-- TC23 -->
  <testcase classname="allPages.Login" name="Login_TC8" time="0.0">
    <ignored/>
  </testcase> <!-- Login_TC8 -->
</testsuite> <!-- Test -->
