<?xml version="1.0" encoding="UTF-8"?>
<!-- Generated by org.testng.reporters.JUnitXMLReporter -->
<testsuite ignored="41" hostname="SSSLT025" failures="1" tests="1" name="Default test(failed)(failed)" time="34.389" errors="0" timestamp="2024-04-15T17:51:40 IST">
  <testcase classname="allPages.CustomerIssues" name="TC04" time="26.552">
    <failure type="org.openqa.selenium.NoSuchWindowException" message="no such window: target window already closed
from unknown error: web view not found
  (Session info: chrome=123.0.6312.122)
Build info: version: &amp;apos;4.18.1&amp;apos;, revision: &amp;apos;b1d3319b48&amp;apos;
System info: os.name: &amp;apos;Windows 11&amp;apos;, os.arch: &amp;apos;amd64&amp;apos;, os.version: &amp;apos;10.0&amp;apos;, java.version: &amp;apos;21.0.2&amp;apos;
Driver info: org.openqa.selenium.chrome.ChromeDriver
Command: [270b9264cdebb70fe0a8be06413d3cd6, findElement {value=//*[@id=&amp;quot;installer&amp;quot;], using=xpath}]
Capabilities {acceptInsecureCerts: false, browserName: chrome, browserVersion: 123.0.6312.122, chrome: {chromedriverVersion: 123.0.6312.122 (31f8248cdd9..., userDataDir: C:\Users\THIRUM~1\AppData\L...}, fedcm:accounts: true, goog:chromeOptions: {debuggerAddress: localhost:63451}, networkConnectionEnabled: false, pageLoadStrategy: normal, platformName: windows, proxy: Proxy(), se:cdp: ws://localhost:63451/devtoo..., se:cdpVersion: 123.0.6312.122, setWindowRect: true, strictFileInteractability: false, timeouts: {implicit: 0, pageLoad: 300000, script: 30000}, unhandledPromptBehavior: dismiss and notify, webauthn:extension:credBlob: true, webauthn:extension:largeBlob: true, webauthn:extension:minPinLength: true, webauthn:extension:prf: true, webauthn:virtualAuthenticators: true}
Session ID: 270b9264cdebb70fe0a8be06413d3cd6">
      <![CDATA[org.openqa.selenium.NoSuchWindowException: no such window: target window already closed
from unknown error: web view not found
  (Session info: chrome=123.0.6312.122)
Build info: version: '4.18.1', revision: 'b1d3319b48'
System info: os.name: 'Windows 11', os.arch: 'amd64', os.version: '10.0', java.version: '21.0.2'
Driver info: org.openqa.selenium.chrome.ChromeDriver
Command: [270b9264cdebb70fe0a8be06413d3cd6, findElement {value=//*[@id="installer"], using=xpath}]
Capabilities {acceptInsecureCerts: false, browserName: chrome, browserVersion: 123.0.6312.122, chrome: {chromedriverVersion: 123.0.6312.122 (31f8248cdd9..., userDataDir: C:\Users\THIRUM~1\AppData\L...}, fedcm:accounts: true, goog:chromeOptions: {debuggerAddress: localhost:63451}, networkConnectionEnabled: false, pageLoadStrategy: normal, platformName: windows, proxy: Proxy(), se:cdp: ws://localhost:63451/devtoo..., se:cdpVersion: 123.0.6312.122, setWindowRect: true, strictFileInteractability: false, timeouts: {implicit: 0, pageLoad: 300000, script: 30000}, unhandledPromptBehavior: dismiss and notify, webauthn:extension:credBlob: true, webauthn:extension:largeBlob: true, webauthn:extension:minPinLength: true, webauthn:extension:prf: true, webauthn:virtualAuthenticators: true}
Session ID: 270b9264cdebb70fe0a8be06413d3cd6
at org.openqa.selenium.remote.ErrorCodec.decode(ErrorCodec.java:167)
at org.openqa.selenium.remote.codec.w3c.W3CHttpResponseCodec.decode(W3CHttpResponseCodec.java:138)
at org.openqa.selenium.remote.codec.w3c.W3CHttpResponseCodec.decode(W3CHttpResponseCodec.java:50)
at org.openqa.selenium.remote.HttpCommandExecutor.execute(HttpCommandExecutor.java:190)
at org.openqa.selenium.remote.service.DriverCommandExecutor.invokeExecute(DriverCommandExecutor.java:216)
at org.openqa.selenium.remote.service.DriverCommandExecutor.execute(DriverCommandExecutor.java:174)
at org.openqa.selenium.remote.RemoteWebDriver.execute(RemoteWebDriver.java:519)
at org.openqa.selenium.remote.ElementLocation$ElementFinder$2.findElement(ElementLocation.java:165)
at org.openqa.selenium.remote.ElementLocation.findElement(ElementLocation.java:59)
at org.openqa.selenium.remote.RemoteWebDriver.findElement(RemoteWebDriver.java:356)
at org.openqa.selenium.remote.RemoteWebDriver.findElement(RemoteWebDriver.java:350)
at allPages.CustomerIssues.TC04(CustomerIssues.java:446)
at java.base/java.util.ArrayList.forEach(ArrayList.java:1596)
... Removed 28 stack frames]]>
    </failure>
  </testcase> <!-- TC04 -->
  <testcase classname="allPages.CustomerIssues" name="ACHMailTimeChckS2Cus" time="0.0">
    <ignored/>
  </testcase> <!-- ACHMailTimeChckS2Cus -->
  <testcase classname="allPages.CustomerIssues" name="EdtPyCusNameChck" time="0.0">
    <ignored/>
  </testcase> <!-- EdtPyCusNameChck -->
  <testcase classname="allPages.CustomerIssues" name="DisableChck2" time="0.0">
    <ignored/>
  </testcase> <!-- DisableChck2 -->
  <testcase classname="allPages.CustomerIssues" name="LastModifiedChck" time="0.0">
    <ignored/>
  </testcase> <!-- LastModifiedChck -->
  <testcase classname="allPages.CustomerIssues" name="TC10" time="0.0">
    <ignored/>
  </testcase> <!-- TC10 -->
  <testcase classname="allPages.CustomerIssues" name="DsblUsrChck" time="0.0">
    <ignored/>
  </testcase> <!-- DsblUsrChck -->
  <testcase classname="allPages.CustomerIssues" name="InvstClrBtnChck" time="0.0">
    <ignored/>
  </testcase> <!-- InvstClrBtnChck -->
  <testcase classname="allPages.CustomerIssues" name="CrtInvNoDataChck" time="0.0">
    <ignored/>
  </testcase> <!-- CrtInvNoDataChck -->
  <testcase classname="allPages.CustomerIssues" name="AddToLstChckPymtChck" time="0.0">
    <ignored/>
  </testcase> <!-- AddToLstChckPymtChck -->
  <testcase classname="allPages.CustomerIssues" name="TC40" time="0.0">
    <ignored/>
  </testcase> <!-- TC40 -->
  <testcase classname="allPages.CustomerIssues" name="TC02" time="0.0">
    <ignored/>
  </testcase> <!-- TC02 -->
  <testcase classname="allPages.CustomerIssues" name="TC18" time="0.0">
    <ignored/>
  </testcase> <!-- TC18 -->
  <testcase classname="allPages.CustomerIssues" name="CGIDrpDwnChck" time="0.0">
    <ignored/>
  </testcase> <!-- CGIDrpDwnChck -->
  <testcase classname="allPages.CustomerIssues" name="LoginBtn" time="0.0">
    <ignored/>
  </testcase> <!-- LoginBtn -->
  <testcase classname="allPages.CustomerIssues" name="DateCheck" time="0.0">
    <ignored/>
  </testcase> <!-- DateCheck -->
  <testcase classname="allPages.CustomerIssues" name="StartPyChck" time="0.0">
    <ignored/>
  </testcase> <!-- StartPyChck -->
  <testcase classname="allPages.CustomerIssues" name="StopPyMnt" time="0.0">
    <ignored/>
  </testcase> <!-- StopPyMnt -->
  <testcase classname="allPages.CustomerIssues" name="EditInstlrIssue" time="0.0">
    <ignored/>
  </testcase> <!-- EditInstlrIssue -->
  <testcase classname="allPages.CustomerIssues" name="CusPortEditChck" time="0.0">
    <ignored/>
  </testcase> <!-- CusPortEditChck -->
  <testcase classname="allPages.CustomerIssues" name="TC06" time="0.0">
    <ignored/>
  </testcase> <!-- TC06 -->
  <testcase classname="allPages.CustomerIssues" name="EscProgChck" time="0.0">
    <ignored/>
  </testcase> <!-- EscProgChck -->
  <testcase classname="allPages.CustomerIssues" name="APIStupClrBtn" time="0.0">
    <ignored/>
  </testcase> <!-- APIStupClrBtn -->
  <testcase classname="allPages.CustomerIssues" name="UserIDCheck" time="0.0">
    <ignored/>
  </testcase> <!-- UserIDCheck -->
  <testcase classname="allPages.CustomerIssues" name="PayOffChck" time="0.0">
    <ignored/>
  </testcase> <!-- PayOffChck -->
  <testcase classname="allPages.CustomerIssues" name="DisableChck1" time="0.0">
    <ignored/>
  </testcase> <!-- DisableChck1 -->
  <testcase classname="allPages.CustomerIssues" name="NewUsrTimIsue" time="0.0">
    <ignored/>
  </testcase> <!-- NewUsrTimIsue -->
  <testcase classname="allPages.CustomerIssues" name="EmailNotifChck" time="0.0">
    <ignored/>
  </testcase> <!-- EmailNotifChck -->
  <testcase classname="allPages.CustomerIssues" name="QuckUpldChck" time="0.0">
    <ignored/>
  </testcase> <!-- QuckUpldChck -->
  <testcase classname="allPages.CustomerIssues" name="TC23" time="0.0">
    <ignored/>
  </testcase> <!-- TC23 -->
  <testcase classname="allPages.CustomerIssues" name="TC01" time="0.0">
    <ignored/>
  </testcase> <!-- TC01 -->
  <testcase classname="allPages.CustomerIssues" name="TC45" time="0.0">
    <ignored/>
  </testcase> <!-- TC45 -->
  <testcase classname="allPages.CustomerIssues" name="TC19" time="0.0">
    <ignored/>
  </testcase> <!-- TC19 -->
  <testcase classname="allPages.CustomerIssues" name="ACHUpldPopUpChck" time="0.0">
    <ignored/>
  </testcase> <!-- ACHUpldPopUpChck -->
  <testcase classname="allPages.CustomerIssues" name="TC03" time="0.0">
    <ignored/>
  </testcase> <!-- TC03 -->
  <testcase classname="allPages.CustomerIssues" name="APIStupSavBtn" time="0.0">
    <ignored/>
  </testcase> <!-- APIStupSavBtn -->
  <testcase classname="allPages.CustomerIssues" name="ACHMailTimeChckS2Sale" time="0.0">
    <ignored/>
  </testcase> <!-- ACHMailTimeChckS2Sale -->
  <testcase classname="allPages.CustomerIssues" name="EscProgCaptchaChck" time="0.0">
    <ignored/>
  </testcase> <!-- EscProgCaptchaChck -->
  <testcase classname="allPages.CustomerIssues" name="TC27" time="0.0">
    <ignored/>
  </testcase> <!-- TC27 -->
  <testcase classname="allPages.CustomerIssues" name="CrtInvDueMonth" time="0.0">
    <ignored/>
  </testcase> <!-- CrtInvDueMonth -->
  <testcase classname="allPages.CustomerIssues" name="TC17" time="0.0">
    <ignored/>
  </testcase> <!-- TC17 -->
  <testcase classname="allPages.CustomerIssues" name="SwapOutChck" time="0.0">
    <ignored/>
  </testcase> <!-- SwapOutChck -->
</testsuite> <!-- Default test(failed)(failed) -->
