<?xml version="1.0" encoding="UTF-8"?>
<!-- Generated by org.testng.reporters.JUnitXMLReporter -->
<testsuite ignored="69" hostname="SSSLT025" failures="4" tests="9" name="Default test(failed)(failed)(failed)(failed)" time="1030.967" errors="0" timestamp="2024-04-30T10:26:38 IST">
  <testcase classname="allPages.CustomerIssues" name="CrtInvDueMonth" time="72.489">
    <skipped/>
  </testcase> <!-- CrtInvDueMonth -->
  <testcase classname="allPages.CustomerIssues" name="CrtInvDueMonth" time="122.129">
    <failure type="org.openqa.selenium.NoSuchElementException" message="Unable to find element with locator By.xpath: //*[@id=&amp;quot;kt_content_container&amp;quot;]/div/div[1]/div/div[1]/select
For documentation on this error, please visit: https://www.selenium.dev/documentation/webdriver/troubleshooting/errors#no-such-element-exception
Build info: version: &amp;apos;4.18.1&amp;apos;, revision: &amp;apos;b1d3319b48&amp;apos;
System info: os.name: &amp;apos;Windows 11&amp;apos;, os.arch: &amp;apos;amd64&amp;apos;, os.version: &amp;apos;10.0&amp;apos;, java.version: &amp;apos;21.0.2&amp;apos;
Driver info: driver.version: RemoteWebDriver">
      <![CDATA[org.openqa.selenium.NoSuchElementException: Unable to find element with locator By.xpath: //*[@id="kt_content_container"]/div/div[1]/div/div[1]/select
For documentation on this error, please visit: https://www.selenium.dev/documentation/webdriver/troubleshooting/errors#no-such-element-exception
Build info: version: '4.18.1', revision: 'b1d3319b48'
System info: os.name: 'Windows 11', os.arch: 'amd64', os.version: '10.0', java.version: '21.0.2'
Driver info: driver.version: RemoteWebDriver
at org.openqa.selenium.remote.ElementLocation$ElementFinder$2.findElement(ElementLocation.java:168)
at org.openqa.selenium.remote.ElementLocation.findElement(ElementLocation.java:59)
at org.openqa.selenium.remote.RemoteWebDriver.findElement(RemoteWebDriver.java:356)
at org.openqa.selenium.remote.RemoteWebDriver.findElement(RemoteWebDriver.java:350)
at allPages.CustomerIssues.CrtInvDueMonth(CustomerIssues.java:1091)
at java.base/java.util.ArrayList.forEach(ArrayList.java:1596)
... Removed 25 stack frames]]>
    </failure>
  </testcase> <!-- CrtInvDueMonth -->
  <testcase classname="allPages.CustomerIssues" name="ACHUpldSndToSal_CC_Chck" time="13.501"/>
  <testcase classname="allPages.CustomerIssues" name="CusAddPTOChck" time="101.827">
    <skipped/>
  </testcase> <!-- CusAddPTOChck -->
  <testcase classname="allPages.CustomerIssues" name="CusAddPTOChck" time="186.373">
    <failure type="org.openqa.selenium.TimeoutException" message="java.util.concurrent.TimeoutException
Build info: version: &amp;apos;4.18.1&amp;apos;, revision: &amp;apos;b1d3319b48&amp;apos;
System info: os.name: &amp;apos;Windows 11&amp;apos;, os.arch: &amp;apos;amd64&amp;apos;, os.version: &amp;apos;10.0&amp;apos;, java.version: &amp;apos;21.0.2&amp;apos;
Driver info: org.openqa.selenium.chrome.ChromeDriver
Command: [86c580a555d633bc58af622f647d42d8, findChildElements {using=xpath, value=.//option[normalize-space(.) = &amp;quot;Elios 2023(Unassigned)(Unassigned)&amp;quot;], id=f.3C5C6E8A2BB2AF45056967D1907FE071.d.FF721A45A4EBC5B4470426608A4A066C.e.107}]
Capabilities {acceptInsecureCerts: false, browserName: chrome, browserVersion: 124.0.6367.61, chrome: {chromedriverVersion: 124.0.6367.91 (51df0e5e17a8..., userDataDir: C:\Users\THIRUM~1\AppData\L...}, fedcm:accounts: true, goog:chromeOptions: {debuggerAddress: localhost:57632}, networkConnectionEnabled: false, pageLoadStrategy: normal, platformName: windows, proxy: Proxy(), se:cdp: ws://localhost:57632/devtoo..., se:cdpVersion: 124.0.6367.61, setWindowRect: true, strictFileInteractability: false, timeouts: {implicit: 0, pageLoad: 300000, script: 30000}, unhandledPromptBehavior: dismiss and notify, webauthn:extension:credBlob: true, webauthn:extension:largeBlob: true, webauthn:extension:minPinLength: true, webauthn:extension:prf: true, webauthn:virtualAuthenticators: true}
Session ID: 86c580a555d633bc58af622f647d42d8">
      <![CDATA[org.openqa.selenium.TimeoutException: java.util.concurrent.TimeoutException
Build info: version: '4.18.1', revision: 'b1d3319b48'
System info: os.name: 'Windows 11', os.arch: 'amd64', os.version: '10.0', java.version: '21.0.2'
Driver info: org.openqa.selenium.chrome.ChromeDriver
Command: [86c580a555d633bc58af622f647d42d8, findChildElements {using=xpath, value=.//option[normalize-space(.) = "Elios 2023(Unassigned)(Unassigned)"], id=f.3C5C6E8A2BB2AF45056967D1907FE071.d.FF721A45A4EBC5B4470426608A4A066C.e.107}]
Capabilities {acceptInsecureCerts: false, browserName: chrome, browserVersion: 124.0.6367.61, chrome: {chromedriverVersion: 124.0.6367.91 (51df0e5e17a8..., userDataDir: C:\Users\THIRUM~1\AppData\L...}, fedcm:accounts: true, goog:chromeOptions: {debuggerAddress: localhost:57632}, networkConnectionEnabled: false, pageLoadStrategy: normal, platformName: windows, proxy: Proxy(), se:cdp: ws://localhost:57632/devtoo..., se:cdpVersion: 124.0.6367.61, setWindowRect: true, strictFileInteractability: false, timeouts: {implicit: 0, pageLoad: 300000, script: 30000}, unhandledPromptBehavior: dismiss and notify, webauthn:extension:credBlob: true, webauthn:extension:largeBlob: true, webauthn:extension:minPinLength: true, webauthn:extension:prf: true, webauthn:virtualAuthenticators: true}
Session ID: 86c580a555d633bc58af622f647d42d8
at org.openqa.selenium.remote.http.jdk.JdkHttpClient.execute0(JdkHttpClient.java:403)
at org.openqa.selenium.remote.http.AddSeleniumUserAgent.lambda$apply$0(AddSeleniumUserAgent.java:42)
at org.openqa.selenium.remote.http.Filter.lambda$andFinally$1(Filter.java:55)
at org.openqa.selenium.remote.http.jdk.JdkHttpClient.execute(JdkHttpClient.java:359)
at org.openqa.selenium.remote.HttpCommandExecutor.execute(HttpCommandExecutor.java:187)
at org.openqa.selenium.remote.service.DriverCommandExecutor.invokeExecute(DriverCommandExecutor.java:216)
at org.openqa.selenium.remote.service.DriverCommandExecutor.execute(DriverCommandExecutor.java:174)
at org.openqa.selenium.remote.RemoteWebDriver.execute(RemoteWebDriver.java:519)
at org.openqa.selenium.remote.ElementLocation$ElementFinder$2.findElements(ElementLocation.java:182)
at org.openqa.selenium.remote.ElementLocation.findElements(ElementLocation.java:103)
at org.openqa.selenium.remote.RemoteWebDriver.findElements(RemoteWebDriver.java:369)
at org.openqa.selenium.remote.RemoteWebElement.findElements(RemoteWebElement.java:203)
at org.openqa.selenium.support.ui.Select.selectByVisibleText(Select.java:115)
at allPages.CustomerIssues.CusAddPTOChck(CustomerIssues.java:2159)
at java.base/java.util.ArrayList.forEach(ArrayList.java:1596)
Caused by: java.util.concurrent.TimeoutException
at java.base/java.util.concurrent.CompletableFuture.timedGet(CompletableFuture.java:1960)
at java.base/java.util.concurrent.CompletableFuture.get(CompletableFuture.java:2095)
at org.openqa.selenium.remote.http.jdk.JdkHttpClient.execute0(JdkHttpClient.java:386)
... 39 more
... Removed 25 stack frames]]>
    </failure>
  </testcase> <!-- CusAddPTOChck -->
  <testcase classname="allPages.CustomerIssues" name="InvPyAddChrgChk" time="203.195">
    <skipped/>
  </testcase> <!-- InvPyAddChrgChk -->
  <testcase classname="allPages.CustomerIssues" name="InvPyAddChrgChk" time="183.524">
    <failure type="org.openqa.selenium.TimeoutException" message="java.util.concurrent.TimeoutException
Build info: version: &amp;apos;4.18.1&amp;apos;, revision: &amp;apos;b1d3319b48&amp;apos;
System info: os.name: &amp;apos;Windows 11&amp;apos;, os.arch: &amp;apos;amd64&amp;apos;, os.version: &amp;apos;10.0&amp;apos;, java.version: &amp;apos;21.0.2&amp;apos;
Driver info: org.openqa.selenium.chrome.ChromeDriver
Command: [ebcfb1b054e493ab3c495832b5a6a313, findElement {value=//*[@id=&amp;quot;#kt_aside_menu&amp;quot;]/div[5]/span/span[2], using=xpath}]
Capabilities {acceptInsecureCerts: false, browserName: chrome, browserVersion: 124.0.6367.61, chrome: {chromedriverVersion: 124.0.6367.91 (51df0e5e17a8..., userDataDir: C:\Users\THIRUM~1\AppData\L...}, fedcm:accounts: true, goog:chromeOptions: {debuggerAddress: localhost:58076}, networkConnectionEnabled: false, pageLoadStrategy: normal, platformName: windows, proxy: Proxy(), se:cdp: ws://localhost:58076/devtoo..., se:cdpVersion: 124.0.6367.61, setWindowRect: true, strictFileInteractability: false, timeouts: {implicit: 0, pageLoad: 300000, script: 30000}, unhandledPromptBehavior: dismiss and notify, webauthn:extension:credBlob: true, webauthn:extension:largeBlob: true, webauthn:extension:minPinLength: true, webauthn:extension:prf: true, webauthn:virtualAuthenticators: true}
Session ID: ebcfb1b054e493ab3c495832b5a6a313">
      <![CDATA[org.openqa.selenium.TimeoutException: java.util.concurrent.TimeoutException
Build info: version: '4.18.1', revision: 'b1d3319b48'
System info: os.name: 'Windows 11', os.arch: 'amd64', os.version: '10.0', java.version: '21.0.2'
Driver info: org.openqa.selenium.chrome.ChromeDriver
Command: [ebcfb1b054e493ab3c495832b5a6a313, findElement {value=//*[@id="#kt_aside_menu"]/div[5]/span/span[2], using=xpath}]
Capabilities {acceptInsecureCerts: false, browserName: chrome, browserVersion: 124.0.6367.61, chrome: {chromedriverVersion: 124.0.6367.91 (51df0e5e17a8..., userDataDir: C:\Users\THIRUM~1\AppData\L...}, fedcm:accounts: true, goog:chromeOptions: {debuggerAddress: localhost:58076}, networkConnectionEnabled: false, pageLoadStrategy: normal, platformName: windows, proxy: Proxy(), se:cdp: ws://localhost:58076/devtoo..., se:cdpVersion: 124.0.6367.61, setWindowRect: true, strictFileInteractability: false, timeouts: {implicit: 0, pageLoad: 300000, script: 30000}, unhandledPromptBehavior: dismiss and notify, webauthn:extension:credBlob: true, webauthn:extension:largeBlob: true, webauthn:extension:minPinLength: true, webauthn:extension:prf: true, webauthn:virtualAuthenticators: true}
Session ID: ebcfb1b054e493ab3c495832b5a6a313
at org.openqa.selenium.remote.http.jdk.JdkHttpClient.execute0(JdkHttpClient.java:403)
at org.openqa.selenium.remote.http.AddSeleniumUserAgent.lambda$apply$0(AddSeleniumUserAgent.java:42)
at org.openqa.selenium.remote.http.Filter.lambda$andFinally$1(Filter.java:55)
at org.openqa.selenium.remote.http.jdk.JdkHttpClient.execute(JdkHttpClient.java:359)
at org.openqa.selenium.remote.HttpCommandExecutor.execute(HttpCommandExecutor.java:187)
at org.openqa.selenium.remote.service.DriverCommandExecutor.invokeExecute(DriverCommandExecutor.java:216)
at org.openqa.selenium.remote.service.DriverCommandExecutor.execute(DriverCommandExecutor.java:174)
at org.openqa.selenium.remote.RemoteWebDriver.execute(RemoteWebDriver.java:519)
at org.openqa.selenium.remote.ElementLocation$ElementFinder$2.findElement(ElementLocation.java:165)
at org.openqa.selenium.remote.ElementLocation.findElement(ElementLocation.java:59)
at org.openqa.selenium.remote.RemoteWebDriver.findElement(RemoteWebDriver.java:356)
at org.openqa.selenium.remote.RemoteWebDriver.findElement(RemoteWebDriver.java:350)
at allPages.CustomerIssues.InvPyDateChk(CustomerIssues.java:2395)
at allPages.CustomerIssues.InvPyAddChrgChk(CustomerIssues.java:2429)
at java.base/java.util.ArrayList.forEach(ArrayList.java:1596)
Caused by: java.util.concurrent.TimeoutException
at java.base/java.util.concurrent.CompletableFuture.timedGet(CompletableFuture.java:1960)
at java.base/java.util.concurrent.CompletableFuture.get(CompletableFuture.java:2095)
at org.openqa.selenium.remote.http.jdk.JdkHttpClient.execute0(JdkHttpClient.java:386)
... 39 more
... Removed 25 stack frames]]>
    </failure>
  </testcase> <!-- InvPyAddChrgChk -->
  <testcase classname="allPages.CustomerIssues" name="InvPyLatFeeChk" time="0.07">
    <skipped/>
  </testcase> <!-- InvPyLatFeeChk -->
  <testcase classname="allPages.CustomerIssues" name="InvPyLatFeeChk" time="34.81">
    <failure type="org.openqa.selenium.NoSuchElementException" message="Unable to find element with locator By.xpath: //*[@id=&amp;quot;kt_content_container&amp;quot;]/div/div[1]/div[1]/div[1]/select
For documentation on this error, please visit: https://www.selenium.dev/documentation/webdriver/troubleshooting/errors#no-such-element-exception
Build info: version: &amp;apos;4.18.1&amp;apos;, revision: &amp;apos;b1d3319b48&amp;apos;
System info: os.name: &amp;apos;Windows 11&amp;apos;, os.arch: &amp;apos;amd64&amp;apos;, os.version: &amp;apos;10.0&amp;apos;, java.version: &amp;apos;21.0.2&amp;apos;
Driver info: driver.version: RemoteWebDriver">
      <![CDATA[org.openqa.selenium.NoSuchElementException: Unable to find element with locator By.xpath: //*[@id="kt_content_container"]/div/div[1]/div[1]/div[1]/select
For documentation on this error, please visit: https://www.selenium.dev/documentation/webdriver/troubleshooting/errors#no-such-element-exception
Build info: version: '4.18.1', revision: 'b1d3319b48'
System info: os.name: 'Windows 11', os.arch: 'amd64', os.version: '10.0', java.version: '21.0.2'
Driver info: driver.version: RemoteWebDriver
at org.openqa.selenium.remote.ElementLocation$ElementFinder$2.findElement(ElementLocation.java:168)
at org.openqa.selenium.remote.ElementLocation.findElement(ElementLocation.java:59)
at org.openqa.selenium.remote.RemoteWebDriver.findElement(RemoteWebDriver.java:356)
at org.openqa.selenium.remote.RemoteWebDriver.findElement(RemoteWebDriver.java:350)
at allPages.CustomerIssues.InvPyLatFeeChk(CustomerIssues.java:2512)
at java.base/java.util.ArrayList.forEach(ArrayList.java:1596)
... Removed 25 stack frames]]>
    </failure>
  </testcase> <!-- InvPyLatFeeChk -->
  <testcase classname="allPages.CustomerIssues" name="APIStupClrBtn" time="0.0">
    <ignored/>
  </testcase> <!-- APIStupClrBtn -->
  <testcase classname="allPages.CustomerIssues" name="InvstClrBtnChck" time="0.0">
    <ignored/>
  </testcase> <!-- InvstClrBtnChck -->
  <testcase classname="allPages.CustomerIssues" name="ProdStsChckInMonitoring" time="0.0">
    <ignored/>
  </testcase> <!-- ProdStsChckInMonitoring -->
  <testcase classname="allPages.CustomerIssues" name="StopPyMnt" time="0.0">
    <ignored/>
  </testcase> <!-- StopPyMnt -->
  <testcase classname="allPages.CustomerIssues" name="ChckPayAddBtnChk" time="0.0">
    <ignored/>
  </testcase> <!-- ChckPayAddBtnChk -->
  <testcase classname="allPages.CustomerIssues" name="FailedStsChck" time="0.0">
    <ignored/>
  </testcase> <!-- FailedStsChck -->
  <testcase classname="allPages.CustomerIssues" name="ACHInvPayCaldrChck" time="0.0">
    <ignored/>
  </testcase> <!-- ACHInvPayCaldrChck -->
  <testcase classname="allPages.CustomerIssues" name="TC17" time="0.0">
    <ignored/>
  </testcase> <!-- TC17 -->
  <testcase classname="allPages.CustomerIssues" name="TC27" time="0.0">
    <ignored/>
  </testcase> <!-- TC27 -->
  <testcase classname="allPages.CustomerIssues" name="PanelUpdChckInMonitoring" time="0.0">
    <ignored/>
  </testcase> <!-- PanelUpdChckInMonitoring -->
  <testcase classname="allPages.CustomerIssues" name="TC23" time="0.0">
    <ignored/>
  </testcase> <!-- TC23 -->
  <testcase classname="allPages.CustomerIssues" name="TC03" time="0.0">
    <ignored/>
  </testcase> <!-- TC03 -->
  <testcase classname="allPages.CustomerIssues" name="DsblUsrChck" time="0.0">
    <ignored/>
  </testcase> <!-- DsblUsrChck -->
  <testcase classname="allPages.CustomerIssues" name="ACHMailTimeChckS2Cus" time="0.0">
    <ignored/>
  </testcase> <!-- ACHMailTimeChckS2Cus -->
  <testcase classname="allPages.CustomerIssues" name="EditInstlrIssue" time="0.0">
    <ignored/>
  </testcase> <!-- EditInstlrIssue -->
  <testcase classname="allPages.CustomerIssues" name="InvPyDepAccManChk" time="0.0">
    <ignored/>
  </testcase> <!-- InvPyDepAccManChk -->
  <testcase classname="allPages.CustomerIssues" name="LineItemChck" time="0.0">
    <ignored/>
  </testcase> <!-- LineItemChck -->
  <testcase classname="allPages.CustomerIssues" name="EscProgChck" time="0.0">
    <ignored/>
  </testcase> <!-- EscProgChck -->
  <testcase classname="allPages.CustomerIssues" name="InvChngSkpPayManChk" time="0.0">
    <ignored/>
  </testcase> <!-- InvChngSkpPayManChk -->
  <testcase classname="allPages.CustomerIssues" name="ProdStsExportChckInMonitoring" time="0.0">
    <ignored/>
  </testcase> <!-- ProdStsExportChckInMonitoring -->
  <testcase classname="allPages.CustomerIssues" name="StartPyChck" time="0.0">
    <ignored/>
  </testcase> <!-- StartPyChck -->
  <testcase classname="allPages.CustomerIssues" name="QuckUpldChck" time="0.0">
    <ignored/>
  </testcase> <!-- QuckUpldChck -->
  <testcase classname="allPages.CustomerIssues" name="CusPortEditChck" time="0.0">
    <ignored/>
  </testcase> <!-- CusPortEditChck -->
  <testcase classname="allPages.CustomerIssues" name="PayOffChck" time="0.0">
    <ignored/>
  </testcase> <!-- PayOffChck -->
  <testcase classname="allPages.CustomerIssues" name="TotalValueChckInMonitoring" time="0.0">
    <ignored/>
  </testcase> <!-- TotalValueChckInMonitoring -->
  <testcase classname="allPages.CustomerIssues" name="InvertorManChckInMonitoring" time="0.0">
    <ignored/>
  </testcase> <!-- InvertorManChckInMonitoring -->
  <testcase classname="allPages.CustomerIssues" name="TC18" time="0.0">
    <ignored/>
  </testcase> <!-- TC18 -->
  <testcase classname="allPages.CustomerIssues" name="TC04" time="0.0">
    <ignored/>
  </testcase> <!-- TC04 -->
  <testcase classname="allPages.CustomerIssues" name="LoginBtn" time="0.0">
    <ignored/>
  </testcase> <!-- LoginBtn -->
  <testcase classname="allPages.CustomerIssues" name="NewUsrTimIsue" time="0.0">
    <ignored/>
  </testcase> <!-- NewUsrTimIsue -->
  <testcase classname="allPages.CustomerIssues" name="ACHUpldPopUpChck" time="0.0">
    <ignored/>
  </testcase> <!-- ACHUpldPopUpChck -->
  <testcase classname="allPages.CustomerIssues" name="TC10" time="0.0">
    <ignored/>
  </testcase> <!-- TC10 -->
  <testcase classname="allPages.CustomerIssues" name="TC40" time="0.0">
    <ignored/>
  </testcase> <!-- TC40 -->
  <testcase classname="allPages.CustomerIssues" name="CrtInvNoDataChck" time="0.0">
    <ignored/>
  </testcase> <!-- CrtInvNoDataChck -->
  <testcase classname="allPages.CustomerIssues" name="TimShtChck" time="0.0">
    <ignored/>
  </testcase> <!-- TimShtChck -->
  <testcase classname="allPages.CustomerIssues" name="APIStupSavBtn" time="0.0">
    <ignored/>
  </testcase> <!-- APIStupSavBtn -->
  <testcase classname="allPages.CustomerIssues" name="LastModifiedChck" time="0.0">
    <ignored/>
  </testcase> <!-- LastModifiedChck -->
  <testcase classname="allPages.CustomerIssues" name="EscProgCaptchaChck" time="0.0">
    <ignored/>
  </testcase> <!-- EscProgCaptchaChck -->
  <testcase classname="allPages.CustomerIssues" name="CrteInvLineItemChck" time="0.0">
    <ignored/>
  </testcase> <!-- CrteInvLineItemChck -->
  <testcase classname="allPages.CustomerIssues" name="AttachChck" time="0.0">
    <ignored/>
  </testcase> <!-- AttachChck -->
  <testcase classname="allPages.CustomerIssues" name="CustStsSysProfChckInMonitoring" time="0.0">
    <ignored/>
  </testcase> <!-- CustStsSysProfChckInMonitoring -->
  <testcase classname="allPages.CustomerIssues" name="EdtPyCusNameChck" time="0.0">
    <ignored/>
  </testcase> <!-- EdtPyCusNameChck -->
  <testcase classname="allPages.CustomerIssues" name="TC19" time="0.0">
    <ignored/>
  </testcase> <!-- TC19 -->
  <testcase classname="allPages.CustomerIssues" name="TC45" time="0.0">
    <ignored/>
  </testcase> <!-- TC45 -->
  <testcase classname="allPages.CustomerIssues" name="TC01" time="0.0">
    <ignored/>
  </testcase> <!-- TC01 -->
  <testcase classname="allPages.CustomerIssues" name="ACHUpldSucsChck" time="0.0">
    <ignored/>
  </testcase> <!-- ACHUpldSucsChck -->
  <testcase classname="allPages.CustomerIssues" name="ReTrnACHSrchChck" time="0.0">
    <ignored/>
  </testcase> <!-- ReTrnACHSrchChck -->
  <testcase classname="allPages.CustomerIssues" name="ACH_CC_Clr_Chck" time="0.0">
    <ignored/>
  </testcase> <!-- ACH_CC_Clr_Chck -->
  <testcase classname="allPages.CustomerIssues" name="CGIDrpDwnChck" time="0.0">
    <ignored/>
  </testcase> <!-- CGIDrpDwnChck -->
  <testcase classname="allPages.CustomerIssues" name="AddToLstChckPymtChck" time="0.0">
    <ignored/>
  </testcase> <!-- AddToLstChckPymtChck -->
  <testcase classname="allPages.CustomerIssues" name="EmailNotifChck" time="0.0">
    <ignored/>
  </testcase> <!-- EmailNotifChck -->
  <testcase classname="allPages.CustomerIssues" name="CrteInvPrvInvNotsChk" time="0.0">
    <ignored/>
  </testcase> <!-- CrteInvPrvInvNotsChk -->
  <testcase classname="allPages.CustomerIssues" name="CrteInvPrvwInvChk" time="0.0">
    <ignored/>
  </testcase> <!-- CrteInvPrvwInvChk -->
  <testcase classname="allPages.CustomerIssues" name="InvChngPayDateManChk" time="0.0">
    <ignored/>
  </testcase> <!-- InvChngPayDateManChk -->
  <testcase classname="allPages.CustomerIssues" name="DateCheck" time="0.0">
    <ignored/>
  </testcase> <!-- DateCheck -->
  <testcase classname="allPages.CustomerIssues" name="UserIDCheck" time="0.0">
    <ignored/>
  </testcase> <!-- UserIDCheck -->
  <testcase classname="allPages.CustomerIssues" name="DisableChck1" time="0.0">
    <ignored/>
  </testcase> <!-- DisableChck1 -->
  <testcase classname="allPages.CustomerIssues" name="SwapOutChck" time="0.0">
    <ignored/>
  </testcase> <!-- SwapOutChck -->
  <testcase classname="allPages.CustomerIssues" name="InvChngStpPayManChk" time="0.0">
    <ignored/>
  </testcase> <!-- InvChngStpPayManChk -->
  <testcase classname="allPages.CustomerIssues" name="TC06" time="0.0">
    <ignored/>
  </testcase> <!-- TC06 -->
  <testcase classname="allPages.CustomerIssues" name="CrteInvPrvInvBckBtnChk" time="0.0">
    <ignored/>
  </testcase> <!-- CrteInvPrvInvBckBtnChk -->
  <testcase classname="allPages.CustomerIssues" name="TC02" time="0.0">
    <ignored/>
  </testcase> <!-- TC02 -->
  <testcase classname="allPages.CustomerIssues" name="InvertorUpdtChckInMonitoring" time="0.0">
    <ignored/>
  </testcase> <!-- InvertorUpdtChckInMonitoring -->
  <testcase classname="allPages.CustomerIssues" name="ACHSendMailPageChck" time="0.0">
    <ignored/>
  </testcase> <!-- ACHSendMailPageChck -->
  <testcase classname="allPages.CustomerIssues" name="ACHMailTimeChckS2Sale" time="0.0">
    <ignored/>
  </testcase> <!-- ACHMailTimeChckS2Sale -->
  <testcase classname="allPages.CustomerIssues" name="PanelAddChckInMonitoring" time="0.0">
    <ignored/>
  </testcase> <!-- PanelAddChckInMonitoring -->
  <testcase classname="allPages.CustomerIssues" name="InvPyDateChk" time="0.0">
    <ignored/>
  </testcase> <!-- InvPyDateChk -->
  <testcase classname="allPages.CustomerIssues" name="InvChngStpPayHedgeChk" time="0.0">
    <ignored/>
  </testcase> <!-- InvChngStpPayHedgeChk -->
  <testcase classname="allPages.CustomerIssues" name="DisableChck2" time="0.0">
    <ignored/>
  </testcase> <!-- DisableChck2 -->
</testsuite> <!-- Default test(failed)(failed)(failed)(failed) -->
