<?xml version="1.0" encoding="UTF-8"?>
<!-- Generated by org.testng.reporters.JUnitReportReporter -->
<testsuite hostname="SSSLT025" failures="0" tests="16" name="allPages.CustomerACHUpload" time="338.421" errors="1" timestamp="2024-05-25T08:18:28 IST" skipped="5">
  <testcase classname="allPages.CustomerACHUpload" name="ACHUploadClick" time="29.848"/>
  <testcase classname="allPages.CustomerACHUpload" name="TC01" time="18.164"/>
  <testcase classname="allPages.CustomerACHUpload" name="TC02" time="17.262">
    <skipped/>
  </testcase> <!-- TC02 -->
  <testcase classname="allPages.CustomerACHUpload" name="TC02" time="18.651">
    <skipped/>
  </testcase> <!-- TC02 -->
  <testcase classname="allPages.CustomerACHUpload" name="TC02" time="16.585">
    <error message="Cannot locate option with index: 3
For documentation on this error, please visit: https://www.selenium.dev/documentation/webdriver/troubleshooting/errors#no-such-element-exception
Build info: version: &#039;4.18.1&#039;, revision: &#039;b1d3319b48&#039;
System info: os.name: &#039;Windows 11&#039;, os.arch: &#039;amd64&#039;, os.version: &#039;10.0&#039;, java.version: &#039;21.0.2&#039;
Driver info: driver.version: unknown" type="org.openqa.selenium.NoSuchElementException">
      <![CDATA[org.openqa.selenium.NoSuchElementException: Cannot locate option with index: 3
For documentation on this error, please visit: https://www.selenium.dev/documentation/webdriver/troubleshooting/errors#no-such-element-exception
Build info: version: '4.18.1', revision: 'b1d3319b48'
System info: os.name: 'Windows 11', os.arch: 'amd64', os.version: '10.0', java.version: '21.0.2'
Driver info: driver.version: unknown
at org.openqa.selenium.support.ui.Select.setSelectedByIndex(Select.java:303)
at org.openqa.selenium.support.ui.Select.selectByIndex(Select.java:179)
at allPages.CustomerACHUpload.TC02(CustomerACHUpload.java:93)
at java.base/jdk.internal.reflect.DirectMethodHandleAccessor.invoke(DirectMethodHandleAccessor.java:103)
at java.base/java.lang.reflect.Method.invoke(Method.java:580)
at org.testng.internal.invokers.MethodInvocationHelper.invokeMethod(MethodInvocationHelper.java:139)
at org.testng.internal.invokers.TestInvoker.invokeMethod(TestInvoker.java:664)
at org.testng.internal.invokers.TestInvoker.retryFailed(TestInvoker.java:249)
at org.testng.internal.invokers.MethodRunner.runInSequence(MethodRunner.java:76)
at org.testng.internal.invokers.TestInvoker$MethodInvocationAgent.invoke(TestInvoker.java:961)
at org.testng.internal.invokers.TestInvoker.invokeTestMethods(TestInvoker.java:201)
at org.testng.internal.invokers.TestMethodWorker.invokeTestMethods(TestMethodWorker.java:148)
at org.testng.internal.invokers.TestMethodWorker.run(TestMethodWorker.java:128)
at java.base/java.util.ArrayList.forEach(ArrayList.java:1596)
at org.testng.TestRunner.privateRun(TestRunner.java:819)
at org.testng.TestRunner.run(TestRunner.java:619)
at org.testng.SuiteRunner.runTest(SuiteRunner.java:443)
at org.testng.SuiteRunner.runSequentially(SuiteRunner.java:437)
at org.testng.SuiteRunner.privateRun(SuiteRunner.java:397)
at org.testng.SuiteRunner.run(SuiteRunner.java:336)
at org.testng.SuiteRunnerWorker.runSuite(SuiteRunnerWorker.java:52)
at org.testng.SuiteRunnerWorker.run(SuiteRunnerWorker.java:95)
at org.testng.TestNG.runSuitesSequentially(TestNG.java:1301)
at org.testng.TestNG.runSuitesLocally(TestNG.java:1228)
at org.testng.TestNG.runSuites(TestNG.java:1134)
at org.testng.TestNG.run(TestNG.java:1101)
at org.testng.remote.AbstractRemoteTestNG.run(AbstractRemoteTestNG.java:115)
at org.testng.remote.RemoteTestNG.initAndRun(RemoteTestNG.java:251)
at org.testng.remote.RemoteTestNG.main(RemoteTestNG.java:77)
]]>
    </error>
  </testcase> <!-- TC02 -->
  <testcase classname="allPages.CustomerACHUpload" name="TC02" time="17.224">
    <skipped/>
  </testcase> <!-- TC02 -->
  <testcase classname="allPages.CustomerACHUpload" name="TC02" time="17.327">
    <skipped/>
  </testcase> <!-- TC02 -->
  <testcase classname="allPages.CustomerACHUpload" name="TC02" time="18.756">
    <skipped/>
  </testcase> <!-- TC02 -->
  <testcase classname="allPages.CustomerACHUpload" name="TC03" time="16.481"/>
  <testcase classname="allPages.CustomerACHUpload" name="TC04" time="16.255"/>
  <testcase classname="allPages.CustomerACHUpload" name="TC05" time="15.716"/>
  <testcase classname="allPages.CustomerACHUpload" name="TC06" time="20.461"/>
  <testcase classname="allPages.CustomerACHUpload" name="TC07" time="27.180"/>
  <testcase classname="allPages.CustomerACHUpload" name="TC08" time="31.550"/>
  <testcase classname="allPages.CustomerACHUpload" name="TC09" time="29.661"/>
  <testcase classname="allPages.CustomerACHUpload" name="TC11" time="27.300"/>
</testsuite> <!-- allPages.CustomerACHUpload -->
