<?xml version="1.0" encoding="UTF-8"?>
<!-- Generated by org.testng.reporters.JUnitReportReporter -->
<testsuite hostname="SSSLT025" failures="0" tests="126" name="allPages.CustomerList" time="6432.040" errors="4" timestamp="2024-05-25T08:18:28 IST" skipped="52">
  <testcase classname="allPages.CustomerList" name="CusAddDetailsFull" time="28.521"/>
  <testcase classname="allPages.CustomerList" name="ACHFormClick" time="16.138"/>
  <testcase classname="allPages.CustomerList" name="CustomerListClick" time="14.041"/>
  <testcase classname="allPages.CustomerList" name="CusEditActBtn" time="22.963"/>
  <testcase classname="allPages.CustomerList" name="TC01" time="16.206"/>
  <testcase classname="allPages.CustomerList" name="TC02" time="81.319">
    <skipped/>
  </testcase> <!-- TC02 -->
  <testcase classname="allPages.CustomerList" name="TC02" time="23.659"/>
  <testcase classname="allPages.CustomerList" name="TC03" time="84.295">
    <skipped/>
  </testcase> <!-- TC03 -->
  <testcase classname="allPages.CustomerList" name="TC03" time="29.113"/>
  <testcase classname="allPages.CustomerList" name="TC03" time="85.502">
    <skipped/>
  </testcase> <!-- TC03 -->
  <testcase classname="allPages.CustomerList" name="TC04" time="31.070"/>
  <testcase classname="allPages.CustomerList" name="TC05" time="81.886">
    <skipped/>
  </testcase> <!-- TC05 -->
  <testcase classname="allPages.CustomerList" name="TC05" time="81.765">
    <skipped/>
  </testcase> <!-- TC05 -->
  <testcase classname="allPages.CustomerList" name="TC05" time="25.249"/>
  <testcase classname="allPages.CustomerList" name="TC05" time="82.825">
    <skipped/>
  </testcase> <!-- TC05 -->
  <testcase classname="allPages.CustomerList" name="TC05" time="81.909">
    <skipped/>
  </testcase> <!-- TC05 -->
  <testcase classname="allPages.CustomerList" name="TC06" time="80.682">
    <skipped/>
  </testcase> <!-- TC06 -->
  <testcase classname="allPages.CustomerList" name="TC06" time="79.540">
    <skipped/>
  </testcase> <!-- TC06 -->
  <testcase classname="allPages.CustomerList" name="TC06" time="22.804"/>
  <testcase classname="allPages.CustomerList" name="TC06" time="82.344">
    <skipped/>
  </testcase> <!-- TC06 -->
  <testcase classname="allPages.CustomerList" name="TC07" time="82.700">
    <error message="element not interactable
  (Session info: chrome=125.0.6422.76)
Build info: version: &#039;4.18.1&#039;, revision: &#039;b1d3319b48&#039;
System info: os.name: &#039;Windows 11&#039;, os.arch: &#039;amd64&#039;, os.version: &#039;10.0&#039;, java.version: &#039;21.0.2&#039;
Driver info: org.openqa.selenium.chrome.ChromeDriver
Command: [73986333f4bd27b3de587af2826c9213, clickElement {id=f.7DF3364D74433A2DC5BB48341A7144E8.d.832A491D948D2AB798468CA147C486B3.e.80}]
Capabilities {acceptInsecureCerts: false, browserName: chrome, browserVersion: 125.0.6422.76, chrome: {chromedriverVersion: 125.0.6422.78 (14db42ec38ad..., userDataDir: C:\Users\THIRUM~1\AppData\L...}, fedcm:accounts: true, goog:chromeOptions: {debuggerAddress: localhost:64807}, networkConnectionEnabled: false, pageLoadStrategy: normal, platformName: windows, proxy: Proxy(), se:cdp: ws://localhost:64807/devtoo..., se:cdpVersion: 125.0.6422.76, setWindowRect: true, strictFileInteractability: false, timeouts: {implicit: 0, pageLoad: 300000, script: 30000}, unhandledPromptBehavior: dismiss and notify, webauthn:extension:credBlob: true, webauthn:extension:largeBlob: true, webauthn:extension:minPinLength: true, webauthn:extension:prf: true, webauthn:virtualAuthenticators: true}
Element: [[ChromeDriver: chrome on windows (73986333f4bd27b3de587af2826c9213)] -&gt; xpath: //*[@id=&quot;kt_content_container&quot;]/div/div[1]/div[2]/div/div[1]/a/div/div]
Session ID: 73986333f4bd27b3de587af2826c9213" type="org.openqa.selenium.ElementNotInteractableException">
      <![CDATA[org.openqa.selenium.ElementNotInteractableException: element not interactable
  (Session info: chrome=125.0.6422.76)
Build info: version: '4.18.1', revision: 'b1d3319b48'
System info: os.name: 'Windows 11', os.arch: 'amd64', os.version: '10.0', java.version: '21.0.2'
Driver info: org.openqa.selenium.chrome.ChromeDriver
Command: [73986333f4bd27b3de587af2826c9213, clickElement {id=f.7DF3364D74433A2DC5BB48341A7144E8.d.832A491D948D2AB798468CA147C486B3.e.80}]
Capabilities {acceptInsecureCerts: false, browserName: chrome, browserVersion: 125.0.6422.76, chrome: {chromedriverVersion: 125.0.6422.78 (14db42ec38ad..., userDataDir: C:\Users\THIRUM~1\AppData\L...}, fedcm:accounts: true, goog:chromeOptions: {debuggerAddress: localhost:64807}, networkConnectionEnabled: false, pageLoadStrategy: normal, platformName: windows, proxy: Proxy(), se:cdp: ws://localhost:64807/devtoo..., se:cdpVersion: 125.0.6422.76, setWindowRect: true, strictFileInteractability: false, timeouts: {implicit: 0, pageLoad: 300000, script: 30000}, unhandledPromptBehavior: dismiss and notify, webauthn:extension:credBlob: true, webauthn:extension:largeBlob: true, webauthn:extension:minPinLength: true, webauthn:extension:prf: true, webauthn:virtualAuthenticators: true}
Element: [[ChromeDriver: chrome on windows (73986333f4bd27b3de587af2826c9213)] -> xpath: //*[@id="kt_content_container"]/div/div[1]/div[2]/div/div[1]/a/div/div]
Session ID: 73986333f4bd27b3de587af2826c9213
at java.base/jdk.internal.reflect.DirectConstructorHandleAccessor.newInstance(DirectConstructorHandleAccessor.java:62)
at java.base/java.lang.reflect.Constructor.newInstanceWithCaller(Constructor.java:502)
at java.base/java.lang.reflect.Constructor.newInstance(Constructor.java:486)
at org.openqa.selenium.remote.ErrorCodec.decode(ErrorCodec.java:167)
at org.openqa.selenium.remote.codec.w3c.W3CHttpResponseCodec.decode(W3CHttpResponseCodec.java:138)
at org.openqa.selenium.remote.codec.w3c.W3CHttpResponseCodec.decode(W3CHttpResponseCodec.java:50)
at org.openqa.selenium.remote.HttpCommandExecutor.execute(HttpCommandExecutor.java:190)
at org.openqa.selenium.remote.service.DriverCommandExecutor.invokeExecute(DriverCommandExecutor.java:216)
at org.openqa.selenium.remote.service.DriverCommandExecutor.execute(DriverCommandExecutor.java:174)
at org.openqa.selenium.remote.RemoteWebDriver.execute(RemoteWebDriver.java:519)
at org.openqa.selenium.remote.RemoteWebElement.execute(RemoteWebElement.java:223)
at org.openqa.selenium.remote.RemoteWebElement.click(RemoteWebElement.java:76)
at allPages.CustomerList.TC07(CustomerList.java:293)
at java.base/jdk.internal.reflect.DirectMethodHandleAccessor.invoke(DirectMethodHandleAccessor.java:103)
at java.base/java.lang.reflect.Method.invoke(Method.java:580)
at org.testng.internal.invokers.MethodInvocationHelper.invokeMethod(MethodInvocationHelper.java:139)
at org.testng.internal.invokers.TestInvoker.invokeMethod(TestInvoker.java:664)
at org.testng.internal.invokers.TestInvoker.retryFailed(TestInvoker.java:249)
at org.testng.internal.invokers.MethodRunner.runInSequence(MethodRunner.java:76)
at org.testng.internal.invokers.TestInvoker$MethodInvocationAgent.invoke(TestInvoker.java:961)
at org.testng.internal.invokers.TestInvoker.invokeTestMethods(TestInvoker.java:201)
at org.testng.internal.invokers.TestMethodWorker.invokeTestMethods(TestMethodWorker.java:148)
at org.testng.internal.invokers.TestMethodWorker.run(TestMethodWorker.java:128)
at java.base/java.util.ArrayList.forEach(ArrayList.java:1596)
at org.testng.TestRunner.privateRun(TestRunner.java:819)
at org.testng.TestRunner.run(TestRunner.java:619)
at org.testng.SuiteRunner.runTest(SuiteRunner.java:443)
at org.testng.SuiteRunner.runSequentially(SuiteRunner.java:437)
at org.testng.SuiteRunner.privateRun(SuiteRunner.java:397)
at org.testng.SuiteRunner.run(SuiteRunner.java:336)
at org.testng.SuiteRunnerWorker.runSuite(SuiteRunnerWorker.java:52)
at org.testng.SuiteRunnerWorker.run(SuiteRunnerWorker.java:95)
at org.testng.TestNG.runSuitesSequentially(TestNG.java:1301)
at org.testng.TestNG.runSuitesLocally(TestNG.java:1228)
at org.testng.TestNG.runSuites(TestNG.java:1134)
at org.testng.TestNG.run(TestNG.java:1101)
at org.testng.remote.AbstractRemoteTestNG.run(AbstractRemoteTestNG.java:115)
at org.testng.remote.RemoteTestNG.initAndRun(RemoteTestNG.java:251)
at org.testng.remote.RemoteTestNG.main(RemoteTestNG.java:77)
]]>
    </error>
  </testcase> <!-- TC07 -->
  <testcase classname="allPages.CustomerList" name="TC07" time="80.697">
    <skipped/>
  </testcase> <!-- TC07 -->
  <testcase classname="allPages.CustomerList" name="TC07" time="81.914">
    <skipped/>
  </testcase> <!-- TC07 -->
  <testcase classname="allPages.CustomerList" name="TC07" time="80.420">
    <skipped/>
  </testcase> <!-- TC07 -->
  <testcase classname="allPages.CustomerList" name="TC07" time="81.917">
    <skipped/>
  </testcase> <!-- TC07 -->
  <testcase classname="allPages.CustomerList" name="TC07" time="80.069">
    <skipped/>
  </testcase> <!-- TC07 -->
  <testcase classname="allPages.CustomerList" name="TC08" time="81.045">
    <skipped/>
  </testcase> <!-- TC08 -->
  <testcase classname="allPages.CustomerList" name="TC08" time="81.788">
    <skipped/>
  </testcase> <!-- TC08 -->
  <testcase classname="allPages.CustomerList" name="TC08" time="79.262">
    <skipped/>
  </testcase> <!-- TC08 -->
  <testcase classname="allPages.CustomerList" name="TC08" time="26.566"/>
  <testcase classname="allPages.CustomerList" name="TC08" time="80.266">
    <skipped/>
  </testcase> <!-- TC08 -->
  <testcase classname="allPages.CustomerList" name="TC08" time="80.222">
    <skipped/>
  </testcase> <!-- TC08 -->
  <testcase classname="allPages.CustomerList" name="TC09" time="81.355">
    <skipped/>
  </testcase> <!-- TC09 -->
  <testcase classname="allPages.CustomerList" name="TC09" time="77.420">
    <skipped/>
  </testcase> <!-- TC09 -->
  <testcase classname="allPages.CustomerList" name="TC09" time="81.327">
    <skipped/>
  </testcase> <!-- TC09 -->
  <testcase classname="allPages.CustomerList" name="TC09" time="26.685"/>
  <testcase classname="allPages.CustomerList" name="TC09" time="77.318">
    <skipped/>
  </testcase> <!-- TC09 -->
  <testcase classname="allPages.CustomerList" name="TC10" time="83.851">
    <error message="element not interactable
  (Session info: chrome=125.0.6422.76)
Build info: version: &#039;4.18.1&#039;, revision: &#039;b1d3319b48&#039;
System info: os.name: &#039;Windows 11&#039;, os.arch: &#039;amd64&#039;, os.version: &#039;10.0&#039;, java.version: &#039;21.0.2&#039;
Driver info: org.openqa.selenium.chrome.ChromeDriver
Command: [74ed6e411678ced08d278a450239e106, clickElement {id=f.8D915C0CE46026E1F96E10398FDEF25E.d.B31104FF9C66D59486361A1934BCAFC6.e.81}]
Capabilities {acceptInsecureCerts: false, browserName: chrome, browserVersion: 125.0.6422.76, chrome: {chromedriverVersion: 125.0.6422.78 (14db42ec38ad..., userDataDir: C:\Users\THIRUM~1\AppData\L...}, fedcm:accounts: true, goog:chromeOptions: {debuggerAddress: localhost:50040}, networkConnectionEnabled: false, pageLoadStrategy: normal, platformName: windows, proxy: Proxy(), se:cdp: ws://localhost:50040/devtoo..., se:cdpVersion: 125.0.6422.76, setWindowRect: true, strictFileInteractability: false, timeouts: {implicit: 0, pageLoad: 300000, script: 30000}, unhandledPromptBehavior: dismiss and notify, webauthn:extension:credBlob: true, webauthn:extension:largeBlob: true, webauthn:extension:minPinLength: true, webauthn:extension:prf: true, webauthn:virtualAuthenticators: true}
Element: [[ChromeDriver: chrome on windows (74ed6e411678ced08d278a450239e106)] -&gt; xpath: //*[@id=&quot;kt_content_container&quot;]/div/div[1]/div[2]/div/div[1]/a/div/div]
Session ID: 74ed6e411678ced08d278a450239e106" type="org.openqa.selenium.ElementNotInteractableException">
      <![CDATA[org.openqa.selenium.ElementNotInteractableException: element not interactable
  (Session info: chrome=125.0.6422.76)
Build info: version: '4.18.1', revision: 'b1d3319b48'
System info: os.name: 'Windows 11', os.arch: 'amd64', os.version: '10.0', java.version: '21.0.2'
Driver info: org.openqa.selenium.chrome.ChromeDriver
Command: [74ed6e411678ced08d278a450239e106, clickElement {id=f.8D915C0CE46026E1F96E10398FDEF25E.d.B31104FF9C66D59486361A1934BCAFC6.e.81}]
Capabilities {acceptInsecureCerts: false, browserName: chrome, browserVersion: 125.0.6422.76, chrome: {chromedriverVersion: 125.0.6422.78 (14db42ec38ad..., userDataDir: C:\Users\THIRUM~1\AppData\L...}, fedcm:accounts: true, goog:chromeOptions: {debuggerAddress: localhost:50040}, networkConnectionEnabled: false, pageLoadStrategy: normal, platformName: windows, proxy: Proxy(), se:cdp: ws://localhost:50040/devtoo..., se:cdpVersion: 125.0.6422.76, setWindowRect: true, strictFileInteractability: false, timeouts: {implicit: 0, pageLoad: 300000, script: 30000}, unhandledPromptBehavior: dismiss and notify, webauthn:extension:credBlob: true, webauthn:extension:largeBlob: true, webauthn:extension:minPinLength: true, webauthn:extension:prf: true, webauthn:virtualAuthenticators: true}
Element: [[ChromeDriver: chrome on windows (74ed6e411678ced08d278a450239e106)] -> xpath: //*[@id="kt_content_container"]/div/div[1]/div[2]/div/div[1]/a/div/div]
Session ID: 74ed6e411678ced08d278a450239e106
at java.base/jdk.internal.reflect.DirectConstructorHandleAccessor.newInstance(DirectConstructorHandleAccessor.java:62)
at java.base/java.lang.reflect.Constructor.newInstanceWithCaller(Constructor.java:502)
at java.base/java.lang.reflect.Constructor.newInstance(Constructor.java:486)
at org.openqa.selenium.remote.ErrorCodec.decode(ErrorCodec.java:167)
at org.openqa.selenium.remote.codec.w3c.W3CHttpResponseCodec.decode(W3CHttpResponseCodec.java:138)
at org.openqa.selenium.remote.codec.w3c.W3CHttpResponseCodec.decode(W3CHttpResponseCodec.java:50)
at org.openqa.selenium.remote.HttpCommandExecutor.execute(HttpCommandExecutor.java:190)
at org.openqa.selenium.remote.service.DriverCommandExecutor.invokeExecute(DriverCommandExecutor.java:216)
at org.openqa.selenium.remote.service.DriverCommandExecutor.execute(DriverCommandExecutor.java:174)
at org.openqa.selenium.remote.RemoteWebDriver.execute(RemoteWebDriver.java:519)
at org.openqa.selenium.remote.RemoteWebElement.execute(RemoteWebElement.java:223)
at org.openqa.selenium.remote.RemoteWebElement.click(RemoteWebElement.java:76)
at allPages.CustomerList.TC10(CustomerList.java:370)
at java.base/jdk.internal.reflect.DirectMethodHandleAccessor.invoke(DirectMethodHandleAccessor.java:103)
at java.base/java.lang.reflect.Method.invoke(Method.java:580)
at org.testng.internal.invokers.MethodInvocationHelper.invokeMethod(MethodInvocationHelper.java:139)
at org.testng.internal.invokers.TestInvoker.invokeMethod(TestInvoker.java:664)
at org.testng.internal.invokers.TestInvoker.retryFailed(TestInvoker.java:249)
at org.testng.internal.invokers.MethodRunner.runInSequence(MethodRunner.java:76)
at org.testng.internal.invokers.TestInvoker$MethodInvocationAgent.invoke(TestInvoker.java:961)
at org.testng.internal.invokers.TestInvoker.invokeTestMethods(TestInvoker.java:201)
at org.testng.internal.invokers.TestMethodWorker.invokeTestMethods(TestMethodWorker.java:148)
at org.testng.internal.invokers.TestMethodWorker.run(TestMethodWorker.java:128)
at java.base/java.util.ArrayList.forEach(ArrayList.java:1596)
at org.testng.TestRunner.privateRun(TestRunner.java:819)
at org.testng.TestRunner.run(TestRunner.java:619)
at org.testng.SuiteRunner.runTest(SuiteRunner.java:443)
at org.testng.SuiteRunner.runSequentially(SuiteRunner.java:437)
at org.testng.SuiteRunner.privateRun(SuiteRunner.java:397)
at org.testng.SuiteRunner.run(SuiteRunner.java:336)
at org.testng.SuiteRunnerWorker.runSuite(SuiteRunnerWorker.java:52)
at org.testng.SuiteRunnerWorker.run(SuiteRunnerWorker.java:95)
at org.testng.TestNG.runSuitesSequentially(TestNG.java:1301)
at org.testng.TestNG.runSuitesLocally(TestNG.java:1228)
at org.testng.TestNG.runSuites(TestNG.java:1134)
at org.testng.TestNG.run(TestNG.java:1101)
at org.testng.remote.AbstractRemoteTestNG.run(AbstractRemoteTestNG.java:115)
at org.testng.remote.RemoteTestNG.initAndRun(RemoteTestNG.java:251)
at org.testng.remote.RemoteTestNG.main(RemoteTestNG.java:77)
]]>
    </error>
  </testcase> <!-- TC10 -->
  <testcase classname="allPages.CustomerList" name="TC10" time="81.422">
    <skipped/>
  </testcase> <!-- TC10 -->
  <testcase classname="allPages.CustomerList" name="TC10" time="79.657">
    <skipped/>
  </testcase> <!-- TC10 -->
  <testcase classname="allPages.CustomerList" name="TC10" time="83.100">
    <skipped/>
  </testcase> <!-- TC10 -->
  <testcase classname="allPages.CustomerList" name="TC10" time="82.977">
    <skipped/>
  </testcase> <!-- TC10 -->
  <testcase classname="allPages.CustomerList" name="TC10" time="83.648">
    <skipped/>
  </testcase> <!-- TC10 -->
  <testcase classname="allPages.CustomerList" name="TC11" time="29.009"/>
  <testcase classname="allPages.CustomerList" name="TC12" time="85.351">
    <error message="element not interactable
  (Session info: chrome=125.0.6422.76)
Build info: version: &#039;4.18.1&#039;, revision: &#039;b1d3319b48&#039;
System info: os.name: &#039;Windows 11&#039;, os.arch: &#039;amd64&#039;, os.version: &#039;10.0&#039;, java.version: &#039;21.0.2&#039;
Driver info: org.openqa.selenium.chrome.ChromeDriver
Command: [7eab0c9d20d2181e2f4d5d59cb446901, clickElement {id=f.6A8413CDB26B7BFBBF7EF22A82EFF68C.d.4D7F16BEFD0E934EF3311A2206A3893E.e.76}]
Capabilities {acceptInsecureCerts: false, browserName: chrome, browserVersion: 125.0.6422.76, chrome: {chromedriverVersion: 125.0.6422.78 (14db42ec38ad..., userDataDir: C:\Users\THIRUM~1\AppData\L...}, fedcm:accounts: true, goog:chromeOptions: {debuggerAddress: localhost:50685}, networkConnectionEnabled: false, pageLoadStrategy: normal, platformName: windows, proxy: Proxy(), se:cdp: ws://localhost:50685/devtoo..., se:cdpVersion: 125.0.6422.76, setWindowRect: true, strictFileInteractability: false, timeouts: {implicit: 0, pageLoad: 300000, script: 30000}, unhandledPromptBehavior: dismiss and notify, webauthn:extension:credBlob: true, webauthn:extension:largeBlob: true, webauthn:extension:minPinLength: true, webauthn:extension:prf: true, webauthn:virtualAuthenticators: true}
Element: [[ChromeDriver: chrome on windows (7eab0c9d20d2181e2f4d5d59cb446901)] -&gt; xpath: //*[@id=&quot;kt_content_container&quot;]/div/div[1]/div[2]/div/div[1]/a/div/div]
Session ID: 7eab0c9d20d2181e2f4d5d59cb446901" type="org.openqa.selenium.ElementNotInteractableException">
      <![CDATA[org.openqa.selenium.ElementNotInteractableException: element not interactable
  (Session info: chrome=125.0.6422.76)
Build info: version: '4.18.1', revision: 'b1d3319b48'
System info: os.name: 'Windows 11', os.arch: 'amd64', os.version: '10.0', java.version: '21.0.2'
Driver info: org.openqa.selenium.chrome.ChromeDriver
Command: [7eab0c9d20d2181e2f4d5d59cb446901, clickElement {id=f.6A8413CDB26B7BFBBF7EF22A82EFF68C.d.4D7F16BEFD0E934EF3311A2206A3893E.e.76}]
Capabilities {acceptInsecureCerts: false, browserName: chrome, browserVersion: 125.0.6422.76, chrome: {chromedriverVersion: 125.0.6422.78 (14db42ec38ad..., userDataDir: C:\Users\THIRUM~1\AppData\L...}, fedcm:accounts: true, goog:chromeOptions: {debuggerAddress: localhost:50685}, networkConnectionEnabled: false, pageLoadStrategy: normal, platformName: windows, proxy: Proxy(), se:cdp: ws://localhost:50685/devtoo..., se:cdpVersion: 125.0.6422.76, setWindowRect: true, strictFileInteractability: false, timeouts: {implicit: 0, pageLoad: 300000, script: 30000}, unhandledPromptBehavior: dismiss and notify, webauthn:extension:credBlob: true, webauthn:extension:largeBlob: true, webauthn:extension:minPinLength: true, webauthn:extension:prf: true, webauthn:virtualAuthenticators: true}
Element: [[ChromeDriver: chrome on windows (7eab0c9d20d2181e2f4d5d59cb446901)] -> xpath: //*[@id="kt_content_container"]/div/div[1]/div[2]/div/div[1]/a/div/div]
Session ID: 7eab0c9d20d2181e2f4d5d59cb446901
at java.base/jdk.internal.reflect.DirectConstructorHandleAccessor.newInstance(DirectConstructorHandleAccessor.java:62)
at java.base/java.lang.reflect.Constructor.newInstanceWithCaller(Constructor.java:502)
at java.base/java.lang.reflect.Constructor.newInstance(Constructor.java:486)
at org.openqa.selenium.remote.ErrorCodec.decode(ErrorCodec.java:167)
at org.openqa.selenium.remote.codec.w3c.W3CHttpResponseCodec.decode(W3CHttpResponseCodec.java:138)
at org.openqa.selenium.remote.codec.w3c.W3CHttpResponseCodec.decode(W3CHttpResponseCodec.java:50)
at org.openqa.selenium.remote.HttpCommandExecutor.execute(HttpCommandExecutor.java:190)
at org.openqa.selenium.remote.service.DriverCommandExecutor.invokeExecute(DriverCommandExecutor.java:216)
at org.openqa.selenium.remote.service.DriverCommandExecutor.execute(DriverCommandExecutor.java:174)
at org.openqa.selenium.remote.RemoteWebDriver.execute(RemoteWebDriver.java:519)
at org.openqa.selenium.remote.RemoteWebElement.execute(RemoteWebElement.java:223)
at org.openqa.selenium.remote.RemoteWebElement.click(RemoteWebElement.java:76)
at allPages.CustomerList.CusAddDetailsFull(CustomerList.java:138)
at allPages.CustomerList.TC12(CustomerList.java:415)
at java.base/jdk.internal.reflect.DirectMethodHandleAccessor.invoke(DirectMethodHandleAccessor.java:103)
at java.base/java.lang.reflect.Method.invoke(Method.java:580)
at org.testng.internal.invokers.MethodInvocationHelper.invokeMethod(MethodInvocationHelper.java:139)
at org.testng.internal.invokers.TestInvoker.invokeMethod(TestInvoker.java:664)
at org.testng.internal.invokers.TestInvoker.retryFailed(TestInvoker.java:249)
at org.testng.internal.invokers.MethodRunner.runInSequence(MethodRunner.java:76)
at org.testng.internal.invokers.TestInvoker$MethodInvocationAgent.invoke(TestInvoker.java:961)
at org.testng.internal.invokers.TestInvoker.invokeTestMethods(TestInvoker.java:201)
at org.testng.internal.invokers.TestMethodWorker.invokeTestMethods(TestMethodWorker.java:148)
at org.testng.internal.invokers.TestMethodWorker.run(TestMethodWorker.java:128)
at java.base/java.util.ArrayList.forEach(ArrayList.java:1596)
at org.testng.TestRunner.privateRun(TestRunner.java:819)
at org.testng.TestRunner.run(TestRunner.java:619)
at org.testng.SuiteRunner.runTest(SuiteRunner.java:443)
at org.testng.SuiteRunner.runSequentially(SuiteRunner.java:437)
at org.testng.SuiteRunner.privateRun(SuiteRunner.java:397)
at org.testng.SuiteRunner.run(SuiteRunner.java:336)
at org.testng.SuiteRunnerWorker.runSuite(SuiteRunnerWorker.java:52)
at org.testng.SuiteRunnerWorker.run(SuiteRunnerWorker.java:95)
at org.testng.TestNG.runSuitesSequentially(TestNG.java:1301)
at org.testng.TestNG.runSuitesLocally(TestNG.java:1228)
at org.testng.TestNG.runSuites(TestNG.java:1134)
at org.testng.TestNG.run(TestNG.java:1101)
at org.testng.remote.AbstractRemoteTestNG.run(AbstractRemoteTestNG.java:115)
at org.testng.remote.RemoteTestNG.initAndRun(RemoteTestNG.java:251)
at org.testng.remote.RemoteTestNG.main(RemoteTestNG.java:77)
]]>
    </error>
  </testcase> <!-- TC12 -->
  <testcase classname="allPages.CustomerList" name="TC12" time="87.028">
    <skipped/>
  </testcase> <!-- TC12 -->
  <testcase classname="allPages.CustomerList" name="TC12" time="85.980">
    <skipped/>
  </testcase> <!-- TC12 -->
  <testcase classname="allPages.CustomerList" name="TC12" time="85.488">
    <skipped/>
  </testcase> <!-- TC12 -->
  <testcase classname="allPages.CustomerList" name="TC12" time="83.052">
    <skipped/>
  </testcase> <!-- TC12 -->
  <testcase classname="allPages.CustomerList" name="TC12" time="82.385">
    <skipped/>
  </testcase> <!-- TC12 -->
  <testcase classname="allPages.CustomerList" name="TC13" time="85.373">
    <skipped/>
  </testcase> <!-- TC13 -->
  <testcase classname="allPages.CustomerList" name="TC13" time="83.387">
    <skipped/>
  </testcase> <!-- TC13 -->
  <testcase classname="allPages.CustomerList" name="TC13" time="91.026">
    <skipped/>
  </testcase> <!-- TC13 -->
  <testcase classname="allPages.CustomerList" name="TC13" time="86.479">
    <skipped/>
  </testcase> <!-- TC13 -->
  <testcase classname="allPages.CustomerList" name="TC13" time="85.008">
    <error message="element not interactable
  (Session info: chrome=125.0.6422.76)
Build info: version: &#039;4.18.1&#039;, revision: &#039;b1d3319b48&#039;
System info: os.name: &#039;Windows 11&#039;, os.arch: &#039;amd64&#039;, os.version: &#039;10.0&#039;, java.version: &#039;21.0.2&#039;
Driver info: org.openqa.selenium.chrome.ChromeDriver
Command: [690693e7862d6235158a6e19e50e7d91, clickElement {id=f.82C0DEC5B822AE5BBB8A09D329CF603D.d.BF16DE9B56C9320CF5175FB0C8E422D3.e.81}]
Capabilities {acceptInsecureCerts: false, browserName: chrome, browserVersion: 125.0.6422.76, chrome: {chromedriverVersion: 125.0.6422.78 (14db42ec38ad..., userDataDir: C:\Users\THIRUM~1\AppData\L...}, fedcm:accounts: true, goog:chromeOptions: {debuggerAddress: localhost:51336}, networkConnectionEnabled: false, pageLoadStrategy: normal, platformName: windows, proxy: Proxy(), se:cdp: ws://localhost:51336/devtoo..., se:cdpVersion: 125.0.6422.76, setWindowRect: true, strictFileInteractability: false, timeouts: {implicit: 0, pageLoad: 300000, script: 30000}, unhandledPromptBehavior: dismiss and notify, webauthn:extension:credBlob: true, webauthn:extension:largeBlob: true, webauthn:extension:minPinLength: true, webauthn:extension:prf: true, webauthn:virtualAuthenticators: true}
Element: [[ChromeDriver: chrome on windows (690693e7862d6235158a6e19e50e7d91)] -&gt; xpath: //*[@id=&quot;kt_content_container&quot;]/div/div[1]/div[2]/div/div[1]/a/div/div]
Session ID: 690693e7862d6235158a6e19e50e7d91" type="org.openqa.selenium.ElementNotInteractableException">
      <![CDATA[org.openqa.selenium.ElementNotInteractableException: element not interactable
  (Session info: chrome=125.0.6422.76)
Build info: version: '4.18.1', revision: 'b1d3319b48'
System info: os.name: 'Windows 11', os.arch: 'amd64', os.version: '10.0', java.version: '21.0.2'
Driver info: org.openqa.selenium.chrome.ChromeDriver
Command: [690693e7862d6235158a6e19e50e7d91, clickElement {id=f.82C0DEC5B822AE5BBB8A09D329CF603D.d.BF16DE9B56C9320CF5175FB0C8E422D3.e.81}]
Capabilities {acceptInsecureCerts: false, browserName: chrome, browserVersion: 125.0.6422.76, chrome: {chromedriverVersion: 125.0.6422.78 (14db42ec38ad..., userDataDir: C:\Users\THIRUM~1\AppData\L...}, fedcm:accounts: true, goog:chromeOptions: {debuggerAddress: localhost:51336}, networkConnectionEnabled: false, pageLoadStrategy: normal, platformName: windows, proxy: Proxy(), se:cdp: ws://localhost:51336/devtoo..., se:cdpVersion: 125.0.6422.76, setWindowRect: true, strictFileInteractability: false, timeouts: {implicit: 0, pageLoad: 300000, script: 30000}, unhandledPromptBehavior: dismiss and notify, webauthn:extension:credBlob: true, webauthn:extension:largeBlob: true, webauthn:extension:minPinLength: true, webauthn:extension:prf: true, webauthn:virtualAuthenticators: true}
Element: [[ChromeDriver: chrome on windows (690693e7862d6235158a6e19e50e7d91)] -> xpath: //*[@id="kt_content_container"]/div/div[1]/div[2]/div/div[1]/a/div/div]
Session ID: 690693e7862d6235158a6e19e50e7d91
at java.base/jdk.internal.reflect.DirectConstructorHandleAccessor.newInstance(DirectConstructorHandleAccessor.java:62)
at java.base/java.lang.reflect.Constructor.newInstanceWithCaller(Constructor.java:502)
at java.base/java.lang.reflect.Constructor.newInstance(Constructor.java:486)
at org.openqa.selenium.remote.ErrorCodec.decode(ErrorCodec.java:167)
at org.openqa.selenium.remote.codec.w3c.W3CHttpResponseCodec.decode(W3CHttpResponseCodec.java:138)
at org.openqa.selenium.remote.codec.w3c.W3CHttpResponseCodec.decode(W3CHttpResponseCodec.java:50)
at org.openqa.selenium.remote.HttpCommandExecutor.execute(HttpCommandExecutor.java:190)
at org.openqa.selenium.remote.service.DriverCommandExecutor.invokeExecute(DriverCommandExecutor.java:216)
at org.openqa.selenium.remote.service.DriverCommandExecutor.execute(DriverCommandExecutor.java:174)
at org.openqa.selenium.remote.RemoteWebDriver.execute(RemoteWebDriver.java:519)
at org.openqa.selenium.remote.RemoteWebElement.execute(RemoteWebElement.java:223)
at org.openqa.selenium.remote.RemoteWebElement.click(RemoteWebElement.java:76)
at allPages.CustomerList.TC13(CustomerList.java:481)
at java.base/jdk.internal.reflect.DirectMethodHandleAccessor.invoke(DirectMethodHandleAccessor.java:103)
at java.base/java.lang.reflect.Method.invoke(Method.java:580)
at org.testng.internal.invokers.MethodInvocationHelper.invokeMethod(MethodInvocationHelper.java:139)
at org.testng.internal.invokers.TestInvoker.invokeMethod(TestInvoker.java:664)
at org.testng.internal.invokers.TestInvoker.retryFailed(TestInvoker.java:249)
at org.testng.internal.invokers.MethodRunner.runInSequence(MethodRunner.java:76)
at org.testng.internal.invokers.TestInvoker$MethodInvocationAgent.invoke(TestInvoker.java:961)
at org.testng.internal.invokers.TestInvoker.invokeTestMethods(TestInvoker.java:201)
at org.testng.internal.invokers.TestMethodWorker.invokeTestMethods(TestMethodWorker.java:148)
at org.testng.internal.invokers.TestMethodWorker.run(TestMethodWorker.java:128)
at java.base/java.util.ArrayList.forEach(ArrayList.java:1596)
at org.testng.TestRunner.privateRun(TestRunner.java:819)
at org.testng.TestRunner.run(TestRunner.java:619)
at org.testng.SuiteRunner.runTest(SuiteRunner.java:443)
at org.testng.SuiteRunner.runSequentially(SuiteRunner.java:437)
at org.testng.SuiteRunner.privateRun(SuiteRunner.java:397)
at org.testng.SuiteRunner.run(SuiteRunner.java:336)
at org.testng.SuiteRunnerWorker.runSuite(SuiteRunnerWorker.java:52)
at org.testng.SuiteRunnerWorker.run(SuiteRunnerWorker.java:95)
at org.testng.TestNG.runSuitesSequentially(TestNG.java:1301)
at org.testng.TestNG.runSuitesLocally(TestNG.java:1228)
at org.testng.TestNG.runSuites(TestNG.java:1134)
at org.testng.TestNG.run(TestNG.java:1101)
at org.testng.remote.AbstractRemoteTestNG.run(AbstractRemoteTestNG.java:115)
at org.testng.remote.RemoteTestNG.initAndRun(RemoteTestNG.java:251)
at org.testng.remote.RemoteTestNG.main(RemoteTestNG.java:77)
]]>
    </error>
  </testcase> <!-- TC13 -->
  <testcase classname="allPages.CustomerList" name="TC13" time="83.146">
    <skipped/>
  </testcase> <!-- TC13 -->
  <testcase classname="allPages.CustomerList" name="TC14" time="80.609">
    <skipped/>
  </testcase> <!-- TC14 -->
  <testcase classname="allPages.CustomerList" name="TC14" time="80.818">
    <skipped/>
  </testcase> <!-- TC14 -->
  <testcase classname="allPages.CustomerList" name="TC14" time="32.491"/>
  <testcase classname="allPages.CustomerList" name="TC14" time="82.380">
    <skipped/>
  </testcase> <!-- TC14 -->
  <testcase classname="allPages.CustomerList" name="TC15" time="23.381"/>
  <testcase classname="allPages.CustomerList" name="TC16" time="19.982"/>
  <testcase classname="allPages.CustomerList" name="TC18" time="20.378"/>
  <testcase classname="allPages.CustomerList" name="TC19" time="18.714"/>
  <testcase classname="allPages.CustomerList" name="TC20" time="21.064"/>
  <testcase classname="allPages.CustomerList" name="TC21" time="25.130"/>
  <testcase classname="allPages.CustomerList" name="TC22" time="24.465"/>
  <testcase classname="allPages.CustomerList" name="TC23" time="22.733"/>
  <testcase classname="allPages.CustomerList" name="TC24" time="26.254"/>
  <testcase classname="allPages.CustomerList" name="TC25" time="30.061"/>
  <testcase classname="allPages.CustomerList" name="TC26" time="27.539"/>
  <testcase classname="allPages.CustomerList" name="TC27" time="23.328"/>
  <testcase classname="allPages.CustomerList" name="TC28" time="24.463"/>
  <testcase classname="allPages.CustomerList" name="TC29" time="36.921"/>
  <testcase classname="allPages.CustomerList" name="TC30" time="29.173"/>
  <testcase classname="allPages.CustomerList" name="TC31" time="26.301"/>
  <testcase classname="allPages.CustomerList" name="TC32" time="25.049"/>
  <testcase classname="allPages.CustomerList" name="TC34" time="22.731"/>
  <testcase classname="allPages.CustomerList" name="TC35" time="22.996"/>
  <testcase classname="allPages.CustomerList" name="TC36" time="23.237"/>
  <testcase classname="allPages.CustomerList" name="TC37" time="23.750"/>
  <testcase classname="allPages.CustomerList" name="TC38" time="23.227"/>
  <testcase classname="allPages.CustomerList" name="TC39" time="24.057"/>
  <testcase classname="allPages.CustomerList" name="TC40" time="25.254"/>
  <testcase classname="allPages.CustomerList" name="TC41" time="24.244"/>
  <testcase classname="allPages.CustomerList" name="TC42" time="26.159"/>
  <testcase classname="allPages.CustomerList" name="TC42" time="87.650">
    <skipped/>
  </testcase> <!-- TC42 -->
  <testcase classname="allPages.CustomerList" name="TC42" time="86.301">
    <skipped/>
  </testcase> <!-- TC42 -->
  <testcase classname="allPages.CustomerList" name="TC43" time="29.133"/>
  <testcase classname="allPages.CustomerList" name="TC44" time="23.323"/>
  <testcase classname="allPages.CustomerList" name="TC45" time="20.141"/>
  <testcase classname="allPages.CustomerList" name="TC46" time="28.167"/>
  <testcase classname="allPages.CustomerList" name="TC47" time="24.155"/>
  <testcase classname="allPages.CustomerList" name="TC48" time="27.270"/>
  <testcase classname="allPages.CustomerList" name="TC49" time="30.787"/>
  <testcase classname="allPages.CustomerList" name="TC50" time="24.050"/>
  <testcase classname="allPages.CustomerList" name="TC51" time="18.880"/>
  <testcase classname="allPages.CustomerList" name="TC51" time="18.610">
    <skipped/>
  </testcase> <!-- TC51 -->
  <testcase classname="allPages.CustomerList" name="TC52" time="37.434"/>
  <testcase classname="allPages.CustomerList" name="TC53" time="30.016"/>
  <testcase classname="allPages.CustomerList" name="TC54" time="36.876"/>
  <testcase classname="allPages.CustomerList" name="TC55" time="81.776">
    <skipped/>
  </testcase> <!-- TC55 -->
  <testcase classname="allPages.CustomerList" name="TC55" time="21.739"/>
  <testcase classname="allPages.CustomerList" name="TC56" time="35.880"/>
  <testcase classname="allPages.CustomerList" name="TC58" time="31.263"/>
  <testcase classname="allPages.CustomerList" name="TC59" time="32.613"/>
  <testcase classname="allPages.CustomerList" name="TC57" time="28.308"/>
  <testcase classname="allPages.CustomerList" name="TC60" time="82.533">
    <skipped/>
  </testcase> <!-- TC60 -->
  <testcase classname="allPages.CustomerList" name="TC60" time="83.560">
    <skipped/>
  </testcase> <!-- TC60 -->
  <testcase classname="allPages.CustomerList" name="TC60" time="82.607">
    <skipped/>
  </testcase> <!-- TC60 -->
  <testcase classname="allPages.CustomerList" name="TC60" time="82.004">
    <skipped/>
  </testcase> <!-- TC60 -->
  <testcase classname="allPages.CustomerList" name="TC60" time="29.871"/>
  <testcase classname="allPages.CustomerList" name="TC60" time="83.885">
    <skipped/>
  </testcase> <!-- TC60 -->
  <testcase classname="allPages.CustomerList" name="TC61" time="81.520">
    <skipped/>
  </testcase> <!-- TC61 -->
  <testcase classname="allPages.CustomerList" name="TC61" time="29.881"/>
  <testcase classname="allPages.CustomerList" name="TC62" time="27.956"/>
  <testcase classname="allPages.CustomerList" name="TC63" time="36.712"/>
  <testcase classname="allPages.CustomerList" name="TC64" time="28.152"/>
  <testcase classname="allPages.CustomerList" name="TC65" time="34.195"/>
  <testcase classname="allPages.CustomerList" name="TC66" time="28.951"/>
  <testcase classname="allPages.CustomerList" name="TC67" time="27.359"/>
  <testcase classname="allPages.CustomerList" name="TC68" time="32.459"/>
  <testcase classname="allPages.CustomerList" name="TC69" time="37.750"/>
  <testcase classname="allPages.CustomerList" name="TC70" time="29.411"/>
  <testcase classname="allPages.CustomerList" name="TC71" time="33.751"/>
  <testcase classname="allPages.CustomerList" name="TC33" time="28.053"/>
</testsuite> <!-- allPages.CustomerList -->
