<?xml version="1.0" encoding="UTF-8"?>
<!-- Generated by org.testng.reporters.JUnitReportReporter -->
<testsuite hostname="SSSLT025" failures="0" tests="54" name="allPages.InstallerSetup" time="2296.592" errors="3" timestamp="2024-05-21T20:16:54 IST" skipped="25">
  <testcase classname="allPages.InstallerSetup" name="InstallerBtnClick" time="17.016"/>
  <testcase classname="allPages.InstallerSetup" name="TC01" time="26.482"/>
  <testcase classname="allPages.InstallerSetup" name="EnterAllDetails" time="21.956"/>
  <testcase classname="allPages.InstallerSetup" name="TC02" time="24.198"/>
  <testcase classname="allPages.InstallerSetup" name="TC03" time="22.501"/>
  <testcase classname="allPages.InstallerSetup" name="TC04" time="20.514"/>
  <testcase classname="allPages.InstallerSetup" name="TC06" time="18.322"/>
  <testcase classname="allPages.InstallerSetup" name="TC07" time="22.765"/>
  <testcase classname="allPages.InstallerSetup" name="TC08" time="31.969"/>
  <testcase classname="allPages.InstallerSetup" name="TC10" time="32.909"/>
  <testcase classname="allPages.InstallerSetup" name="TC09" time="30.461"/>
  <testcase classname="allPages.InstallerSetup" name="TC11" time="22.409">
    <skipped/>
  </testcase> <!-- TC11 -->
  <testcase classname="allPages.InstallerSetup" name="TC11" time="26.387"/>
  <testcase classname="allPages.InstallerSetup" name="TC14" time="29.398"/>
  <testcase classname="allPages.InstallerSetup" name="TC14" time="80.171">
    <skipped/>
  </testcase> <!-- TC14 -->
  <testcase classname="allPages.InstallerSetup" name="TC14" time="80.209">
    <skipped/>
  </testcase> <!-- TC14 -->
  <testcase classname="allPages.InstallerSetup" name="TC15" time="78.151">
    <skipped/>
  </testcase> <!-- TC15 -->
  <testcase classname="allPages.InstallerSetup" name="TC15" time="29.384">
    <skipped/>
  </testcase> <!-- TC15 -->
  <testcase classname="allPages.InstallerSetup" name="TC15" time="26.477">
    <skipped/>
  </testcase> <!-- TC15 -->
  <testcase classname="allPages.InstallerSetup" name="TC15" time="78.344">
    <skipped/>
  </testcase> <!-- TC15 -->
  <testcase classname="allPages.InstallerSetup" name="TC15" time="32.026">
    <error message="cannot open system clipboard" type="java.lang.IllegalStateException">
      <![CDATA[java.lang.IllegalStateException: cannot open system clipboard
at java.desktop/sun.awt.windows.WClipboard.openClipboard(Native Method)
at java.desktop/sun.awt.windows.WClipboard.setContentsNative(WClipboard.java:75)
at java.desktop/sun.awt.datatransfer.SunClipboard.setContents(SunClipboard.java:105)
at allPages.InstallerSetup.TC15(InstallerSetup.java:443)
at java.base/jdk.internal.reflect.DirectMethodHandleAccessor.invoke(DirectMethodHandleAccessor.java:103)
at java.base/java.lang.reflect.Method.invoke(Method.java:580)
at org.testng.internal.invokers.MethodInvocationHelper.invokeMethod(MethodInvocationHelper.java:139)
at org.testng.internal.invokers.TestInvoker.invokeMethod(TestInvoker.java:664)
at org.testng.internal.invokers.TestInvoker.retryFailed(TestInvoker.java:249)
at org.testng.internal.invokers.MethodRunner.runInSequence(MethodRunner.java:76)
at org.testng.internal.invokers.TestInvoker$MethodInvocationAgent.invoke(TestInvoker.java:961)
at org.testng.internal.invokers.TestInvoker.invokeTestMethods(TestInvoker.java:201)
at org.testng.internal.invokers.TestMethodWorker.invokeTestMethods(TestMethodWorker.java:148)
at org.testng.internal.invokers.TestMethodWorker.run(TestMethodWorker.java:128)
at java.base/java.util.ArrayList.forEach(ArrayList.java:1596)
at org.testng.TestRunner.privateRun(TestRunner.java:819)
at org.testng.TestRunner.run(TestRunner.java:619)
at org.testng.SuiteRunner.runTest(SuiteRunner.java:443)
at org.testng.SuiteRunner.runSequentially(SuiteRunner.java:437)
at org.testng.SuiteRunner.privateRun(SuiteRunner.java:397)
at org.testng.SuiteRunner.run(SuiteRunner.java:336)
at org.testng.SuiteRunnerWorker.runSuite(SuiteRunnerWorker.java:52)
at org.testng.SuiteRunnerWorker.run(SuiteRunnerWorker.java:95)
at org.testng.TestNG.runSuitesSequentially(TestNG.java:1301)
at org.testng.TestNG.runSuitesLocally(TestNG.java:1228)
at org.testng.TestNG.runSuites(TestNG.java:1134)
at org.testng.TestNG.run(TestNG.java:1101)
at org.testng.remote.AbstractRemoteTestNG.run(AbstractRemoteTestNG.java:115)
at org.testng.remote.RemoteTestNG.initAndRun(RemoteTestNG.java:251)
at org.testng.remote.RemoteTestNG.main(RemoteTestNG.java:77)
]]>
    </error>
  </testcase> <!-- TC15 -->
  <testcase classname="allPages.InstallerSetup" name="TC15" time="81.466">
    <skipped/>
  </testcase> <!-- TC15 -->
  <testcase classname="allPages.InstallerSetup" name="TC16" time="84.436">
    <skipped/>
  </testcase> <!-- TC16 -->
  <testcase classname="allPages.InstallerSetup" name="TC16" time="24.895">
    <skipped/>
  </testcase> <!-- TC16 -->
  <testcase classname="allPages.InstallerSetup" name="TC16" time="79.974">
    <error message="no such element: Unable to locate element: {&quot;method&quot;:&quot;xpath&quot;,&quot;selector&quot;:&quot;//*[@id=&quot;kt_table_users&quot;]/tbody/tr/td[8]/div/div/a/span&quot;}
  (Session info: chrome=125.0.6422.61)
For documentation on this error, please visit: https://www.selenium.dev/documentation/webdriver/troubleshooting/errors#no-such-element-exception
Build info: version: &#039;4.18.1&#039;, revision: &#039;b1d3319b48&#039;
System info: os.name: &#039;Windows 11&#039;, os.arch: &#039;amd64&#039;, os.version: &#039;10.0&#039;, java.version: &#039;21.0.2&#039;
Driver info: org.openqa.selenium.chrome.ChromeDriver
Command: [de5359cf193569221090d11a56c40567, findElement {value=//*[@id=&quot;kt_table_users&quot;]/tbody/tr/td[8]/div/div/a/span, using=xpath}]
Capabilities {acceptInsecureCerts: false, browserName: chrome, browserVersion: 125.0.6422.61, chrome: {chromedriverVersion: 125.0.6422.60 (3ac3319bff9f..., userDataDir: C:\Users\THIRUM~1\AppData\L...}, fedcm:accounts: true, goog:chromeOptions: {debuggerAddress: localhost:52077}, networkConnectionEnabled: false, pageLoadStrategy: normal, platformName: windows, proxy: Proxy(), se:cdp: ws://localhost:52077/devtoo..., se:cdpVersion: 125.0.6422.61, setWindowRect: true, strictFileInteractability: false, timeouts: {implicit: 0, pageLoad: 300000, script: 30000}, unhandledPromptBehavior: dismiss and notify, webauthn:extension:credBlob: true, webauthn:extension:largeBlob: true, webauthn:extension:minPinLength: true, webauthn:extension:prf: true, webauthn:virtualAuthenticators: true}
Session ID: de5359cf193569221090d11a56c40567" type="org.openqa.selenium.NoSuchElementException">
      <![CDATA[org.openqa.selenium.NoSuchElementException: no such element: Unable to locate element: {"method":"xpath","selector":"//*[@id="kt_table_users"]/tbody/tr/td[8]/div/div/a/span"}
  (Session info: chrome=125.0.6422.61)
For documentation on this error, please visit: https://www.selenium.dev/documentation/webdriver/troubleshooting/errors#no-such-element-exception
Build info: version: '4.18.1', revision: 'b1d3319b48'
System info: os.name: 'Windows 11', os.arch: 'amd64', os.version: '10.0', java.version: '21.0.2'
Driver info: org.openqa.selenium.chrome.ChromeDriver
Command: [de5359cf193569221090d11a56c40567, findElement {value=//*[@id="kt_table_users"]/tbody/tr/td[8]/div/div/a/span, using=xpath}]
Capabilities {acceptInsecureCerts: false, browserName: chrome, browserVersion: 125.0.6422.61, chrome: {chromedriverVersion: 125.0.6422.60 (3ac3319bff9f..., userDataDir: C:\Users\THIRUM~1\AppData\L...}, fedcm:accounts: true, goog:chromeOptions: {debuggerAddress: localhost:52077}, networkConnectionEnabled: false, pageLoadStrategy: normal, platformName: windows, proxy: Proxy(), se:cdp: ws://localhost:52077/devtoo..., se:cdpVersion: 125.0.6422.61, setWindowRect: true, strictFileInteractability: false, timeouts: {implicit: 0, pageLoad: 300000, script: 30000}, unhandledPromptBehavior: dismiss and notify, webauthn:extension:credBlob: true, webauthn:extension:largeBlob: true, webauthn:extension:minPinLength: true, webauthn:extension:prf: true, webauthn:virtualAuthenticators: true}
Session ID: de5359cf193569221090d11a56c40567
at java.base/jdk.internal.reflect.DirectConstructorHandleAccessor.newInstance(DirectConstructorHandleAccessor.java:62)
at java.base/java.lang.reflect.Constructor.newInstanceWithCaller(Constructor.java:502)
at java.base/java.lang.reflect.Constructor.newInstance(Constructor.java:486)
at org.openqa.selenium.remote.ErrorCodec.decode(ErrorCodec.java:167)
at org.openqa.selenium.remote.codec.w3c.W3CHttpResponseCodec.decode(W3CHttpResponseCodec.java:138)
at org.openqa.selenium.remote.codec.w3c.W3CHttpResponseCodec.decode(W3CHttpResponseCodec.java:50)
at org.openqa.selenium.remote.HttpCommandExecutor.execute(HttpCommandExecutor.java:190)
at org.openqa.selenium.remote.service.DriverCommandExecutor.invokeExecute(DriverCommandExecutor.java:216)
at org.openqa.selenium.remote.service.DriverCommandExecutor.execute(DriverCommandExecutor.java:174)
at org.openqa.selenium.remote.RemoteWebDriver.execute(RemoteWebDriver.java:519)
at org.openqa.selenium.remote.ElementLocation$ElementFinder$2.findElement(ElementLocation.java:165)
at org.openqa.selenium.remote.ElementLocation.findElement(ElementLocation.java:59)
at org.openqa.selenium.remote.RemoteWebDriver.findElement(RemoteWebDriver.java:356)
at org.openqa.selenium.remote.RemoteWebDriver.findElement(RemoteWebDriver.java:350)
at allPages.InstallerSetup.TC16(InstallerSetup.java:466)
at java.base/jdk.internal.reflect.DirectMethodHandleAccessor.invoke(DirectMethodHandleAccessor.java:103)
at java.base/java.lang.reflect.Method.invoke(Method.java:580)
at org.testng.internal.invokers.MethodInvocationHelper.invokeMethod(MethodInvocationHelper.java:139)
at org.testng.internal.invokers.TestInvoker.invokeMethod(TestInvoker.java:664)
at org.testng.internal.invokers.TestInvoker.retryFailed(TestInvoker.java:249)
at org.testng.internal.invokers.MethodRunner.runInSequence(MethodRunner.java:76)
at org.testng.internal.invokers.TestInvoker$MethodInvocationAgent.invoke(TestInvoker.java:961)
at org.testng.internal.invokers.TestInvoker.invokeTestMethods(TestInvoker.java:201)
at org.testng.internal.invokers.TestMethodWorker.invokeTestMethods(TestMethodWorker.java:148)
at org.testng.internal.invokers.TestMethodWorker.run(TestMethodWorker.java:128)
at java.base/java.util.ArrayList.forEach(ArrayList.java:1596)
at org.testng.TestRunner.privateRun(TestRunner.java:819)
at org.testng.TestRunner.run(TestRunner.java:619)
at org.testng.SuiteRunner.runTest(SuiteRunner.java:443)
at org.testng.SuiteRunner.runSequentially(SuiteRunner.java:437)
at org.testng.SuiteRunner.privateRun(SuiteRunner.java:397)
at org.testng.SuiteRunner.run(SuiteRunner.java:336)
at org.testng.SuiteRunnerWorker.runSuite(SuiteRunnerWorker.java:52)
at org.testng.SuiteRunnerWorker.run(SuiteRunnerWorker.java:95)
at org.testng.TestNG.runSuitesSequentially(TestNG.java:1301)
at org.testng.TestNG.runSuitesLocally(TestNG.java:1228)
at org.testng.TestNG.runSuites(TestNG.java:1134)
at org.testng.TestNG.run(TestNG.java:1101)
at org.testng.remote.AbstractRemoteTestNG.run(AbstractRemoteTestNG.java:115)
at org.testng.remote.RemoteTestNG.initAndRun(RemoteTestNG.java:251)
at org.testng.remote.RemoteTestNG.main(RemoteTestNG.java:77)
]]>
    </error>
  </testcase> <!-- TC16 -->
  <testcase classname="allPages.InstallerSetup" name="TC16" time="26.069">
    <skipped/>
  </testcase> <!-- TC16 -->
  <testcase classname="allPages.InstallerSetup" name="TC16" time="26.921">
    <skipped/>
  </testcase> <!-- TC16 -->
  <testcase classname="allPages.InstallerSetup" name="TC16" time="79.796">
    <skipped/>
  </testcase> <!-- TC16 -->
  <testcase classname="allPages.InstallerSetup" name="TC17" time="78.627">
    <error message="no such element: Unable to locate element: {&quot;method&quot;:&quot;xpath&quot;,&quot;selector&quot;:&quot;//*[@id=&quot;kt_table_users&quot;]/tbody/tr/td[8]/div/div/a/span&quot;}
  (Session info: chrome=125.0.6422.61)
For documentation on this error, please visit: https://www.selenium.dev/documentation/webdriver/troubleshooting/errors#no-such-element-exception
Build info: version: &#039;4.18.1&#039;, revision: &#039;b1d3319b48&#039;
System info: os.name: &#039;Windows 11&#039;, os.arch: &#039;amd64&#039;, os.version: &#039;10.0&#039;, java.version: &#039;21.0.2&#039;
Driver info: org.openqa.selenium.chrome.ChromeDriver
Command: [20e1a9a62d2e1e69a27cb94621824348, findElement {value=//*[@id=&quot;kt_table_users&quot;]/tbody/tr/td[8]/div/div/a/span, using=xpath}]
Capabilities {acceptInsecureCerts: false, browserName: chrome, browserVersion: 125.0.6422.61, chrome: {chromedriverVersion: 125.0.6422.60 (3ac3319bff9f..., userDataDir: C:\Users\THIRUM~1\AppData\L...}, fedcm:accounts: true, goog:chromeOptions: {debuggerAddress: localhost:52245}, networkConnectionEnabled: false, pageLoadStrategy: normal, platformName: windows, proxy: Proxy(), se:cdp: ws://localhost:52245/devtoo..., se:cdpVersion: 125.0.6422.61, setWindowRect: true, strictFileInteractability: false, timeouts: {implicit: 0, pageLoad: 300000, script: 30000}, unhandledPromptBehavior: dismiss and notify, webauthn:extension:credBlob: true, webauthn:extension:largeBlob: true, webauthn:extension:minPinLength: true, webauthn:extension:prf: true, webauthn:virtualAuthenticators: true}
Session ID: 20e1a9a62d2e1e69a27cb94621824348" type="org.openqa.selenium.NoSuchElementException">
      <![CDATA[org.openqa.selenium.NoSuchElementException: no such element: Unable to locate element: {"method":"xpath","selector":"//*[@id="kt_table_users"]/tbody/tr/td[8]/div/div/a/span"}
  (Session info: chrome=125.0.6422.61)
For documentation on this error, please visit: https://www.selenium.dev/documentation/webdriver/troubleshooting/errors#no-such-element-exception
Build info: version: '4.18.1', revision: 'b1d3319b48'
System info: os.name: 'Windows 11', os.arch: 'amd64', os.version: '10.0', java.version: '21.0.2'
Driver info: org.openqa.selenium.chrome.ChromeDriver
Command: [20e1a9a62d2e1e69a27cb94621824348, findElement {value=//*[@id="kt_table_users"]/tbody/tr/td[8]/div/div/a/span, using=xpath}]
Capabilities {acceptInsecureCerts: false, browserName: chrome, browserVersion: 125.0.6422.61, chrome: {chromedriverVersion: 125.0.6422.60 (3ac3319bff9f..., userDataDir: C:\Users\THIRUM~1\AppData\L...}, fedcm:accounts: true, goog:chromeOptions: {debuggerAddress: localhost:52245}, networkConnectionEnabled: false, pageLoadStrategy: normal, platformName: windows, proxy: Proxy(), se:cdp: ws://localhost:52245/devtoo..., se:cdpVersion: 125.0.6422.61, setWindowRect: true, strictFileInteractability: false, timeouts: {implicit: 0, pageLoad: 300000, script: 30000}, unhandledPromptBehavior: dismiss and notify, webauthn:extension:credBlob: true, webauthn:extension:largeBlob: true, webauthn:extension:minPinLength: true, webauthn:extension:prf: true, webauthn:virtualAuthenticators: true}
Session ID: 20e1a9a62d2e1e69a27cb94621824348
at java.base/jdk.internal.reflect.DirectConstructorHandleAccessor.newInstance(DirectConstructorHandleAccessor.java:62)
at java.base/java.lang.reflect.Constructor.newInstanceWithCaller(Constructor.java:502)
at java.base/java.lang.reflect.Constructor.newInstance(Constructor.java:486)
at org.openqa.selenium.remote.ErrorCodec.decode(ErrorCodec.java:167)
at org.openqa.selenium.remote.codec.w3c.W3CHttpResponseCodec.decode(W3CHttpResponseCodec.java:138)
at org.openqa.selenium.remote.codec.w3c.W3CHttpResponseCodec.decode(W3CHttpResponseCodec.java:50)
at org.openqa.selenium.remote.HttpCommandExecutor.execute(HttpCommandExecutor.java:190)
at org.openqa.selenium.remote.service.DriverCommandExecutor.invokeExecute(DriverCommandExecutor.java:216)
at org.openqa.selenium.remote.service.DriverCommandExecutor.execute(DriverCommandExecutor.java:174)
at org.openqa.selenium.remote.RemoteWebDriver.execute(RemoteWebDriver.java:519)
at org.openqa.selenium.remote.ElementLocation$ElementFinder$2.findElement(ElementLocation.java:165)
at org.openqa.selenium.remote.ElementLocation.findElement(ElementLocation.java:59)
at org.openqa.selenium.remote.RemoteWebDriver.findElement(RemoteWebDriver.java:356)
at org.openqa.selenium.remote.RemoteWebDriver.findElement(RemoteWebDriver.java:350)
at allPages.InstallerSetup.TC17(InstallerSetup.java:502)
at java.base/jdk.internal.reflect.DirectMethodHandleAccessor.invoke(DirectMethodHandleAccessor.java:103)
at java.base/java.lang.reflect.Method.invoke(Method.java:580)
at org.testng.internal.invokers.MethodInvocationHelper.invokeMethod(MethodInvocationHelper.java:139)
at org.testng.internal.invokers.TestInvoker.invokeMethod(TestInvoker.java:664)
at org.testng.internal.invokers.TestInvoker.retryFailed(TestInvoker.java:249)
at org.testng.internal.invokers.MethodRunner.runInSequence(MethodRunner.java:76)
at org.testng.internal.invokers.TestInvoker$MethodInvocationAgent.invoke(TestInvoker.java:961)
at org.testng.internal.invokers.TestInvoker.invokeTestMethods(TestInvoker.java:201)
at org.testng.internal.invokers.TestMethodWorker.invokeTestMethods(TestMethodWorker.java:148)
at org.testng.internal.invokers.TestMethodWorker.run(TestMethodWorker.java:128)
at java.base/java.util.ArrayList.forEach(ArrayList.java:1596)
at org.testng.TestRunner.privateRun(TestRunner.java:819)
at org.testng.TestRunner.run(TestRunner.java:619)
at org.testng.SuiteRunner.runTest(SuiteRunner.java:443)
at org.testng.SuiteRunner.runSequentially(SuiteRunner.java:437)
at org.testng.SuiteRunner.privateRun(SuiteRunner.java:397)
at org.testng.SuiteRunner.run(SuiteRunner.java:336)
at org.testng.SuiteRunnerWorker.runSuite(SuiteRunnerWorker.java:52)
at org.testng.SuiteRunnerWorker.run(SuiteRunnerWorker.java:95)
at org.testng.TestNG.runSuitesSequentially(TestNG.java:1301)
at org.testng.TestNG.runSuitesLocally(TestNG.java:1228)
at org.testng.TestNG.runSuites(TestNG.java:1134)
at org.testng.TestNG.run(TestNG.java:1101)
at org.testng.remote.AbstractRemoteTestNG.run(AbstractRemoteTestNG.java:115)
at org.testng.remote.RemoteTestNG.initAndRun(RemoteTestNG.java:251)
at org.testng.remote.RemoteTestNG.main(RemoteTestNG.java:77)
]]>
    </error>
  </testcase> <!-- TC17 -->
  <testcase classname="allPages.InstallerSetup" name="TC17" time="25.038">
    <skipped/>
  </testcase> <!-- TC17 -->
  <testcase classname="allPages.InstallerSetup" name="TC17" time="80.657">
    <skipped/>
  </testcase> <!-- TC17 -->
  <testcase classname="allPages.InstallerSetup" name="TC17" time="25.523">
    <skipped/>
  </testcase> <!-- TC17 -->
  <testcase classname="allPages.InstallerSetup" name="TC17" time="26.510">
    <skipped/>
  </testcase> <!-- TC17 -->
  <testcase classname="allPages.InstallerSetup" name="TC17" time="78.630">
    <skipped/>
  </testcase> <!-- TC17 -->
  <testcase classname="allPages.InstallerSetup" name="TC18" time="79.897">
    <skipped/>
  </testcase> <!-- TC18 -->
  <testcase classname="allPages.InstallerSetup" name="TC18" time="23.610"/>
  <testcase classname="allPages.InstallerSetup" name="TC19" time="20.435"/>
  <testcase classname="allPages.InstallerSetup" name="TC20" time="18.319"/>
  <testcase classname="allPages.InstallerSetup" name="TC21" time="28.685"/>
  <testcase classname="allPages.InstallerSetup" name="TC21" time="80.803">
    <skipped/>
  </testcase> <!-- TC21 -->
  <testcase classname="allPages.InstallerSetup" name="TC22" time="76.490">
    <skipped/>
  </testcase> <!-- TC22 -->
  <testcase classname="allPages.InstallerSetup" name="TC22" time="81.629">
    <skipped/>
  </testcase> <!-- TC22 -->
  <testcase classname="allPages.InstallerSetup" name="TC22" time="25.024"/>
  <testcase classname="allPages.InstallerSetup" name="TC22" time="85.356">
    <skipped/>
  </testcase> <!-- TC22 -->
  <testcase classname="allPages.InstallerSetup" name="TC23" time="29.013"/>
  <testcase classname="allPages.InstallerSetup" name="TC25" time="22.050"/>
  <testcase classname="allPages.InstallerSetup" name="TC26" time="29.176"/>
  <testcase classname="allPages.InstallerSetup" name="TC27" time="27.538"/>
  <testcase classname="allPages.InstallerSetup" name="TC28" time="79.274">
    <skipped/>
  </testcase> <!-- TC28 -->
  <testcase classname="allPages.InstallerSetup" name="TC28" time="28.839"/>
  <testcase classname="allPages.InstallerSetup" name="TC29" time="32.320"/>
  <testcase classname="allPages.InstallerSetup" name="TC30" time="34.727"/>
  <testcase classname="allPages.InstallerSetup" name="TC31" time="22.816"/>
  <testcase classname="allPages.InstallerSetup" name="TC24">
    <skipped/>
  </testcase> <!-- TC24 -->
</testsuite> <!-- allPages.InstallerSetup -->
