<?xml version="1.0" encoding="UTF-8"?>
<!-- Generated by org.testng.reporters.JUnitReportReporter -->
<testsuite hostname="SSSLT025" failures="0" tests="77" name="allPages.InvoicePayAndCreate" time="3540.017" errors="2" timestamp="2024-05-25T08:18:28 IST" skipped="25">
  <testcase classname="allPages.InvoicePayAndCreate" name="InvoicePayClick" time="18.141"/>
  <testcase classname="allPages.InvoicePayAndCreate" name="CreateInvoiceClick" time="13.616"/>
  <testcase classname="allPages.InvoicePayAndCreate" name="TC01" time="20.082"/>
  <testcase classname="allPages.InvoicePayAndCreate" name="TC02" time="23.043"/>
  <testcase classname="allPages.InvoicePayAndCreate" name="TC03" time="27.752"/>
  <testcase classname="allPages.InvoicePayAndCreate" name="TC03" time="23.890">
    <skipped/>
  </testcase> <!-- TC03 -->
  <testcase classname="allPages.InvoicePayAndCreate" name="TC04" time="28.272"/>
  <testcase classname="allPages.InvoicePayAndCreate" name="TC06" time="26.314"/>
  <testcase classname="allPages.InvoicePayAndCreate" name="TC07" time="23.918"/>
  <testcase classname="allPages.InvoicePayAndCreate" name="TC07" time="82.278">
    <skipped/>
  </testcase> <!-- TC07 -->
  <testcase classname="allPages.InvoicePayAndCreate" name="TC07" time="23.609">
    <skipped/>
  </testcase> <!-- TC07 -->
  <testcase classname="allPages.InvoicePayAndCreate" name="TC07" time="22.834">
    <skipped/>
  </testcase> <!-- TC07 -->
  <testcase classname="allPages.InvoicePayAndCreate" name="TC08" time="22.402">
    <skipped/>
  </testcase> <!-- TC08 -->
  <testcase classname="allPages.InvoicePayAndCreate" name="TC08" time="22.614"/>
  <testcase classname="allPages.InvoicePayAndCreate" name="TC09" time="24.312"/>
  <testcase classname="allPages.InvoicePayAndCreate" name="TC10" time="27.774"/>
  <testcase classname="allPages.InvoicePayAndCreate" name="TC11" time="27.102"/>
  <testcase classname="allPages.InvoicePayAndCreate" name="TC12" time="35.489"/>
  <testcase classname="allPages.InvoicePayAndCreate" name="TC13" time="40.382"/>
  <testcase classname="allPages.InvoicePayAndCreate" name="TC14" time="36.120"/>
  <testcase classname="allPages.InvoicePayAndCreate" name="TC15" time="38.918"/>
  <testcase classname="allPages.InvoicePayAndCreate" name="TC16" time="41.671"/>
  <testcase classname="allPages.InvoicePayAndCreate" name="TC17" time="37.841"/>
  <testcase classname="allPages.InvoicePayAndCreate" name="TC18" time="37.748"/>
  <testcase classname="allPages.InvoicePayAndCreate" name="TC19" time="35.853"/>
  <testcase classname="allPages.InvoicePayAndCreate" name="TC20" time="37.273"/>
  <testcase classname="allPages.InvoicePayAndCreate" name="TC21" time="32.578"/>
  <testcase classname="allPages.InvoicePayAndCreate" name="TC22" time="30.208"/>
  <testcase classname="allPages.InvoicePayAndCreate" name="TC23" time="32.819"/>
  <testcase classname="allPages.InvoicePayAndCreate" name="TC24" time="29.913"/>
  <testcase classname="allPages.InvoicePayAndCreate" name="TC25" time="32.752"/>
  <testcase classname="allPages.InvoicePayAndCreate" name="TC26" time="94.688"/>
  <testcase classname="allPages.InvoicePayAndCreate" name="TC27" time="154.428">
    <skipped/>
  </testcase> <!-- TC27 -->
  <testcase classname="allPages.InvoicePayAndCreate" name="TC27" time="41.983"/>
  <testcase classname="allPages.InvoicePayAndCreate" name="TC28" time="33.246"/>
  <testcase classname="allPages.InvoicePayAndCreate" name="TC29" time="35.716"/>
  <testcase classname="allPages.InvoicePayAndCreate" name="TC30" time="31.361"/>
  <testcase classname="allPages.InvoicePayAndCreate" name="TC31" time="25.900"/>
  <testcase classname="allPages.InvoicePayAndCreate" name="TC32" time="24.070"/>
  <testcase classname="allPages.InvoicePayAndCreate" name="TC33" time="25.547"/>
  <testcase classname="allPages.InvoicePayAndCreate" name="TC34" time="31.252"/>
  <testcase classname="allPages.InvoicePayAndCreate" name="TC35" time="29.841"/>
  <testcase classname="allPages.InvoicePayAndCreate" name="TC36" time="22.443"/>
  <testcase classname="allPages.InvoicePayAndCreate" name="TC37" time="22.324"/>
  <testcase classname="allPages.InvoicePayAndCreate" name="TC38" time="24.141"/>
  <testcase classname="allPages.InvoicePayAndCreate" name="TC39" time="20.965"/>
  <testcase classname="allPages.InvoicePayAndCreate" name="TC40" time="25.283"/>
  <testcase classname="allPages.InvoicePayAndCreate" name="TC41" time="26.297"/>
  <testcase classname="allPages.InvoicePayAndCreate" name="TC42" time="14.745"/>
  <testcase classname="allPages.InvoicePayAndCreate" name="TC43" time="18.808"/>
  <testcase classname="allPages.InvoicePayAndCreate" name="TC44" time="17.904"/>
  <testcase classname="allPages.InvoicePayAndCreate" name="TC44a" time="27.919"/>
  <testcase classname="allPages.InvoicePayAndCreate" name="TC44a" time="90.883">
    <skipped/>
  </testcase> <!-- TC44a -->
  <testcase classname="allPages.InvoicePayAndCreate" name="TC44a" time="87.770">
    <skipped/>
  </testcase> <!-- TC44a -->
  <testcase classname="allPages.InvoicePayAndCreate" name="TC45" time="25.192"/>
  <testcase classname="allPages.InvoicePayAndCreate" name="TC46" time="81.032">
    <skipped/>
  </testcase> <!-- TC46 -->
  <testcase classname="allPages.InvoicePayAndCreate" name="TC46" time="83.204">
    <error message="element not interactable
  (Session info: chrome=125.0.6422.76)
Build info: version: &#039;4.18.1&#039;, revision: &#039;b1d3319b48&#039;
System info: os.name: &#039;Windows 11&#039;, os.arch: &#039;amd64&#039;, os.version: &#039;10.0&#039;, java.version: &#039;21.0.2&#039;
Driver info: org.openqa.selenium.chrome.ChromeDriver
Command: [f490257657eb843474ddd11ae621f778, clickElement {id=f.9BF55101C82307C7E4C90B1AFDF3D9D3.d.6D3E4D58FC241FD936C2DB9DE9EBB7B1.e.89}]
Capabilities {acceptInsecureCerts: false, browserName: chrome, browserVersion: 125.0.6422.76, chrome: {chromedriverVersion: 125.0.6422.78 (14db42ec38ad..., userDataDir: C:\Users\THIRUM~1\AppData\L...}, fedcm:accounts: true, goog:chromeOptions: {debuggerAddress: localhost:57989}, networkConnectionEnabled: false, pageLoadStrategy: normal, platformName: windows, proxy: Proxy(), se:cdp: ws://localhost:57989/devtoo..., se:cdpVersion: 125.0.6422.76, setWindowRect: true, strictFileInteractability: false, timeouts: {implicit: 0, pageLoad: 300000, script: 30000}, unhandledPromptBehavior: dismiss and notify, webauthn:extension:credBlob: true, webauthn:extension:largeBlob: true, webauthn:extension:minPinLength: true, webauthn:extension:prf: true, webauthn:virtualAuthenticators: true}
Element: [[ChromeDriver: chrome on windows (f490257657eb843474ddd11ae621f778)] -&gt; xpath: //*[@id=&quot;kt_content_container&quot;]/div/div[2]/div[1]/div/div/div/div/div[5]/div/div/div/div]
Session ID: f490257657eb843474ddd11ae621f778" type="org.openqa.selenium.ElementNotInteractableException">
      <![CDATA[org.openqa.selenium.ElementNotInteractableException: element not interactable
  (Session info: chrome=125.0.6422.76)
Build info: version: '4.18.1', revision: 'b1d3319b48'
System info: os.name: 'Windows 11', os.arch: 'amd64', os.version: '10.0', java.version: '21.0.2'
Driver info: org.openqa.selenium.chrome.ChromeDriver
Command: [f490257657eb843474ddd11ae621f778, clickElement {id=f.9BF55101C82307C7E4C90B1AFDF3D9D3.d.6D3E4D58FC241FD936C2DB9DE9EBB7B1.e.89}]
Capabilities {acceptInsecureCerts: false, browserName: chrome, browserVersion: 125.0.6422.76, chrome: {chromedriverVersion: 125.0.6422.78 (14db42ec38ad..., userDataDir: C:\Users\THIRUM~1\AppData\L...}, fedcm:accounts: true, goog:chromeOptions: {debuggerAddress: localhost:57989}, networkConnectionEnabled: false, pageLoadStrategy: normal, platformName: windows, proxy: Proxy(), se:cdp: ws://localhost:57989/devtoo..., se:cdpVersion: 125.0.6422.76, setWindowRect: true, strictFileInteractability: false, timeouts: {implicit: 0, pageLoad: 300000, script: 30000}, unhandledPromptBehavior: dismiss and notify, webauthn:extension:credBlob: true, webauthn:extension:largeBlob: true, webauthn:extension:minPinLength: true, webauthn:extension:prf: true, webauthn:virtualAuthenticators: true}
Element: [[ChromeDriver: chrome on windows (f490257657eb843474ddd11ae621f778)] -> xpath: //*[@id="kt_content_container"]/div/div[2]/div[1]/div/div/div/div/div[5]/div/div/div/div]
Session ID: f490257657eb843474ddd11ae621f778
at java.base/jdk.internal.reflect.DirectConstructorHandleAccessor.newInstance(DirectConstructorHandleAccessor.java:62)
at java.base/java.lang.reflect.Constructor.newInstanceWithCaller(Constructor.java:502)
at java.base/java.lang.reflect.Constructor.newInstance(Constructor.java:486)
at org.openqa.selenium.remote.ErrorCodec.decode(ErrorCodec.java:167)
at org.openqa.selenium.remote.codec.w3c.W3CHttpResponseCodec.decode(W3CHttpResponseCodec.java:138)
at org.openqa.selenium.remote.codec.w3c.W3CHttpResponseCodec.decode(W3CHttpResponseCodec.java:50)
at org.openqa.selenium.remote.HttpCommandExecutor.execute(HttpCommandExecutor.java:190)
at org.openqa.selenium.remote.service.DriverCommandExecutor.invokeExecute(DriverCommandExecutor.java:216)
at org.openqa.selenium.remote.service.DriverCommandExecutor.execute(DriverCommandExecutor.java:174)
at org.openqa.selenium.remote.RemoteWebDriver.execute(RemoteWebDriver.java:519)
at org.openqa.selenium.remote.RemoteWebElement.execute(RemoteWebElement.java:223)
at org.openqa.selenium.remote.RemoteWebElement.click(RemoteWebElement.java:76)
at allPages.InvoicePayAndCreate.TC45(InvoicePayAndCreate.java:918)
at allPages.InvoicePayAndCreate.TC46(InvoicePayAndCreate.java:935)
at java.base/jdk.internal.reflect.DirectMethodHandleAccessor.invoke(DirectMethodHandleAccessor.java:103)
at java.base/java.lang.reflect.Method.invoke(Method.java:580)
at org.testng.internal.invokers.MethodInvocationHelper.invokeMethod(MethodInvocationHelper.java:139)
at org.testng.internal.invokers.TestInvoker.invokeMethod(TestInvoker.java:664)
at org.testng.internal.invokers.TestInvoker.retryFailed(TestInvoker.java:249)
at org.testng.internal.invokers.MethodRunner.runInSequence(MethodRunner.java:76)
at org.testng.internal.invokers.TestInvoker$MethodInvocationAgent.invoke(TestInvoker.java:961)
at org.testng.internal.invokers.TestInvoker.invokeTestMethods(TestInvoker.java:201)
at org.testng.internal.invokers.TestMethodWorker.invokeTestMethods(TestMethodWorker.java:148)
at org.testng.internal.invokers.TestMethodWorker.run(TestMethodWorker.java:128)
at java.base/java.util.ArrayList.forEach(ArrayList.java:1596)
at org.testng.TestRunner.privateRun(TestRunner.java:819)
at org.testng.TestRunner.run(TestRunner.java:619)
at org.testng.SuiteRunner.runTest(SuiteRunner.java:443)
at org.testng.SuiteRunner.runSequentially(SuiteRunner.java:437)
at org.testng.SuiteRunner.privateRun(SuiteRunner.java:397)
at org.testng.SuiteRunner.run(SuiteRunner.java:336)
at org.testng.SuiteRunnerWorker.runSuite(SuiteRunnerWorker.java:52)
at org.testng.SuiteRunnerWorker.run(SuiteRunnerWorker.java:95)
at org.testng.TestNG.runSuitesSequentially(TestNG.java:1301)
at org.testng.TestNG.runSuitesLocally(TestNG.java:1228)
at org.testng.TestNG.runSuites(TestNG.java:1134)
at org.testng.TestNG.run(TestNG.java:1101)
at org.testng.remote.AbstractRemoteTestNG.run(AbstractRemoteTestNG.java:115)
at org.testng.remote.RemoteTestNG.initAndRun(RemoteTestNG.java:251)
at org.testng.remote.RemoteTestNG.main(RemoteTestNG.java:77)
]]>
    </error>
  </testcase> <!-- TC46 -->
  <testcase classname="allPages.InvoicePayAndCreate" name="TC46" time="82.288">
    <skipped/>
  </testcase> <!-- TC46 -->
  <testcase classname="allPages.InvoicePayAndCreate" name="TC46" time="82.909">
    <skipped/>
  </testcase> <!-- TC46 -->
  <testcase classname="allPages.InvoicePayAndCreate" name="TC46" time="80.780">
    <skipped/>
  </testcase> <!-- TC46 -->
  <testcase classname="allPages.InvoicePayAndCreate" name="TC46" time="81.591">
    <skipped/>
  </testcase> <!-- TC46 -->
  <testcase classname="allPages.InvoicePayAndCreate" name="TC47" time="83.325">
    <skipped/>
  </testcase> <!-- TC47 -->
  <testcase classname="allPages.InvoicePayAndCreate" name="TC47" time="81.410">
    <skipped/>
  </testcase> <!-- TC47 -->
  <testcase classname="allPages.InvoicePayAndCreate" name="TC47" time="81.919">
    <skipped/>
  </testcase> <!-- TC47 -->
  <testcase classname="allPages.InvoicePayAndCreate" name="TC47" time="80.846">
    <skipped/>
  </testcase> <!-- TC47 -->
  <testcase classname="allPages.InvoicePayAndCreate" name="TC47" time="79.953">
    <skipped/>
  </testcase> <!-- TC47 -->
  <testcase classname="allPages.InvoicePayAndCreate" name="TC47" time="81.361">
    <error message="element not interactable
  (Session info: chrome=125.0.6422.76)
Build info: version: &#039;4.18.1&#039;, revision: &#039;b1d3319b48&#039;
System info: os.name: &#039;Windows 11&#039;, os.arch: &#039;amd64&#039;, os.version: &#039;10.0&#039;, java.version: &#039;21.0.2&#039;
Driver info: org.openqa.selenium.chrome.ChromeDriver
Command: [6c2b551039ce46904239266cd45d1d86, clickElement {id=f.732727FF666DB622B8DAEBD63A7467AE.d.93A26F47E9516BA6BDADCA975AA991E8.e.94}]
Capabilities {acceptInsecureCerts: false, browserName: chrome, browserVersion: 125.0.6422.76, chrome: {chromedriverVersion: 125.0.6422.78 (14db42ec38ad..., userDataDir: C:\Users\THIRUM~1\AppData\L...}, fedcm:accounts: true, goog:chromeOptions: {debuggerAddress: localhost:58622}, networkConnectionEnabled: false, pageLoadStrategy: normal, platformName: windows, proxy: Proxy(), se:cdp: ws://localhost:58622/devtoo..., se:cdpVersion: 125.0.6422.76, setWindowRect: true, strictFileInteractability: false, timeouts: {implicit: 0, pageLoad: 300000, script: 30000}, unhandledPromptBehavior: dismiss and notify, webauthn:extension:credBlob: true, webauthn:extension:largeBlob: true, webauthn:extension:minPinLength: true, webauthn:extension:prf: true, webauthn:virtualAuthenticators: true}
Element: [[ChromeDriver: chrome on windows (6c2b551039ce46904239266cd45d1d86)] -&gt; xpath: //*[@id=&quot;kt_content_container&quot;]/div/div[2]/div[1]/div/div/div/div/div[5]/div/div/div/div]
Session ID: 6c2b551039ce46904239266cd45d1d86" type="org.openqa.selenium.ElementNotInteractableException">
      <![CDATA[org.openqa.selenium.ElementNotInteractableException: element not interactable
  (Session info: chrome=125.0.6422.76)
Build info: version: '4.18.1', revision: 'b1d3319b48'
System info: os.name: 'Windows 11', os.arch: 'amd64', os.version: '10.0', java.version: '21.0.2'
Driver info: org.openqa.selenium.chrome.ChromeDriver
Command: [6c2b551039ce46904239266cd45d1d86, clickElement {id=f.732727FF666DB622B8DAEBD63A7467AE.d.93A26F47E9516BA6BDADCA975AA991E8.e.94}]
Capabilities {acceptInsecureCerts: false, browserName: chrome, browserVersion: 125.0.6422.76, chrome: {chromedriverVersion: 125.0.6422.78 (14db42ec38ad..., userDataDir: C:\Users\THIRUM~1\AppData\L...}, fedcm:accounts: true, goog:chromeOptions: {debuggerAddress: localhost:58622}, networkConnectionEnabled: false, pageLoadStrategy: normal, platformName: windows, proxy: Proxy(), se:cdp: ws://localhost:58622/devtoo..., se:cdpVersion: 125.0.6422.76, setWindowRect: true, strictFileInteractability: false, timeouts: {implicit: 0, pageLoad: 300000, script: 30000}, unhandledPromptBehavior: dismiss and notify, webauthn:extension:credBlob: true, webauthn:extension:largeBlob: true, webauthn:extension:minPinLength: true, webauthn:extension:prf: true, webauthn:virtualAuthenticators: true}
Element: [[ChromeDriver: chrome on windows (6c2b551039ce46904239266cd45d1d86)] -> xpath: //*[@id="kt_content_container"]/div/div[2]/div[1]/div/div/div/div/div[5]/div/div/div/div]
Session ID: 6c2b551039ce46904239266cd45d1d86
at java.base/jdk.internal.reflect.DirectConstructorHandleAccessor.newInstance(DirectConstructorHandleAccessor.java:62)
at java.base/java.lang.reflect.Constructor.newInstanceWithCaller(Constructor.java:502)
at java.base/java.lang.reflect.Constructor.newInstance(Constructor.java:486)
at org.openqa.selenium.remote.ErrorCodec.decode(ErrorCodec.java:167)
at org.openqa.selenium.remote.codec.w3c.W3CHttpResponseCodec.decode(W3CHttpResponseCodec.java:138)
at org.openqa.selenium.remote.codec.w3c.W3CHttpResponseCodec.decode(W3CHttpResponseCodec.java:50)
at org.openqa.selenium.remote.HttpCommandExecutor.execute(HttpCommandExecutor.java:190)
at org.openqa.selenium.remote.service.DriverCommandExecutor.invokeExecute(DriverCommandExecutor.java:216)
at org.openqa.selenium.remote.service.DriverCommandExecutor.execute(DriverCommandExecutor.java:174)
at org.openqa.selenium.remote.RemoteWebDriver.execute(RemoteWebDriver.java:519)
at org.openqa.selenium.remote.RemoteWebElement.execute(RemoteWebElement.java:223)
at org.openqa.selenium.remote.RemoteWebElement.click(RemoteWebElement.java:76)
at allPages.InvoicePayAndCreate.TC45(InvoicePayAndCreate.java:918)
at allPages.InvoicePayAndCreate.TC47(InvoicePayAndCreate.java:952)
at java.base/jdk.internal.reflect.DirectMethodHandleAccessor.invoke(DirectMethodHandleAccessor.java:103)
at java.base/java.lang.reflect.Method.invoke(Method.java:580)
at org.testng.internal.invokers.MethodInvocationHelper.invokeMethod(MethodInvocationHelper.java:139)
at org.testng.internal.invokers.TestInvoker.invokeMethod(TestInvoker.java:664)
at org.testng.internal.invokers.TestInvoker.retryFailed(TestInvoker.java:249)
at org.testng.internal.invokers.MethodRunner.runInSequence(MethodRunner.java:76)
at org.testng.internal.invokers.TestInvoker$MethodInvocationAgent.invoke(TestInvoker.java:961)
at org.testng.internal.invokers.TestInvoker.invokeTestMethods(TestInvoker.java:201)
at org.testng.internal.invokers.TestMethodWorker.invokeTestMethods(TestMethodWorker.java:148)
at org.testng.internal.invokers.TestMethodWorker.run(TestMethodWorker.java:128)
at java.base/java.util.ArrayList.forEach(ArrayList.java:1596)
at org.testng.TestRunner.privateRun(TestRunner.java:819)
at org.testng.TestRunner.run(TestRunner.java:619)
at org.testng.SuiteRunner.runTest(SuiteRunner.java:443)
at org.testng.SuiteRunner.runSequentially(SuiteRunner.java:437)
at org.testng.SuiteRunner.privateRun(SuiteRunner.java:397)
at org.testng.SuiteRunner.run(SuiteRunner.java:336)
at org.testng.SuiteRunnerWorker.runSuite(SuiteRunnerWorker.java:52)
at org.testng.SuiteRunnerWorker.run(SuiteRunnerWorker.java:95)
at org.testng.TestNG.runSuitesSequentially(TestNG.java:1301)
at org.testng.TestNG.runSuitesLocally(TestNG.java:1228)
at org.testng.TestNG.runSuites(TestNG.java:1134)
at org.testng.TestNG.run(TestNG.java:1101)
at org.testng.remote.AbstractRemoteTestNG.run(AbstractRemoteTestNG.java:115)
at org.testng.remote.RemoteTestNG.initAndRun(RemoteTestNG.java:251)
at org.testng.remote.RemoteTestNG.main(RemoteTestNG.java:77)
]]>
    </error>
  </testcase> <!-- TC47 -->
  <testcase classname="allPages.InvoicePayAndCreate" name="TC48" time="29.195"/>
  <testcase classname="allPages.InvoicePayAndCreate" name="TC48" time="79.886">
    <skipped/>
  </testcase> <!-- TC48 -->
  <testcase classname="allPages.InvoicePayAndCreate" name="TC48" time="82.490">
    <skipped/>
  </testcase> <!-- TC48 -->
  <testcase classname="allPages.InvoicePayAndCreate" name="TC49" time="81.930">
    <skipped/>
  </testcase> <!-- TC49 -->
  <testcase classname="allPages.InvoicePayAndCreate" name="TC49" time="81.941">
    <skipped/>
  </testcase> <!-- TC49 -->
  <testcase classname="allPages.InvoicePayAndCreate" name="TC49" time="82.258">
    <skipped/>
  </testcase> <!-- TC49 -->
  <testcase classname="allPages.InvoicePayAndCreate" name="TC49" time="25.360"/>
  <testcase classname="allPages.InvoicePayAndCreate" name="TC49" time="82.551">
    <skipped/>
  </testcase> <!-- TC49 -->
  <testcase classname="allPages.InvoicePayAndCreate" name="TC49" time="81.582">
    <skipped/>
  </testcase> <!-- TC49 -->
  <testcase classname="allPages.InvoicePayAndCreate" name="TC50" time="21.982"/>
</testsuite> <!-- allPages.InvoicePayAndCreate -->
